<?xml version="1.0" encoding="UTF-8"?>
<!-- Generated by org.testng.reporters.JUnitXMLReporter -->
<testsuite ignored="0" hostname="DESKTOP-2FG08GB" failures="0" tests="7" name="CheckBoxtest" time="95.577" errors="0" timestamp="2024-05-15T18:39:57 IST">
  <testcase classname="tests.CheckBoxtest" name="clickOnClose" time="0.564"/>
  <testcase classname="tests.CheckBoxtest" name="clickOnpractice" time="5.705"/>
  <testcase classname="tests.CheckBoxtest" name="clickOnElement" time="0.202"/>
  <testcase classname="tests.CheckBoxtest" name="clickcheckBox" time="0.66"/>
  <testcase classname="tests.CheckBoxtest" name="clickMobile" time="0.823"/>
  <testcase classname="tests.CheckBoxtest" name="clickonLaptop" time="0.381"/>
  <testcase classname="tests.CheckBoxtest" name="clickonDeskTop" time="0.339"/>
</testsuite> <!-- CheckBoxtest -->
