<?xml version="1.0" encoding="UTF-8"?>
<!-- Generated by org.testng.reporters.JUnitXMLReporter -->
<testsuite ignored="0" hostname="DESKTOP-2FG08GB" failures="0" tests="4" name="LoginTest" time="43.244" errors="0" timestamp="2024-05-14T21:30:18 IST">
  <testcase classname="tests.LoginTest" name="closeButton" time="1.079"/>
  <testcase classname="tests.LoginTest" name="getTitle" time="0.048"/>
  <testcase classname="tests.LoginTest" name="getUrl" time="0.165"/>
  <testcase classname="tests.LoginTest" name="practiceButton" time="5.794"/>
</testsuite> <!-- LoginTest -->
