<?xml version="1.0" encoding="UTF-8"?>
<!-- Generated by org.testng.reporters.JUnitXMLReporter -->
<testsuite ignored="4" hostname="DESKTOP-2FG08GB" failures="0" tests="6" name="Test" time="23.164" errors="0" timestamp="2024-05-10T15:20:51 IST">
  <testcase classname="tests.TextBoxtest" name="clickOnClose" time="0.402"/>
  <testcase classname="tests.TextBoxtest" name="clickOnpractice" time="2.365"/>
  <testcase classname="tests.TextBoxtest" name="clickOnElement" time="0.197"/>
  <testcase classname="tests.TextBoxtest" name="clickOntext" time="0.326"/>
  <testcase classname="tests.TextBoxtest" name="fillDetails" time="4.335"/>
  <testcase classname="tests.TextBoxtest" name="getValidate" time="0.995"/>
  <testcase classname="tests.LoginTest" name="getUrl" time="0.0">
    <ignored/>
  </testcase> <!-- getUrl -->
  <testcase classname="tests.LoginTest" name="closeButton" time="0.0">
    <ignored/>
  </testcase> <!-- closeButton -->
  <testcase classname="tests.LoginTest" name="getTitle" time="0.0">
    <ignored/>
  </testcase> <!-- getTitle -->
  <testcase classname="tests.LoginTest" name="practiceButton" time="0.0">
    <ignored/>
  </testcase> <!-- practiceButton -->
</testsuite> <!-- Test -->
