<?xml version="1.0" encoding="UTF-8"?>
<!-- Generated by org.testng.reporters.JUnitXMLReporter -->
<testsuite ignored="0" hostname="DESKTOP-2FG08GB" failures="0" tests="6" name="TextBoxtest" time="72.537" errors="0" timestamp="2024-05-14T21:32:17 IST">
  <testcase classname="tests.TextBoxtest" name="clickOnClose" time="5.277"/>
  <testcase classname="tests.TextBoxtest" name="clickOnpractice" time="8.484"/>
  <testcase classname="tests.TextBoxtest" name="clickOnElement" time="0.442"/>
  <testcase classname="tests.TextBoxtest" name="clickOntext" time="0.407"/>
  <testcase classname="tests.TextBoxtest" name="fillDetails" time="16.041"/>
  <testcase classname="tests.TextBoxtest" name="getValidate" time="1.346"/>
</testsuite> <!-- TextBoxtest -->
