<?xml version="1.0" encoding="UTF-8"?>
<!-- Generated by org.testng.reporters.JUnitXMLReporter -->
<testsuite ignored="0" hostname="DESKTOP-2FG08GB" failures="0" tests="6" name="AlertPage" time="52.965" errors="0" timestamp="2024-06-10T12:40:56 IST">
  <testcase classname="tests.AlertTest" name="clickOnAlert" time="0.41"/>
  <testcase classname="tests.AlertTest" name="AlertButton" time="0.236"/>
  <testcase classname="tests.AlertTest" name="ClickOnme" time="0.275"/>
  <testcase classname="tests.AlertTest" name="Clicknextbutton" time="5.557"/>
  <testcase classname="tests.AlertTest" name="ConfirmBox" time="0.234"/>
  <testcase classname="tests.AlertTest" name="PromptMsg" time="0.317"/>
</testsuite> <!-- AlertPage -->
