<?xml version="1.0" encoding="UTF-8"?>
<!-- Generated by org.testng.reporters.JUnitXMLReporter -->
<testsuite ignored="0" hostname="DESKTOP-2FG08GB" failures="0" tests="5" name="ButtonPage" time="59.219" errors="0" timestamp="2024-06-24T22:23:02 IST">
  <testcase classname="tests.ButtonsTest" name="clickOnElement" time="0.286"/>
  <testcase classname="tests.ButtonsTest" name="clickButton" time="0.243"/>
  <testcase classname="tests.ButtonsTest" name="Doubleclick" time="0.388"/>
  <testcase classname="tests.ButtonsTest" name="Rightclick" time="0.271"/>
  <testcase classname="tests.ButtonsTest" name="clickmeSingle" time="0.223"/>
</testsuite> <!-- ButtonPage -->
