<?xml version="1.0" encoding="UTF-8"?>
<!-- Generated by org.testng.reporters.JUnitXMLReporter -->
<testsuite ignored="2" hostname="DESKTOP-2FG08GB" failures="0" tests="2" name="LoginPage" time="74.64" errors="0" timestamp="2024-05-08T12:50:14 IST">
  <testcase classname="tests.LoginTest" name="closeButton" time="1.467"/>
  <testcase classname="tests.LoginTest" name="practiceButton" time="5.394"/>
  <testcase classname="tests.LoginTest" name="getUrl" time="0.0">
    <ignored/>
  </testcase> <!-- getUrl -->
  <testcase classname="tests.LoginTest" name="getTitle" time="0.0">
    <ignored/>
  </testcase> <!-- getTitle -->
</testsuite> <!-- LoginPage -->
