<?xml version="1.0" encoding="UTF-8"?>
<!-- Generated by org.testng.reporters.JUnitXMLReporter -->
<testsuite ignored="0" hostname="DESKTOP-2FG08GB" failures="0" tests="3" name="NestedFrames" time="46.763" errors="0" timestamp="2024-06-24T20:53:13 IST">
  <testcase classname="tests.NestedTest" name="clickOnAlert" time="0.53"/>
  <testcase classname="tests.NestedTest" name="ClickNested" time="2.602"/>
  <testcase classname="tests.NestedTest" name="ClickChild" time="1.635"/>
</testsuite> <!-- NestedFrames -->
