<?xml version="1.0" encoding="UTF-8"?>
<!-- Generated by org.testng.reporters.JUnitXMLReporter -->
<testsuite ignored="0" hostname="DESKTOP-2FG08GB" failures="0" tests="5" name="RadioButtonTest" time="62.689" errors="0" timestamp="2024-05-16T13:40:48 IST">
  <testcase classname="tests.RadioButtonTest" name="clickOnClose" time="1.368"/>
  <testcase classname="tests.RadioButtonTest" name="clickOnpractice" time="4.232"/>
  <testcase classname="tests.RadioButtonTest" name="clickOnElement" time="0.262"/>
  <testcase classname="tests.RadioButtonTest" name="clickRadio" time="0.685"/>
  <testcase classname="tests.RadioButtonTest" name="YesButton" time="0.46"/>
</testsuite> <!-- RadioButtonTest -->
