<?xml version="1.0" encoding="UTF-8"?>
<!-- Generated by org.testng.reporters.JUnitXMLReporter -->
<testsuite ignored="0" hostname="DESKTOP-2FG08GB" failures="0" tests="6" name="SelectMenupage" time="29.728" errors="0" timestamp="2024-06-24T18:51:34 IST">
  <testcase classname="tests.SelectMenuTest" name="clickWidget" time="0.397"/>
  <testcase classname="tests.SelectMenuTest" name="Menu" time="0.333"/>
  <testcase classname="tests.SelectMenuTest" name="menuPage" time="1.759"/>
  <testcase classname="tests.SelectMenuTest" name="selectTiTle" time="0.818"/>
  <testcase classname="tests.SelectMenuTest" name="OldPaGe" time="0.729"/>
  <testcase classname="tests.SelectMenuTest" name="mulTISelect" time="0.318"/>
</testsuite> <!-- SelectMenupage -->
