<?xml version="1.0" encoding="UTF-8"?>
<!-- Generated by org.testng.reporters.JUnitXMLReporter -->
<testsuite ignored="0" hostname="DESKTOP-2FG08GB" failures="0" tests="3" name="ToolTipspage" time="31.633" errors="0" timestamp="2024-06-24T20:39:56 IST">
  <testcase classname="tests.ToolTipTest" name="clickWidget" time="0.725"/>
  <testcase classname="tests.ToolTipTest" name="clickOnToolTip" time="0.352"/>
  <testcase classname="tests.ToolTipTest" name="getAttribute" time="0.799"/>
</testsuite> <!-- ToolTipspage -->
