<?xml version="1.0" encoding="UTF-8"?>
<!-- Generated by org.testng.reporters.JUnitXMLReporter -->
<testsuite ignored="0" hostname="DESKTOP-2FG08GB" failures="0" tests="3" name="UploadAndDownload" time="52.806" errors="0" timestamp="2024-06-24T18:46:58 IST">
  <testcase classname="tests.UploadDownload" name="clickOnElement" time="0.51"/>
  <testcase classname="tests.UploadDownload" name="ClickOnUpload" time="0.635"/>
  <testcase classname="tests.UploadDownload" name="chooseFile" time="3.171"/>
</testsuite> <!-- UploadAndDownload -->
