<?xml version="1.0" encoding="UTF-8"?>
<!-- Generated by org.testng.reporters.JUnitXMLReporter -->
<testsuite ignored="0" hostname="DESKTOP-2FG08GB" failures="0" tests="6" name="WebTablePage" time="58.116" errors="0" timestamp="2024-05-21T13:06:29 IST">
  <testcase classname="tests.WebTablesTest" name="clickOnClose" time="0.513"/>
  <testcase classname="tests.WebTablesTest" name="clickOnpractice" time="10.151"/>
  <testcase classname="tests.WebTablesTest" name="clickOnElement" time="0.154"/>
  <testcase classname="tests.WebTablesTest" name="clickWebtables" time="0.223"/>
  <testcase classname="tests.WebTablesTest" name="fillDetails" time="12.79"/>
  <testcase classname="tests.WebTablesTest" name="tableUpdate" time="5.95"/>
</testsuite> <!-- WebTablePage -->
