<?xml version="1.0" encoding="UTF-8"?>
<testng-results ignored="0" total="3" passed="0" failed="0" skipped="3">
  <reporter-output>
  </reporter-output>
  <suite started-at="2024-07-02T14:40:35 IST" name="Default suite" finished-at="2024-07-02T14:40:36 IST" duration-ms="518">
    <groups>
    </groups>
    <test started-at="2024-07-02T14:40:35 IST" name="Default test" finished-at="2024-07-02T14:40:36 IST" duration-ms="518">
      <class name="test.Loginpagetest">
        <test-method is-config="true" signature="launchUrl()[pri:0, instance:test.Loginpagetest@61862a7f]" started-at="2024-07-02T14:40:35 IST" name="launchUrl" finished-at="2024-07-02T14:40:36 IST" duration-ms="42" status="FAIL">
          <exception class="java.lang.StackOverflowError">
            <full-stacktrace>
              <![CDATA[java.lang.StackOverflowError
at test.Loginpagetest.launchUrl(Loginpagetest.java:13)
at test.Loginpagetest.launchUrl(Loginpagetest.java:13)
at test.Loginpagetest.launchUrl(Loginpagetest.java:13)
at test.Loginpagetest.launchUrl(Loginpagetest.java:13)
at test.Loginpagetest.launchUrl(Loginpagetest.java:13)
at test.Loginpagetest.launchUrl(Loginpagetest.java:13)
at test.Loginpagetest.launchUrl(Loginpagetest.java:13)
at test.Loginpagetest.launchUrl(Loginpagetest.java:13)
at test.Loginpagetest.launchUrl(Loginpagetest.java:13)
at test.Loginpagetest.launchUrl(Loginpagetest.java:13)
at test.Loginpagetest.launchUrl(Loginpagetest.java:13)
at test.Loginpagetest.launchUrl(Loginpagetest.java:13)
at test.Loginpagetest.launchUrl(Loginpagetest.java:13)
at test.Loginpagetest.launchUrl(Loginpagetest.java:13)
at test.Loginpagetest.launchUrl(Loginpagetest.java:13)
at test.Loginpagetest.launchUrl(Loginpagetest.java:13)
at test.Loginpagetest.launchUrl(Loginpagetest.java:13)
at test.Loginpagetest.launchUrl(Loginpagetest.java:13)
at test.Loginpagetest.launchUrl(Loginpagetest.java:13)
at test.Loginpagetest.launchUrl(Loginpagetest.java:13)
at test.Loginpagetest.launchUrl(Loginpagetest.java:13)
at test.Loginpagetest.launchUrl(Loginpagetest.java:13)
at test.Loginpagetest.launchUrl(Loginpagetest.java:13)
at test.Loginpagetest.launchUrl(Loginpagetest.java:13)
at test.Loginpagetest.launchUrl(Loginpagetest.java:13)
at test.Loginpagetest.launchUrl(Loginpagetest.java:13)
at test.Loginpagetest.launchUrl(Loginpagetest.java:13)
at test.Loginpagetest.launchUrl(Loginpagetest.java:13)
at test.Loginpagetest.launchUrl(Loginpagetest.java:13)
at test.Loginpagetest.launchUrl(Loginpagetest.java:13)
at test.Loginpagetest.launchUrl(Loginpagetest.java:13)
at test.Loginpagetest.launchUrl(Loginpagetest.java:13)
at test.Loginpagetest.launchUrl(Loginpagetest.java:13)
at test.Loginpagetest.launchUrl(Loginpagetest.java:13)
at test.Loginpagetest.launchUrl(Loginpagetest.java:13)
at test.Loginpagetest.launchUrl(Loginpagetest.java:13)
at test.Loginpagetest.launchUrl(Loginpagetest.java:13)
at test.Loginpagetest.launchUrl(Loginpagetest.java:13)
at test.Loginpagetest.launchUrl(Loginpagetest.java:13)
at test.Loginpagetest.launchUrl(Loginpagetest.java:13)
at test.Loginpagetest.launchUrl(Loginpagetest.java:13)
at test.Loginpagetest.launchUrl(Loginpagetest.java:13)
at test.Loginpagetest.launchUrl(Loginpagetest.java:13)
at test.Loginpagetest.launchUrl(Loginpagetest.java:13)
at test.Loginpagetest.launchUrl(Loginpagetest.java:13)
at test.Loginpagetest.launchUrl(Loginpagetest.java:13)
at test.Loginpagetest.launchUrl(Loginpagetest.java:13)
at test.Loginpagetest.launchUrl(Loginpagetest.java:13)
at test.Loginpagetest.launchUrl(Loginpagetest.java:13)
at test.Loginpagetest.launchUrl(Loginpagetest.java:13)
at test.Loginpagetest.launchUrl(Loginpagetest.java:13)
at test.Loginpagetest.launchUrl(Loginpagetest.java:13)
at test.Loginpagetest.launchUrl(Loginpagetest.java:13)
at test.Loginpagetest.launchUrl(Loginpagetest.java:13)
at test.Loginpagetest.launchUrl(Loginpagetest.java:13)
at test.Loginpagetest.launchUrl(Loginpagetest.java:13)
at test.Loginpagetest.launchUrl(Loginpagetest.java:13)
at test.Loginpagetest.launchUrl(Loginpagetest.java:13)
at test.Loginpagetest.launchUrl(Loginpagetest.java:13)
at test.Loginpagetest.launchUrl(Loginpagetest.java:13)
at test.Loginpagetest.launchUrl(Loginpagetest.java:13)
at test.Loginpagetest.launchUrl(Loginpagetest.java:13)
at test.Loginpagetest.launchUrl(Loginpagetest.java:13)
at test.Loginpagetest.launchUrl(Loginpagetest.java:13)
at test.Loginpagetest.launchUrl(Loginpagetest.java:13)
at test.Loginpagetest.launchUrl(Loginpagetest.java:13)
at test.Loginpagetest.launchUrl(Loginpagetest.java:13)
at test.Loginpagetest.launchUrl(Loginpagetest.java:13)
at test.Loginpagetest.launchUrl(Loginpagetest.java:13)
at test.Loginpagetest.launchUrl(Loginpagetest.java:13)
at test.Loginpagetest.launchUrl(Loginpagetest.java:13)
at test.Loginpagetest.launchUrl(Loginpagetest.java:13)
at test.Loginpagetest.launchUrl(Loginpagetest.java:13)
at test.Loginpagetest.launchUrl(Loginpagetest.java:13)
at test.Loginpagetest.launchUrl(Loginpagetest.java:13)
at test.Loginpagetest.launchUrl(Loginpagetest.java:13)
at test.Loginpagetest.launchUrl(Loginpagetest.java:13)
at test.Loginpagetest.launchUrl(Loginpagetest.java:13)
at test.Loginpagetest.launchUrl(Loginpagetest.java:13)
at test.Loginpagetest.launchUrl(Loginpagetest.java:13)
at test.Loginpagetest.launchUrl(Loginpagetest.java:13)
at test.Loginpagetest.launchUrl(Loginpagetest.java:13)
at test.Loginpagetest.launchUrl(Loginpagetest.java:13)
at test.Loginpagetest.launchUrl(Loginpagetest.java:13)
at test.Loginpagetest.launchUrl(Loginpagetest.java:13)
at test.Loginpagetest.launchUrl(Loginpagetest.java:13)
at test.Loginpagetest.launchUrl(Loginpagetest.java:13)
at test.Loginpagetest.launchUrl(Loginpagetest.java:13)
at test.Loginpagetest.launchUrl(Loginpagetest.java:13)
at test.Loginpagetest.launchUrl(Loginpagetest.java:13)
at test.Loginpagetest.launchUrl(Loginpagetest.java:13)
at test.Loginpagetest.launchUrl(Loginpagetest.java:13)
at test.Loginpagetest.launchUrl(Loginpagetest.java:13)
at test.Loginpagetest.launchUrl(Loginpagetest.java:13)
at test.Loginpagetest.launchUrl(Loginpagetest.java:13)
at test.Loginpagetest.launchUrl(Loginpagetest.java:13)
at test.Loginpagetest.launchUrl(Loginpagetest.java:13)
at test.Loginpagetest.launchUrl(Loginpagetest.java:13)
at test.Loginpagetest.launchUrl(Loginpagetest.java:13)
at test.Loginpagetest.launchUrl(Loginpagetest.java:13)
at test.Loginpagetest.launchUrl(Loginpagetest.java:13)
at test.Loginpagetest.launchUrl(Loginpagetest.java:13)
at test.Loginpagetest.launchUrl(Loginpagetest.java:13)
at test.Loginpagetest.launchUrl(Loginpagetest.java:13)
at test.Loginpagetest.launchUrl(Loginpagetest.java:13)
at test.Loginpagetest.launchUrl(Loginpagetest.java:13)
at test.Loginpagetest.launchUrl(Loginpagetest.java:13)
at test.Loginpagetest.launchUrl(Loginpagetest.java:13)
at test.Loginpagetest.launchUrl(Loginpagetest.java:13)
at test.Loginpagetest.launchUrl(Loginpagetest.java:13)
at test.Loginpagetest.launchUrl(Loginpagetest.java:13)
at test.Loginpagetest.launchUrl(Loginpagetest.java:13)
at test.Loginpagetest.launchUrl(Loginpagetest.java:13)
at test.Loginpagetest.launchUrl(Loginpagetest.java:13)
at test.Loginpagetest.launchUrl(Loginpagetest.java:13)
at test.Loginpagetest.launchUrl(Loginpagetest.java:13)
at test.Loginpagetest.launchUrl(Loginpagetest.java:13)
at test.Loginpagetest.launchUrl(Loginpagetest.java:13)
at test.Loginpagetest.launchUrl(Loginpagetest.java:13)
at test.Loginpagetest.launchUrl(Loginpagetest.java:13)
at test.Loginpagetest.launchUrl(Loginpagetest.java:13)
at test.Loginpagetest.launchUrl(Loginpagetest.java:13)
at test.Loginpagetest.launchUrl(Loginpagetest.java:13)
at test.Loginpagetest.launchUrl(Loginpagetest.java:13)
at test.Loginpagetest.launchUrl(Loginpagetest.java:13)
at test.Loginpagetest.launchUrl(Loginpagetest.java:13)
at test.Loginpagetest.launchUrl(Loginpagetest.java:13)
at test.Loginpagetest.launchUrl(Loginpagetest.java:13)
at test.Loginpagetest.launchUrl(Loginpagetest.java:13)
at test.Loginpagetest.launchUrl(Loginpagetest.java:13)
at test.Loginpagetest.launchUrl(Loginpagetest.java:13)
at test.Loginpagetest.launchUrl(Loginpagetest.java:13)
at test.Loginpagetest.launchUrl(Loginpagetest.java:13)
at test.Loginpagetest.launchUrl(Loginpagetest.java:13)
at test.Loginpagetest.launchUrl(Loginpagetest.java:13)
at test.Loginpagetest.launchUrl(Loginpagetest.java:13)
at test.Loginpagetest.launchUrl(Loginpagetest.java:13)
at test.Loginpagetest.launchUrl(Loginpagetest.java:13)
at test.Loginpagetest.launchUrl(Loginpagetest.java:13)
at test.Loginpagetest.launchUrl(Loginpagetest.java:13)
at test.Loginpagetest.launchUrl(Loginpagetest.java:13)
at test.Loginpagetest.launchUrl(Loginpagetest.java:13)
at test.Loginpagetest.launchUrl(Loginpagetest.java:13)
at test.Loginpagetest.launchUrl(Loginpagetest.java:13)
at test.Loginpagetest.launchUrl(Loginpagetest.java:13)
at test.Loginpagetest.launchUrl(Loginpagetest.java:13)
at test.Loginpagetest.launchUrl(Loginpagetest.java:13)
at test.Loginpagetest.launchUrl(Loginpagetest.java:13)
at test.Loginpagetest.launchUrl(Loginpagetest.java:13)
at test.Loginpagetest.launchUrl(Loginpagetest.java:13)
at test.Loginpagetest.launchUrl(Loginpagetest.java:13)
at test.Loginpagetest.launchUrl(Loginpagetest.java:13)
at test.Loginpagetest.launchUrl(Loginpagetest.java:13)
at test.Loginpagetest.launchUrl(Loginpagetest.java:13)
at test.Loginpagetest.launchUrl(Loginpagetest.java:13)
at test.Loginpagetest.launchUrl(Loginpagetest.java:13)
at test.Loginpagetest.launchUrl(Loginpagetest.java:13)
at test.Loginpagetest.launchUrl(Loginpagetest.java:13)
at test.Loginpagetest.launchUrl(Loginpagetest.java:13)
at test.Loginpagetest.launchUrl(Loginpagetest.java:13)
at test.Loginpagetest.launchUrl(Loginpagetest.java:13)
at test.Loginpagetest.launchUrl(Loginpagetest.java:13)
at test.Loginpagetest.launchUrl(Loginpagetest.java:13)
at test.Loginpagetest.launchUrl(Loginpagetest.java:13)
at test.Loginpagetest.launchUrl(Loginpagetest.java:13)
at test.Loginpagetest.launchUrl(Loginpagetest.java:13)
at test.Loginpagetest.launchUrl(Loginpagetest.java:13)
at test.Loginpagetest.launchUrl(Loginpagetest.java:13)
at test.Loginpagetest.launchUrl(Loginpagetest.java:13)
at test.Loginpagetest.launchUrl(Loginpagetest.java:13)
at test.Loginpagetest.launchUrl(Loginpagetest.java:13)
at test.Loginpagetest.launchUrl(Loginpagetest.java:13)
at test.Loginpagetest.launchUrl(Loginpagetest.java:13)
at test.Loginpagetest.launchUrl(Loginpagetest.java:13)
at test.Loginpagetest.launchUrl(Loginpagetest.java:13)
at test.Loginpagetest.launchUrl(Loginpagetest.java:13)
at test.Loginpagetest.launchUrl(Loginpagetest.java:13)
at test.Loginpagetest.launchUrl(Loginpagetest.java:13)
at test.Loginpagetest.launchUrl(Loginpagetest.java:13)
at test.Loginpagetest.launchUrl(Loginpagetest.java:13)
at test.Loginpagetest.launchUrl(Loginpagetest.java:13)
at test.Loginpagetest.launchUrl(Loginpagetest.java:13)
at test.Loginpagetest.launchUrl(Loginpagetest.java:13)
at test.Loginpagetest.launchUrl(Loginpagetest.java:13)
at test.Loginpagetest.launchUrl(Loginpagetest.java:13)
at test.Loginpagetest.launchUrl(Loginpagetest.java:13)
at test.Loginpagetest.launchUrl(Loginpagetest.java:13)
at test.Loginpagetest.launchUrl(Loginpagetest.java:13)
at test.Loginpagetest.launchUrl(Loginpagetest.java:13)
at test.Loginpagetest.launchUrl(Loginpagetest.java:13)
at test.Loginpagetest.launchUrl(Loginpagetest.java:13)
at test.Loginpagetest.launchUrl(Loginpagetest.java:13)
at test.Loginpagetest.launchUrl(Loginpagetest.java:13)
at test.Loginpagetest.launchUrl(Loginpagetest.java:13)
at test.Loginpagetest.launchUrl(Loginpagetest.java:13)
at test.Loginpagetest.launchUrl(Loginpagetest.java:13)
at test.Loginpagetest.launchUrl(Loginpagetest.java:13)
at test.Loginpagetest.launchUrl(Loginpagetest.java:13)
at test.Loginpagetest.launchUrl(Loginpagetest.java:13)
at test.Loginpagetest.launchUrl(Loginpagetest.java:13)
at test.Loginpagetest.launchUrl(Loginpagetest.java:13)
at test.Loginpagetest.launchUrl(Loginpagetest.java:13)
at test.Loginpagetest.launchUrl(Loginpagetest.java:13)
at test.Loginpagetest.launchUrl(Loginpagetest.java:13)
at test.Loginpagetest.launchUrl(Loginpagetest.java:13)
at test.Loginpagetest.launchUrl(Loginpagetest.java:13)
at test.Loginpagetest.launchUrl(Loginpagetest.java:13)
at test.Loginpagetest.launchUrl(Loginpagetest.java:13)
at test.Loginpagetest.launchUrl(Loginpagetest.java:13)
at test.Loginpagetest.launchUrl(Loginpagetest.java:13)
at test.Loginpagetest.launchUrl(Loginpagetest.java:13)
at test.Loginpagetest.launchUrl(Loginpagetest.java:13)
at test.Loginpagetest.launchUrl(Loginpagetest.java:13)
at test.Loginpagetest.launchUrl(Loginpagetest.java:13)
at test.Loginpagetest.launchUrl(Loginpagetest.java:13)
at test.Loginpagetest.launchUrl(Loginpagetest.java:13)
at test.Loginpagetest.launchUrl(Loginpagetest.java:13)
at test.Loginpagetest.launchUrl(Loginpagetest.java:13)
at test.Loginpagetest.launchUrl(Loginpagetest.java:13)
at test.Loginpagetest.launchUrl(Loginpagetest.java:13)
at test.Loginpagetest.launchUrl(Loginpagetest.java:13)
at test.Loginpagetest.launchUrl(Loginpagetest.java:13)
at test.Loginpagetest.launchUrl(Loginpagetest.java:13)
at test.Loginpagetest.launchUrl(Loginpagetest.java:13)
at test.Loginpagetest.launchUrl(Loginpagetest.java:13)
at test.Loginpagetest.launchUrl(Loginpagetest.java:13)
at test.Loginpagetest.launchUrl(Loginpagetest.java:13)
at test.Loginpagetest.launchUrl(Loginpagetest.java:13)
at test.Loginpagetest.launchUrl(Loginpagetest.java:13)
at test.Loginpagetest.launchUrl(Loginpagetest.java:13)
at test.Loginpagetest.launchUrl(Loginpagetest.java:13)
at test.Loginpagetest.launchUrl(Loginpagetest.java:13)
at test.Loginpagetest.launchUrl(Loginpagetest.java:13)
at test.Loginpagetest.launchUrl(Loginpagetest.java:13)
at test.Loginpagetest.launchUrl(Loginpagetest.java:13)
at test.Loginpagetest.launchUrl(Loginpagetest.java:13)
at test.Loginpagetest.launchUrl(Loginpagetest.java:13)
at test.Loginpagetest.launchUrl(Loginpagetest.java:13)
at test.Loginpagetest.launchUrl(Loginpagetest.java:13)
at test.Loginpagetest.launchUrl(Loginpagetest.java:13)
at test.Loginpagetest.launchUrl(Loginpagetest.java:13)
at test.Loginpagetest.launchUrl(Loginpagetest.java:13)
at test.Loginpagetest.launchUrl(Loginpagetest.java:13)
at test.Loginpagetest.launchUrl(Loginpagetest.java:13)
at test.Loginpagetest.launchUrl(Loginpagetest.java:13)
at test.Loginpagetest.launchUrl(Loginpagetest.java:13)
at test.Loginpagetest.launchUrl(Loginpagetest.java:13)
at test.Loginpagetest.launchUrl(Loginpagetest.java:13)
at test.Loginpagetest.launchUrl(Loginpagetest.java:13)
at test.Loginpagetest.launchUrl(Loginpagetest.java:13)
at test.Loginpagetest.launchUrl(Loginpagetest.java:13)
at test.Loginpagetest.launchUrl(Loginpagetest.java:13)
at test.Loginpagetest.launchUrl(Loginpagetest.java:13)
at test.Loginpagetest.launchUrl(Loginpagetest.java:13)
at test.Loginpagetest.launchUrl(Loginpagetest.java:13)
at test.Loginpagetest.launchUrl(Loginpagetest.java:13)
at test.Loginpagetest.launchUrl(Loginpagetest.java:13)
at test.Loginpagetest.launchUrl(Loginpagetest.java:13)
at test.Loginpagetest.launchUrl(Loginpagetest.java:13)
at test.Loginpagetest.launchUrl(Loginpagetest.java:13)
at test.Loginpagetest.launchUrl(Loginpagetest.java:13)
at test.Loginpagetest.launchUrl(Loginpagetest.java:13)
at test.Loginpagetest.launchUrl(Loginpagetest.java:13)
at test.Loginpagetest.launchUrl(Loginpagetest.java:13)
at test.Loginpagetest.launchUrl(Loginpagetest.java:13)
at test.Loginpagetest.launchUrl(Loginpagetest.java:13)
at test.Loginpagetest.launchUrl(Loginpagetest.java:13)
at test.Loginpagetest.launchUrl(Loginpagetest.java:13)
at test.Loginpagetest.launchUrl(Loginpagetest.java:13)
at test.Loginpagetest.launchUrl(Loginpagetest.java:13)
at test.Loginpagetest.launchUrl(Loginpagetest.java:13)
at test.Loginpagetest.launchUrl(Loginpagetest.java:13)
at test.Loginpagetest.launchUrl(Loginpagetest.java:13)
at test.Loginpagetest.launchUrl(Loginpagetest.java:13)
at test.Loginpagetest.launchUrl(Loginpagetest.java:13)
at test.Loginpagetest.launchUrl(Loginpagetest.java:13)
at test.Loginpagetest.launchUrl(Loginpagetest.java:13)
at test.Loginpagetest.launchUrl(Loginpagetest.java:13)
at test.Loginpagetest.launchUrl(Loginpagetest.java:13)
at test.Loginpagetest.launchUrl(Loginpagetest.java:13)
at test.Loginpagetest.launchUrl(Loginpagetest.java:13)
at test.Loginpagetest.launchUrl(Loginpagetest.java:13)
at test.Loginpagetest.launchUrl(Loginpagetest.java:13)
at test.Loginpagetest.launchUrl(Loginpagetest.java:13)
at test.Loginpagetest.launchUrl(Loginpagetest.java:13)
at test.Loginpagetest.launchUrl(Loginpagetest.java:13)
at test.Loginpagetest.launchUrl(Loginpagetest.java:13)
at test.Loginpagetest.launchUrl(Loginpagetest.java:13)
at test.Loginpagetest.launchUrl(Loginpagetest.java:13)
at test.Loginpagetest.launchUrl(Loginpagetest.java:13)
at test.Loginpagetest.launchUrl(Loginpagetest.java:13)
at test.Loginpagetest.launchUrl(Loginpagetest.java:13)
at test.Loginpagetest.launchUrl(Loginpagetest.java:13)
at test.Loginpagetest.launchUrl(Loginpagetest.java:13)
at test.Loginpagetest.launchUrl(Loginpagetest.java:13)
at test.Loginpagetest.launchUrl(Loginpagetest.java:13)
at test.Loginpagetest.launchUrl(Loginpagetest.java:13)
at test.Loginpagetest.launchUrl(Loginpagetest.java:13)
at test.Loginpagetest.launchUrl(Loginpagetest.java:13)
at test.Loginpagetest.launchUrl(Loginpagetest.java:13)
at test.Loginpagetest.launchUrl(Loginpagetest.java:13)
at test.Loginpagetest.launchUrl(Loginpagetest.java:13)
at test.Loginpagetest.launchUrl(Loginpagetest.java:13)
at test.Loginpagetest.launchUrl(Loginpagetest.java:13)
at test.Loginpagetest.launchUrl(Loginpagetest.java:13)
at test.Loginpagetest.launchUrl(Loginpagetest.java:13)
at test.Loginpagetest.launchUrl(Loginpagetest.java:13)
at test.Loginpagetest.launchUrl(Loginpagetest.java:13)
at test.Loginpagetest.launchUrl(Loginpagetest.java:13)
at test.Loginpagetest.launchUrl(Loginpagetest.java:13)
at test.Loginpagetest.launchUrl(Loginpagetest.java:13)
at test.Loginpagetest.launchUrl(Loginpagetest.java:13)
at test.Loginpagetest.launchUrl(Loginpagetest.java:13)
at test.Loginpagetest.launchUrl(Loginpagetest.java:13)
at test.Loginpagetest.launchUrl(Loginpagetest.java:13)
at test.Loginpagetest.launchUrl(Loginpagetest.java:13)
at test.Loginpagetest.launchUrl(Loginpagetest.java:13)
at test.Loginpagetest.launchUrl(Loginpagetest.java:13)
at test.Loginpagetest.launchUrl(Loginpagetest.java:13)
at test.Loginpagetest.launchUrl(Loginpagetest.java:13)
at test.Loginpagetest.launchUrl(Loginpagetest.java:13)
at test.Loginpagetest.launchUrl(Loginpagetest.java:13)
at test.Loginpagetest.launchUrl(Loginpagetest.java:13)
at test.Loginpagetest.launchUrl(Loginpagetest.java:13)
at test.Loginpagetest.launchUrl(Loginpagetest.java:13)
at test.Loginpagetest.launchUrl(Loginpagetest.java:13)
at test.Loginpagetest.launchUrl(Loginpagetest.java:13)
at test.Loginpagetest.launchUrl(Loginpagetest.java:13)
at test.Loginpagetest.launchUrl(Loginpagetest.java:13)
at test.Loginpagetest.launchUrl(Loginpagetest.java:13)
at test.Loginpagetest.launchUrl(Loginpagetest.java:13)
at test.Loginpagetest.launchUrl(Loginpagetest.java:13)
at test.Loginpagetest.launchUrl(Loginpagetest.java:13)
at test.Loginpagetest.launchUrl(Loginpagetest.java:13)
at test.Loginpagetest.launchUrl(Loginpagetest.java:13)
at test.Loginpagetest.launchUrl(Loginpagetest.java:13)
at test.Loginpagetest.launchUrl(Loginpagetest.java:13)
at test.Loginpagetest.launchUrl(Loginpagetest.java:13)
at test.Loginpagetest.launchUrl(Loginpagetest.java:13)
at test.Loginpagetest.launchUrl(Loginpagetest.java:13)
at test.Loginpagetest.launchUrl(Loginpagetest.java:13)
at test.Loginpagetest.launchUrl(Loginpagetest.java:13)
at test.Loginpagetest.launchUrl(Loginpagetest.java:13)
at test.Loginpagetest.launchUrl(Loginpagetest.java:13)
at test.Loginpagetest.launchUrl(Loginpagetest.java:13)
at test.Loginpagetest.launchUrl(Loginpagetest.java:13)
at test.Loginpagetest.launchUrl(Loginpagetest.java:13)
at test.Loginpagetest.launchUrl(Loginpagetest.java:13)
at test.Loginpagetest.launchUrl(Loginpagetest.java:13)
at test.Loginpagetest.launchUrl(Loginpagetest.java:13)
at test.Loginpagetest.launchUrl(Loginpagetest.java:13)
at test.Loginpagetest.launchUrl(Loginpagetest.java:13)
at test.Loginpagetest.launchUrl(Loginpagetest.java:13)
at test.Loginpagetest.launchUrl(Loginpagetest.java:13)
at test.Loginpagetest.launchUrl(Loginpagetest.java:13)
at test.Loginpagetest.launchUrl(Loginpagetest.java:13)
at test.Loginpagetest.launchUrl(Loginpagetest.java:13)
at test.Loginpagetest.launchUrl(Loginpagetest.java:13)
at test.Loginpagetest.launchUrl(Loginpagetest.java:13)
at test.Loginpagetest.launchUrl(Loginpagetest.java:13)
at test.Loginpagetest.launchUrl(Loginpagetest.java:13)
at test.Loginpagetest.launchUrl(Loginpagetest.java:13)
at test.Loginpagetest.launchUrl(Loginpagetest.java:13)
at test.Loginpagetest.launchUrl(Loginpagetest.java:13)
at test.Loginpagetest.launchUrl(Loginpagetest.java:13)
at test.Loginpagetest.launchUrl(Loginpagetest.java:13)
at test.Loginpagetest.launchUrl(Loginpagetest.java:13)
at test.Loginpagetest.launchUrl(Loginpagetest.java:13)
at test.Loginpagetest.launchUrl(Loginpagetest.java:13)
at test.Loginpagetest.launchUrl(Loginpagetest.java:13)
at test.Loginpagetest.launchUrl(Loginpagetest.java:13)
at test.Loginpagetest.launchUrl(Loginpagetest.java:13)
at test.Loginpagetest.launchUrl(Loginpagetest.java:13)
at test.Loginpagetest.launchUrl(Loginpagetest.java:13)
at test.Loginpagetest.launchUrl(Loginpagetest.java:13)
at test.Loginpagetest.launchUrl(Loginpagetest.java:13)
at test.Loginpagetest.launchUrl(Loginpagetest.java:13)
at test.Loginpagetest.launchUrl(Loginpagetest.java:13)
at test.Loginpagetest.launchUrl(Loginpagetest.java:13)
at test.Loginpagetest.launchUrl(Loginpagetest.java:13)
at test.Loginpagetest.launchUrl(Loginpagetest.java:13)
at test.Loginpagetest.launchUrl(Loginpagetest.java:13)
at test.Loginpagetest.launchUrl(Loginpagetest.java:13)
at test.Loginpagetest.launchUrl(Loginpagetest.java:13)
at test.Loginpagetest.launchUrl(Loginpagetest.java:13)
at test.Loginpagetest.launchUrl(Loginpagetest.java:13)
at test.Loginpagetest.launchUrl(Loginpagetest.java:13)
at test.Loginpagetest.launchUrl(Loginpagetest.java:13)
at test.Loginpagetest.launchUrl(Loginpagetest.java:13)
at test.Loginpagetest.launchUrl(Loginpagetest.java:13)
at test.Loginpagetest.launchUrl(Loginpagetest.java:13)
at test.Loginpagetest.launchUrl(Loginpagetest.java:13)
at test.Loginpagetest.launchUrl(Loginpagetest.java:13)
at test.Loginpagetest.launchUrl(Loginpagetest.java:13)
at test.Loginpagetest.launchUrl(Loginpagetest.java:13)
at test.Loginpagetest.launchUrl(Loginpagetest.java:13)
at test.Loginpagetest.launchUrl(Loginpagetest.java:13)
at test.Loginpagetest.launchUrl(Loginpagetest.java:13)
at test.Loginpagetest.launchUrl(Loginpagetest.java:13)
at test.Loginpagetest.launchUrl(Loginpagetest.java:13)
at test.Loginpagetest.launchUrl(Loginpagetest.java:13)
at test.Loginpagetest.launchUrl(Loginpagetest.java:13)
at test.Loginpagetest.launchUrl(Loginpagetest.java:13)
at test.Loginpagetest.launchUrl(Loginpagetest.java:13)
at test.Loginpagetest.launchUrl(Loginpagetest.java:13)
at test.Loginpagetest.launchUrl(Loginpagetest.java:13)
at test.Loginpagetest.launchUrl(Loginpagetest.java:13)
at test.Loginpagetest.launchUrl(Loginpagetest.java:13)
at test.Loginpagetest.launchUrl(Loginpagetest.java:13)
at test.Loginpagetest.launchUrl(Loginpagetest.java:13)
at test.Loginpagetest.launchUrl(Loginpagetest.java:13)
at test.Loginpagetest.launchUrl(Loginpagetest.java:13)
at test.Loginpagetest.launchUrl(Loginpagetest.java:13)
at test.Loginpagetest.launchUrl(Loginpagetest.java:13)
at test.Loginpagetest.launchUrl(Loginpagetest.java:13)
at test.Loginpagetest.launchUrl(Loginpagetest.java:13)
at test.Loginpagetest.launchUrl(Loginpagetest.java:13)
at test.Loginpagetest.launchUrl(Loginpagetest.java:13)
at test.Loginpagetest.launchUrl(Loginpagetest.java:13)
at test.Loginpagetest.launchUrl(Loginpagetest.java:13)
at test.Loginpagetest.launchUrl(Loginpagetest.java:13)
at test.Loginpagetest.launchUrl(Loginpagetest.java:13)
at test.Loginpagetest.launchUrl(Loginpagetest.java:13)
at test.Loginpagetest.launchUrl(Loginpagetest.java:13)
at test.Loginpagetest.launchUrl(Loginpagetest.java:13)
at test.Loginpagetest.launchUrl(Loginpagetest.java:13)
at test.Loginpagetest.launchUrl(Loginpagetest.java:13)
at test.Loginpagetest.launchUrl(Loginpagetest.java:13)
at test.Loginpagetest.launchUrl(Loginpagetest.java:13)
at test.Loginpagetest.launchUrl(Loginpagetest.java:13)
at test.Loginpagetest.launchUrl(Loginpagetest.java:13)
at test.Loginpagetest.launchUrl(Loginpagetest.java:13)
at test.Loginpagetest.launchUrl(Loginpagetest.java:13)
at test.Loginpagetest.launchUrl(Loginpagetest.java:13)
at test.Loginpagetest.launchUrl(Loginpagetest.java:13)
at test.Loginpagetest.launchUrl(Loginpagetest.java:13)
at test.Loginpagetest.launchUrl(Loginpagetest.java:13)
at test.Loginpagetest.launchUrl(Loginpagetest.java:13)
at test.Loginpagetest.launchUrl(Loginpagetest.java:13)
at test.Loginpagetest.launchUrl(Loginpagetest.java:13)
at test.Loginpagetest.launchUrl(Loginpagetest.java:13)
at test.Loginpagetest.launchUrl(Loginpagetest.java:13)
at test.Loginpagetest.launchUrl(Loginpagetest.java:13)
at test.Loginpagetest.launchUrl(Loginpagetest.java:13)
at test.Loginpagetest.launchUrl(Loginpagetest.java:13)
at test.Loginpagetest.launchUrl(Loginpagetest.java:13)
at test.Loginpagetest.launchUrl(Loginpagetest.java:13)
at test.Loginpagetest.launchUrl(Loginpagetest.java:13)
at test.Loginpagetest.launchUrl(Loginpagetest.java:13)
at test.Loginpagetest.launchUrl(Loginpagetest.java:13)
at test.Loginpagetest.launchUrl(Loginpagetest.java:13)
at test.Loginpagetest.launchUrl(Loginpagetest.java:13)
at test.Loginpagetest.launchUrl(Loginpagetest.java:13)
at test.Loginpagetest.launchUrl(Loginpagetest.java:13)
at test.Loginpagetest.launchUrl(Loginpagetest.java:13)
at test.Loginpagetest.launchUrl(Loginpagetest.java:13)
at test.Loginpagetest.launchUrl(Loginpagetest.java:13)
at test.Loginpagetest.launchUrl(Loginpagetest.java:13)
at test.Loginpagetest.launchUrl(Loginpagetest.java:13)
at test.Loginpagetest.launchUrl(Loginpagetest.java:13)
at test.Loginpagetest.launchUrl(Loginpagetest.java:13)
at test.Loginpagetest.launchUrl(Loginpagetest.java:13)
at test.Loginpagetest.launchUrl(Loginpagetest.java:13)
at test.Loginpagetest.launchUrl(Loginpagetest.java:13)
at test.Loginpagetest.launchUrl(Loginpagetest.java:13)
at test.Loginpagetest.launchUrl(Loginpagetest.java:13)
at test.Loginpagetest.launchUrl(Loginpagetest.java:13)
at test.Loginpagetest.launchUrl(Loginpagetest.java:13)
at test.Loginpagetest.launchUrl(Loginpagetest.java:13)
at test.Loginpagetest.launchUrl(Loginpagetest.java:13)
at test.Loginpagetest.launchUrl(Loginpagetest.java:13)
at test.Loginpagetest.launchUrl(Loginpagetest.java:13)
at test.Loginpagetest.launchUrl(Loginpagetest.java:13)
at test.Loginpagetest.launchUrl(Loginpagetest.java:13)
at test.Loginpagetest.launchUrl(Loginpagetest.java:13)
at test.Loginpagetest.launchUrl(Loginpagetest.java:13)
at test.Loginpagetest.launchUrl(Loginpagetest.java:13)
at test.Loginpagetest.launchUrl(Loginpagetest.java:13)
at test.Loginpagetest.launchUrl(Loginpagetest.java:13)
at test.Loginpagetest.launchUrl(Loginpagetest.java:13)
at test.Loginpagetest.launchUrl(Loginpagetest.java:13)
at test.Loginpagetest.launchUrl(Loginpagetest.java:13)
at test.Loginpagetest.launchUrl(Loginpagetest.java:13)
at test.Loginpagetest.launchUrl(Loginpagetest.java:13)
at test.Loginpagetest.launchUrl(Loginpagetest.java:13)
at test.Loginpagetest.launchUrl(Loginpagetest.java:13)
at test.Loginpagetest.launchUrl(Loginpagetest.java:13)
at test.Loginpagetest.launchUrl(Loginpagetest.java:13)
at test.Loginpagetest.launchUrl(Loginpagetest.java:13)
at test.Loginpagetest.launchUrl(Loginpagetest.java:13)
at test.Loginpagetest.launchUrl(Loginpagetest.java:13)
at test.Loginpagetest.launchUrl(Loginpagetest.java:13)
at test.Loginpagetest.launchUrl(Loginpagetest.java:13)
at test.Loginpagetest.launchUrl(Loginpagetest.java:13)
at test.Loginpagetest.launchUrl(Loginpagetest.java:13)
at test.Loginpagetest.launchUrl(Loginpagetest.java:13)
at test.Loginpagetest.launchUrl(Loginpagetest.java:13)
at test.Loginpagetest.launchUrl(Loginpagetest.java:13)
at test.Loginpagetest.launchUrl(Loginpagetest.java:13)
at test.Loginpagetest.launchUrl(Loginpagetest.java:13)
at test.Loginpagetest.launchUrl(Loginpagetest.java:13)
at test.Loginpagetest.launchUrl(Loginpagetest.java:13)
at test.Loginpagetest.launchUrl(Loginpagetest.java:13)
at test.Loginpagetest.launchUrl(Loginpagetest.java:13)
at test.Loginpagetest.launchUrl(Loginpagetest.java:13)
at test.Loginpagetest.launchUrl(Loginpagetest.java:13)
at test.Loginpagetest.launchUrl(Loginpagetest.java:13)
at test.Loginpagetest.launchUrl(Loginpagetest.java:13)
at test.Loginpagetest.launchUrl(Loginpagetest.java:13)
at test.Loginpagetest.launchUrl(Loginpagetest.java:13)
at test.Loginpagetest.launchUrl(Loginpagetest.java:13)
at test.Loginpagetest.launchUrl(Loginpagetest.java:13)
at test.Loginpagetest.launchUrl(Loginpagetest.java:13)
at test.Loginpagetest.launchUrl(Loginpagetest.java:13)
at test.Loginpagetest.launchUrl(Loginpagetest.java:13)
at test.Loginpagetest.launchUrl(Loginpagetest.java:13)
at test.Loginpagetest.launchUrl(Loginpagetest.java:13)
at test.Loginpagetest.launchUrl(Loginpagetest.java:13)
at test.Loginpagetest.launchUrl(Loginpagetest.java:13)
at test.Loginpagetest.launchUrl(Loginpagetest.java:13)
at test.Loginpagetest.launchUrl(Loginpagetest.java:13)
at test.Loginpagetest.launchUrl(Loginpagetest.java:13)
at test.Loginpagetest.launchUrl(Loginpagetest.java:13)
at test.Loginpagetest.launchUrl(Loginpagetest.java:13)
at test.Loginpagetest.launchUrl(Loginpagetest.java:13)
at test.Loginpagetest.launchUrl(Loginpagetest.java:13)
at test.Loginpagetest.launchUrl(Loginpagetest.java:13)
at test.Loginpagetest.launchUrl(Loginpagetest.java:13)
at test.Loginpagetest.launchUrl(Loginpagetest.java:13)
at test.Loginpagetest.launchUrl(Loginpagetest.java:13)
at test.Loginpagetest.launchUrl(Loginpagetest.java:13)
at test.Loginpagetest.launchUrl(Loginpagetest.java:13)
at test.Loginpagetest.launchUrl(Loginpagetest.java:13)
at test.Loginpagetest.launchUrl(Loginpagetest.java:13)
at test.Loginpagetest.launchUrl(Loginpagetest.java:13)
at test.Loginpagetest.launchUrl(Loginpagetest.java:13)
at test.Loginpagetest.launchUrl(Loginpagetest.java:13)
at test.Loginpagetest.launchUrl(Loginpagetest.java:13)
at test.Loginpagetest.launchUrl(Loginpagetest.java:13)
at test.Loginpagetest.launchUrl(Loginpagetest.java:13)
at test.Loginpagetest.launchUrl(Loginpagetest.java:13)
at test.Loginpagetest.launchUrl(Loginpagetest.java:13)
at test.Loginpagetest.launchUrl(Loginpagetest.java:13)
at test.Loginpagetest.launchUrl(Loginpagetest.java:13)
at test.Loginpagetest.launchUrl(Loginpagetest.java:13)
at test.Loginpagetest.launchUrl(Loginpagetest.java:13)
at test.Loginpagetest.launchUrl(Loginpagetest.java:13)
at test.Loginpagetest.launchUrl(Loginpagetest.java:13)
at test.Loginpagetest.launchUrl(Loginpagetest.java:13)
at test.Loginpagetest.launchUrl(Loginpagetest.java:13)
at test.Loginpagetest.launchUrl(Loginpagetest.java:13)
at test.Loginpagetest.launchUrl(Loginpagetest.java:13)
at test.Loginpagetest.launchUrl(Loginpagetest.java:13)
at test.Loginpagetest.launchUrl(Loginpagetest.java:13)
at test.Loginpagetest.launchUrl(Loginpagetest.java:13)
at test.Loginpagetest.launchUrl(Loginpagetest.java:13)
at test.Loginpagetest.launchUrl(Loginpagetest.java:13)
at test.Loginpagetest.launchUrl(Loginpagetest.java:13)
at test.Loginpagetest.launchUrl(Loginpagetest.java:13)
at test.Loginpagetest.launchUrl(Loginpagetest.java:13)
at test.Loginpagetest.launchUrl(Loginpagetest.java:13)
at test.Loginpagetest.launchUrl(Loginpagetest.java:13)
at test.Loginpagetest.launchUrl(Loginpagetest.java:13)
at test.Loginpagetest.launchUrl(Loginpagetest.java:13)
at test.Loginpagetest.launchUrl(Loginpagetest.java:13)
at test.Loginpagetest.launchUrl(Loginpagetest.java:13)
at test.Loginpagetest.launchUrl(Loginpagetest.java:13)
at test.Loginpagetest.launchUrl(Loginpagetest.java:13)
at test.Loginpagetest.launchUrl(Loginpagetest.java:13)
at test.Loginpagetest.launchUrl(Loginpagetest.java:13)
at test.Loginpagetest.launchUrl(Loginpagetest.java:13)
at test.Loginpagetest.launchUrl(Loginpagetest.java:13)
at test.Loginpagetest.launchUrl(Loginpagetest.java:13)
at test.Loginpagetest.launchUrl(Loginpagetest.java:13)
at test.Loginpagetest.launchUrl(Loginpagetest.java:13)
at test.Loginpagetest.launchUrl(Loginpagetest.java:13)
at test.Loginpagetest.launchUrl(Loginpagetest.java:13)
at test.Loginpagetest.launchUrl(Loginpagetest.java:13)
at test.Loginpagetest.launchUrl(Loginpagetest.java:13)
at test.Loginpagetest.launchUrl(Loginpagetest.java:13)
at test.Loginpagetest.launchUrl(Loginpagetest.java:13)
at test.Loginpagetest.launchUrl(Loginpagetest.java:13)
at test.Loginpagetest.launchUrl(Loginpagetest.java:13)
at test.Loginpagetest.launchUrl(Loginpagetest.java:13)
at test.Loginpagetest.launchUrl(Loginpagetest.java:13)
at test.Loginpagetest.launchUrl(Loginpagetest.java:13)
at test.Loginpagetest.launchUrl(Loginpagetest.java:13)
at test.Loginpagetest.launchUrl(Loginpagetest.java:13)
at test.Loginpagetest.launchUrl(Loginpagetest.java:13)
at test.Loginpagetest.launchUrl(Loginpagetest.java:13)
at test.Loginpagetest.launchUrl(Loginpagetest.java:13)
at test.Loginpagetest.launchUrl(Loginpagetest.java:13)
at test.Loginpagetest.launchUrl(Loginpagetest.java:13)
at test.Loginpagetest.launchUrl(Loginpagetest.java:13)
at test.Loginpagetest.launchUrl(Loginpagetest.java:13)
at test.Loginpagetest.launchUrl(Loginpagetest.java:13)
at test.Loginpagetest.launchUrl(Loginpagetest.java:13)
at test.Loginpagetest.launchUrl(Loginpagetest.java:13)
at test.Loginpagetest.launchUrl(Loginpagetest.java:13)
at test.Loginpagetest.launchUrl(Loginpagetest.java:13)
at test.Loginpagetest.launchUrl(Loginpagetest.java:13)
at test.Loginpagetest.launchUrl(Loginpagetest.java:13)
at test.Loginpagetest.launchUrl(Loginpagetest.java:13)
at test.Loginpagetest.launchUrl(Loginpagetest.java:13)
at test.Loginpagetest.launchUrl(Loginpagetest.java:13)
at test.Loginpagetest.launchUrl(Loginpagetest.java:13)
at test.Loginpagetest.launchUrl(Loginpagetest.java:13)
at test.Loginpagetest.launchUrl(Loginpagetest.java:13)
at test.Loginpagetest.launchUrl(Loginpagetest.java:13)
at test.Loginpagetest.launchUrl(Loginpagetest.java:13)
at test.Loginpagetest.launchUrl(Loginpagetest.java:13)
at test.Loginpagetest.launchUrl(Loginpagetest.java:13)
at test.Loginpagetest.launchUrl(Loginpagetest.java:13)
at test.Loginpagetest.launchUrl(Loginpagetest.java:13)
at test.Loginpagetest.launchUrl(Loginpagetest.java:13)
at test.Loginpagetest.launchUrl(Loginpagetest.java:13)
at test.Loginpagetest.launchUrl(Loginpagetest.java:13)
at test.Loginpagetest.launchUrl(Loginpagetest.java:13)
at test.Loginpagetest.launchUrl(Loginpagetest.java:13)
at test.Loginpagetest.launchUrl(Loginpagetest.java:13)
at test.Loginpagetest.launchUrl(Loginpagetest.java:13)
at test.Loginpagetest.launchUrl(Loginpagetest.java:13)
at test.Loginpagetest.launchUrl(Loginpagetest.java:13)
at test.Loginpagetest.launchUrl(Loginpagetest.java:13)
at test.Loginpagetest.launchUrl(Loginpagetest.java:13)
at test.Loginpagetest.launchUrl(Loginpagetest.java:13)
at test.Loginpagetest.launchUrl(Loginpagetest.java:13)
at test.Loginpagetest.launchUrl(Loginpagetest.java:13)
at test.Loginpagetest.launchUrl(Loginpagetest.java:13)
at test.Loginpagetest.launchUrl(Loginpagetest.java:13)
at test.Loginpagetest.launchUrl(Loginpagetest.java:13)
at test.Loginpagetest.launchUrl(Loginpagetest.java:13)
at test.Loginpagetest.launchUrl(Loginpagetest.java:13)
at test.Loginpagetest.launchUrl(Loginpagetest.java:13)
at test.Loginpagetest.launchUrl(Loginpagetest.java:13)
at test.Loginpagetest.launchUrl(Loginpagetest.java:13)
at test.Loginpagetest.launchUrl(Loginpagetest.java:13)
at test.Loginpagetest.launchUrl(Loginpagetest.java:13)
at test.Loginpagetest.launchUrl(Loginpagetest.java:13)
at test.Loginpagetest.launchUrl(Loginpagetest.java:13)
at test.Loginpagetest.launchUrl(Loginpagetest.java:13)
at test.Loginpagetest.launchUrl(Loginpagetest.java:13)
at test.Loginpagetest.launchUrl(Loginpagetest.java:13)
at test.Loginpagetest.launchUrl(Loginpagetest.java:13)
at test.Loginpagetest.launchUrl(Loginpagetest.java:13)
at test.Loginpagetest.launchUrl(Loginpagetest.java:13)
at test.Loginpagetest.launchUrl(Loginpagetest.java:13)
at test.Loginpagetest.launchUrl(Loginpagetest.java:13)
at test.Loginpagetest.launchUrl(Loginpagetest.java:13)
at test.Loginpagetest.launchUrl(Loginpagetest.java:13)
at test.Loginpagetest.launchUrl(Loginpagetest.java:13)
at test.Loginpagetest.launchUrl(Loginpagetest.java:13)
at test.Loginpagetest.launchUrl(Loginpagetest.java:13)
at test.Loginpagetest.launchUrl(Loginpagetest.java:13)
at test.Loginpagetest.launchUrl(Loginpagetest.java:13)
at test.Loginpagetest.launchUrl(Loginpagetest.java:13)
at test.Loginpagetest.launchUrl(Loginpagetest.java:13)
at test.Loginpagetest.launchUrl(Loginpagetest.java:13)
at test.Loginpagetest.launchUrl(Loginpagetest.java:13)
at test.Loginpagetest.launchUrl(Loginpagetest.java:13)
at test.Loginpagetest.launchUrl(Loginpagetest.java:13)
at test.Loginpagetest.launchUrl(Loginpagetest.java:13)
at test.Loginpagetest.launchUrl(Loginpagetest.java:13)
at test.Loginpagetest.launchUrl(Loginpagetest.java:13)
at test.Loginpagetest.launchUrl(Loginpagetest.java:13)
at test.Loginpagetest.launchUrl(Loginpagetest.java:13)
at test.Loginpagetest.launchUrl(Loginpagetest.java:13)
at test.Loginpagetest.launchUrl(Loginpagetest.java:13)
at test.Loginpagetest.launchUrl(Loginpagetest.java:13)
at test.Loginpagetest.launchUrl(Loginpagetest.java:13)
at test.Loginpagetest.launchUrl(Loginpagetest.java:13)
at test.Loginpagetest.launchUrl(Loginpagetest.java:13)
at test.Loginpagetest.launchUrl(Loginpagetest.java:13)
at test.Loginpagetest.launchUrl(Loginpagetest.java:13)
at test.Loginpagetest.launchUrl(Loginpagetest.java:13)
at test.Loginpagetest.launchUrl(Loginpagetest.java:13)
at test.Loginpagetest.launchUrl(Loginpagetest.java:13)
at test.Loginpagetest.launchUrl(Loginpagetest.java:13)
at test.Loginpagetest.launchUrl(Loginpagetest.java:13)
at test.Loginpagetest.launchUrl(Loginpagetest.java:13)
at test.Loginpagetest.launchUrl(Loginpagetest.java:13)
at test.Loginpagetest.launchUrl(Loginpagetest.java:13)
at test.Loginpagetest.launchUrl(Loginpagetest.java:13)
at test.Loginpagetest.launchUrl(Loginpagetest.java:13)
at test.Loginpagetest.launchUrl(Loginpagetest.java:13)
at test.Loginpagetest.launchUrl(Loginpagetest.java:13)
at test.Loginpagetest.launchUrl(Loginpagetest.java:13)
at test.Loginpagetest.launchUrl(Loginpagetest.java:13)
at test.Loginpagetest.launchUrl(Loginpagetest.java:13)
at test.Loginpagetest.launchUrl(Loginpagetest.java:13)
at test.Loginpagetest.launchUrl(Loginpagetest.java:13)
at test.Loginpagetest.launchUrl(Loginpagetest.java:13)
at test.Loginpagetest.launchUrl(Loginpagetest.java:13)
at test.Loginpagetest.launchUrl(Loginpagetest.java:13)
at test.Loginpagetest.launchUrl(Loginpagetest.java:13)
at test.Loginpagetest.launchUrl(Loginpagetest.java:13)
at test.Loginpagetest.launchUrl(Loginpagetest.java:13)
at test.Loginpagetest.launchUrl(Loginpagetest.java:13)
at test.Loginpagetest.launchUrl(Loginpagetest.java:13)
at test.Loginpagetest.launchUrl(Loginpagetest.java:13)
at test.Loginpagetest.launchUrl(Loginpagetest.java:13)
at test.Loginpagetest.launchUrl(Loginpagetest.java:13)
at test.Loginpagetest.launchUrl(Loginpagetest.java:13)
at test.Loginpagetest.launchUrl(Loginpagetest.java:13)
at test.Loginpagetest.launchUrl(Loginpagetest.java:13)
at test.Loginpagetest.launchUrl(Loginpagetest.java:13)
at test.Loginpagetest.launchUrl(Loginpagetest.java:13)
at test.Loginpagetest.launchUrl(Loginpagetest.java:13)
at test.Loginpagetest.launchUrl(Loginpagetest.java:13)
at test.Loginpagetest.launchUrl(Loginpagetest.java:13)
at test.Loginpagetest.launchUrl(Loginpagetest.java:13)
at test.Loginpagetest.launchUrl(Loginpagetest.java:13)
at test.Loginpagetest.launchUrl(Loginpagetest.java:13)
at test.Loginpagetest.launchUrl(Loginpagetest.java:13)
at test.Loginpagetest.launchUrl(Loginpagetest.java:13)
at test.Loginpagetest.launchUrl(Loginpagetest.java:13)
at test.Loginpagetest.launchUrl(Loginpagetest.java:13)
at test.Loginpagetest.launchUrl(Loginpagetest.java:13)
at test.Loginpagetest.launchUrl(Loginpagetest.java:13)
at test.Loginpagetest.launchUrl(Loginpagetest.java:13)
at test.Loginpagetest.launchUrl(Loginpagetest.java:13)
at test.Loginpagetest.launchUrl(Loginpagetest.java:13)
at test.Loginpagetest.launchUrl(Loginpagetest.java:13)
at test.Loginpagetest.launchUrl(Loginpagetest.java:13)
at test.Loginpagetest.launchUrl(Loginpagetest.java:13)
at test.Loginpagetest.launchUrl(Loginpagetest.java:13)
at test.Loginpagetest.launchUrl(Loginpagetest.java:13)
at test.Loginpagetest.launchUrl(Loginpagetest.java:13)
at test.Loginpagetest.launchUrl(Loginpagetest.java:13)
at test.Loginpagetest.launchUrl(Loginpagetest.java:13)
at test.Loginpagetest.launchUrl(Loginpagetest.java:13)
at test.Loginpagetest.launchUrl(Loginpagetest.java:13)
at test.Loginpagetest.launchUrl(Loginpagetest.java:13)
at test.Loginpagetest.launchUrl(Loginpagetest.java:13)
at test.Loginpagetest.launchUrl(Loginpagetest.java:13)
at test.Loginpagetest.launchUrl(Loginpagetest.java:13)
at test.Loginpagetest.launchUrl(Loginpagetest.java:13)
at test.Loginpagetest.launchUrl(Loginpagetest.java:13)
at test.Loginpagetest.launchUrl(Loginpagetest.java:13)
at test.Loginpagetest.launchUrl(Loginpagetest.java:13)
at test.Loginpagetest.launchUrl(Loginpagetest.java:13)
at test.Loginpagetest.launchUrl(Loginpagetest.java:13)
at test.Loginpagetest.launchUrl(Loginpagetest.java:13)
at test.Loginpagetest.launchUrl(Loginpagetest.java:13)
at test.Loginpagetest.launchUrl(Loginpagetest.java:13)
at test.Loginpagetest.launchUrl(Loginpagetest.java:13)
at test.Loginpagetest.launchUrl(Loginpagetest.java:13)
at test.Loginpagetest.launchUrl(Loginpagetest.java:13)
at test.Loginpagetest.launchUrl(Loginpagetest.java:13)
at test.Loginpagetest.launchUrl(Loginpagetest.java:13)
at test.Loginpagetest.launchUrl(Loginpagetest.java:13)
at test.Loginpagetest.launchUrl(Loginpagetest.java:13)
at test.Loginpagetest.launchUrl(Loginpagetest.java:13)
at test.Loginpagetest.launchUrl(Loginpagetest.java:13)
at test.Loginpagetest.launchUrl(Loginpagetest.java:13)
at test.Loginpagetest.launchUrl(Loginpagetest.java:13)
at test.Loginpagetest.launchUrl(Loginpagetest.java:13)
at test.Loginpagetest.launchUrl(Loginpagetest.java:13)
at test.Loginpagetest.launchUrl(Loginpagetest.java:13)
at test.Loginpagetest.launchUrl(Loginpagetest.java:13)
at test.Loginpagetest.launchUrl(Loginpagetest.java:13)
at test.Loginpagetest.launchUrl(Loginpagetest.java:13)
at test.Loginpagetest.launchUrl(Loginpagetest.java:13)
at test.Loginpagetest.launchUrl(Loginpagetest.java:13)
at test.Loginpagetest.launchUrl(Loginpagetest.java:13)
at test.Loginpagetest.launchUrl(Loginpagetest.java:13)
at test.Loginpagetest.launchUrl(Loginpagetest.java:13)
at test.Loginpagetest.launchUrl(Loginpagetest.java:13)
at test.Loginpagetest.launchUrl(Loginpagetest.java:13)
at test.Loginpagetest.launchUrl(Loginpagetest.java:13)
at test.Loginpagetest.launchUrl(Loginpagetest.java:13)
at test.Loginpagetest.launchUrl(Loginpagetest.java:13)
at test.Loginpagetest.launchUrl(Loginpagetest.java:13)
at test.Loginpagetest.launchUrl(Loginpagetest.java:13)
at test.Loginpagetest.launchUrl(Loginpagetest.java:13)
at test.Loginpagetest.launchUrl(Loginpagetest.java:13)
at test.Loginpagetest.launchUrl(Loginpagetest.java:13)
at test.Loginpagetest.launchUrl(Loginpagetest.java:13)
at test.Loginpagetest.launchUrl(Loginpagetest.java:13)
at test.Loginpagetest.launchUrl(Loginpagetest.java:13)
at test.Loginpagetest.launchUrl(Loginpagetest.java:13)
at test.Loginpagetest.launchUrl(Loginpagetest.java:13)
at test.Loginpagetest.launchUrl(Loginpagetest.java:13)
at test.Loginpagetest.launchUrl(Loginpagetest.java:13)
at test.Loginpagetest.launchUrl(Loginpagetest.java:13)
at test.Loginpagetest.launchUrl(Loginpagetest.java:13)
at test.Loginpagetest.launchUrl(Loginpagetest.java:13)
at test.Loginpagetest.launchUrl(Loginpagetest.java:13)
at test.Loginpagetest.launchUrl(Loginpagetest.java:13)
at test.Loginpagetest.launchUrl(Loginpagetest.java:13)
at test.Loginpagetest.launchUrl(Loginpagetest.java:13)
at test.Loginpagetest.launchUrl(Loginpagetest.java:13)
at test.Loginpagetest.launchUrl(Loginpagetest.java:13)
at test.Loginpagetest.launchUrl(Loginpagetest.java:13)
at test.Loginpagetest.launchUrl(Loginpagetest.java:13)
at test.Loginpagetest.launchUrl(Loginpagetest.java:13)
at test.Loginpagetest.launchUrl(Loginpagetest.java:13)
at test.Loginpagetest.launchUrl(Loginpagetest.java:13)
at test.Loginpagetest.launchUrl(Loginpagetest.java:13)
at test.Loginpagetest.launchUrl(Loginpagetest.java:13)
at test.Loginpagetest.launchUrl(Loginpagetest.java:13)
at test.Loginpagetest.launchUrl(Loginpagetest.java:13)
at test.Loginpagetest.launchUrl(Loginpagetest.java:13)
at test.Loginpagetest.launchUrl(Loginpagetest.java:13)
at test.Loginpagetest.launchUrl(Loginpagetest.java:13)
at test.Loginpagetest.launchUrl(Loginpagetest.java:13)
at test.Loginpagetest.launchUrl(Loginpagetest.java:13)
at test.Loginpagetest.launchUrl(Loginpagetest.java:13)
at test.Loginpagetest.launchUrl(Loginpagetest.java:13)
at test.Loginpagetest.launchUrl(Loginpagetest.java:13)
at test.Loginpagetest.launchUrl(Loginpagetest.java:13)
at test.Loginpagetest.launchUrl(Loginpagetest.java:13)
at test.Loginpagetest.launchUrl(Loginpagetest.java:13)
at test.Loginpagetest.launchUrl(Loginpagetest.java:13)
at test.Loginpagetest.launchUrl(Loginpagetest.java:13)
at test.Loginpagetest.launchUrl(Loginpagetest.java:13)
at test.Loginpagetest.launchUrl(Loginpagetest.java:13)
at test.Loginpagetest.launchUrl(Loginpagetest.java:13)
at test.Loginpagetest.launchUrl(Loginpagetest.java:13)
at test.Loginpagetest.launchUrl(Loginpagetest.java:13)
at test.Loginpagetest.launchUrl(Loginpagetest.java:13)
at test.Loginpagetest.launchUrl(Loginpagetest.java:13)
at test.Loginpagetest.launchUrl(Loginpagetest.java:13)
at test.Loginpagetest.launchUrl(Loginpagetest.java:13)
at test.Loginpagetest.launchUrl(Loginpagetest.java:13)
at test.Loginpagetest.launchUrl(Loginpagetest.java:13)
at test.Loginpagetest.launchUrl(Loginpagetest.java:13)
at test.Loginpagetest.launchUrl(Loginpagetest.java:13)
at test.Loginpagetest.launchUrl(Loginpagetest.java:13)
at test.Loginpagetest.launchUrl(Loginpagetest.java:13)
at test.Loginpagetest.launchUrl(Loginpagetest.java:13)
at test.Loginpagetest.launchUrl(Loginpagetest.java:13)
at test.Loginpagetest.launchUrl(Loginpagetest.java:13)
at test.Loginpagetest.launchUrl(Loginpagetest.java:13)
at test.Loginpagetest.launchUrl(Loginpagetest.java:13)
at test.Loginpagetest.launchUrl(Loginpagetest.java:13)
at test.Loginpagetest.launchUrl(Loginpagetest.java:13)
at test.Loginpagetest.launchUrl(Loginpagetest.java:13)
at test.Loginpagetest.launchUrl(Loginpagetest.java:13)
at test.Loginpagetest.launchUrl(Loginpagetest.java:13)
at test.Loginpagetest.launchUrl(Loginpagetest.java:13)
at test.Loginpagetest.launchUrl(Loginpagetest.java:13)
at test.Loginpagetest.launchUrl(Loginpagetest.java:13)
at test.Loginpagetest.launchUrl(Loginpagetest.java:13)
at test.Loginpagetest.launchUrl(Loginpagetest.java:13)
at test.Loginpagetest.launchUrl(Loginpagetest.java:13)
at test.Loginpagetest.launchUrl(Loginpagetest.java:13)
at test.Loginpagetest.launchUrl(Loginpagetest.java:13)
at test.Loginpagetest.launchUrl(Loginpagetest.java:13)
at test.Loginpagetest.launchUrl(Loginpagetest.java:13)
at test.Loginpagetest.launchUrl(Loginpagetest.java:13)
at test.Loginpagetest.launchUrl(Loginpagetest.java:13)
at test.Loginpagetest.launchUrl(Loginpagetest.java:13)
at test.Loginpagetest.launchUrl(Loginpagetest.java:13)
at test.Loginpagetest.launchUrl(Loginpagetest.java:13)
at test.Loginpagetest.launchUrl(Loginpagetest.java:13)
at test.Loginpagetest.launchUrl(Loginpagetest.java:13)
at test.Loginpagetest.launchUrl(Loginpagetest.java:13)
at test.Loginpagetest.launchUrl(Loginpagetest.java:13)
at test.Loginpagetest.launchUrl(Loginpagetest.java:13)
at test.Loginpagetest.launchUrl(Loginpagetest.java:13)
at test.Loginpagetest.launchUrl(Loginpagetest.java:13)
at test.Loginpagetest.launchUrl(Loginpagetest.java:13)
at test.Loginpagetest.launchUrl(Loginpagetest.java:13)
at test.Loginpagetest.launchUrl(Loginpagetest.java:13)
at test.Loginpagetest.launchUrl(Loginpagetest.java:13)
at test.Loginpagetest.launchUrl(Loginpagetest.java:13)
at test.Loginpagetest.launchUrl(Loginpagetest.java:13)
at test.Loginpagetest.launchUrl(Loginpagetest.java:13)
at test.Loginpagetest.launchUrl(Loginpagetest.java:13)
at test.Loginpagetest.launchUrl(Loginpagetest.java:13)
at test.Loginpagetest.launchUrl(Loginpagetest.java:13)
at test.Loginpagetest.launchUrl(Loginpagetest.java:13)
at test.Loginpagetest.launchUrl(Loginpagetest.java:13)
at test.Loginpagetest.launchUrl(Loginpagetest.java:13)
at test.Loginpagetest.launchUrl(Loginpagetest.java:13)
at test.Loginpagetest.launchUrl(Loginpagetest.java:13)
at test.Loginpagetest.launchUrl(Loginpagetest.java:13)
at test.Loginpagetest.launchUrl(Loginpagetest.java:13)
at test.Loginpagetest.launchUrl(Loginpagetest.java:13)
at test.Loginpagetest.launchUrl(Loginpagetest.java:13)
at test.Loginpagetest.launchUrl(Loginpagetest.java:13)
at test.Loginpagetest.launchUrl(Loginpagetest.java:13)
at test.Loginpagetest.launchUrl(Loginpagetest.java:13)
at test.Loginpagetest.launchUrl(Loginpagetest.java:13)
at test.Loginpagetest.launchUrl(Loginpagetest.java:13)
at test.Loginpagetest.launchUrl(Loginpagetest.java:13)
at test.Loginpagetest.launchUrl(Loginpagetest.java:13)
at test.Loginpagetest.launchUrl(Loginpagetest.java:13)
at test.Loginpagetest.launchUrl(Loginpagetest.java:13)
at test.Loginpagetest.launchUrl(Loginpagetest.java:13)
at test.Loginpagetest.launchUrl(Loginpagetest.java:13)
at test.Loginpagetest.launchUrl(Loginpagetest.java:13)
at test.Loginpagetest.launchUrl(Loginpagetest.java:13)
at test.Loginpagetest.launchUrl(Loginpagetest.java:13)
at test.Loginpagetest.launchUrl(Loginpagetest.java:13)
at test.Loginpagetest.launchUrl(Loginpagetest.java:13)
at test.Loginpagetest.launchUrl(Loginpagetest.java:13)
at test.Loginpagetest.launchUrl(Loginpagetest.java:13)
at test.Loginpagetest.launchUrl(Loginpagetest.java:13)
at test.Loginpagetest.launchUrl(Loginpagetest.java:13)
at test.Loginpagetest.launchUrl(Loginpagetest.java:13)
at test.Loginpagetest.launchUrl(Loginpagetest.java:13)
at test.Loginpagetest.launchUrl(Loginpagetest.java:13)
at test.Loginpagetest.launchUrl(Loginpagetest.java:13)
at test.Loginpagetest.launchUrl(Loginpagetest.java:13)
at test.Loginpagetest.launchUrl(Loginpagetest.java:13)
at test.Loginpagetest.launchUrl(Loginpagetest.java:13)
at test.Loginpagetest.launchUrl(Loginpagetest.java:13)
at test.Loginpagetest.launchUrl(Loginpagetest.java:13)
at test.Loginpagetest.launchUrl(Loginpagetest.java:13)
at test.Loginpagetest.launchUrl(Loginpagetest.java:13)
at test.Loginpagetest.launchUrl(Loginpagetest.java:13)
at test.Loginpagetest.launchUrl(Loginpagetest.java:13)
at test.Loginpagetest.launchUrl(Loginpagetest.java:13)
at test.Loginpagetest.launchUrl(Loginpagetest.java:13)
at test.Loginpagetest.launchUrl(Loginpagetest.java:13)
at test.Loginpagetest.launchUrl(Loginpagetest.java:13)
at test.Loginpagetest.launchUrl(Loginpagetest.java:13)
at test.Loginpagetest.launchUrl(Loginpagetest.java:13)
at test.Loginpagetest.launchUrl(Loginpagetest.java:13)
at test.Loginpagetest.launchUrl(Loginpagetest.java:13)
at test.Loginpagetest.launchUrl(Loginpagetest.java:13)
at test.Loginpagetest.launchUrl(Loginpagetest.java:13)
at test.Loginpagetest.launchUrl(Loginpagetest.java:13)
at test.Loginpagetest.launchUrl(Loginpagetest.java:13)
at test.Loginpagetest.launchUrl(Loginpagetest.java:13)
at test.Loginpagetest.launchUrl(Loginpagetest.java:13)
at test.Loginpagetest.launchUrl(Loginpagetest.java:13)
at test.Loginpagetest.launchUrl(Loginpagetest.java:13)
at test.Loginpagetest.launchUrl(Loginpagetest.java:13)
at test.Loginpagetest.launchUrl(Loginpagetest.java:13)
at test.Loginpagetest.launchUrl(Loginpagetest.java:13)
at test.Loginpagetest.launchUrl(Loginpagetest.java:13)
at test.Loginpagetest.launchUrl(Loginpagetest.java:13)
at test.Loginpagetest.launchUrl(Loginpagetest.java:13)
at test.Loginpagetest.launchUrl(Loginpagetest.java:13)
at test.Loginpagetest.launchUrl(Loginpagetest.java:13)
at test.Loginpagetest.launchUrl(Loginpagetest.java:13)
at test.Loginpagetest.launchUrl(Loginpagetest.java:13)
at test.Loginpagetest.launchUrl(Loginpagetest.java:13)
at test.Loginpagetest.launchUrl(Loginpagetest.java:13)
at test.Loginpagetest.launchUrl(Loginpagetest.java:13)
at test.Loginpagetest.launchUrl(Loginpagetest.java:13)
at test.Loginpagetest.launchUrl(Loginpagetest.java:13)
at test.Loginpagetest.launchUrl(Loginpagetest.java:13)
at test.Loginpagetest.launchUrl(Loginpagetest.java:13)
at test.Loginpagetest.launchUrl(Loginpagetest.java:13)
at test.Loginpagetest.launchUrl(Loginpagetest.java:13)
at test.Loginpagetest.launchUrl(Loginpagetest.java:13)
at test.Loginpagetest.launchUrl(Loginpagetest.java:13)
at test.Loginpagetest.launchUrl(Loginpagetest.java:13)
at test.Loginpagetest.launchUrl(Loginpagetest.java:13)
at test.Loginpagetest.launchUrl(Loginpagetest.java:13)
at test.Loginpagetest.launchUrl(Loginpagetest.java:13)
at test.Loginpagetest.launchUrl(Loginpagetest.java:13)
at test.Loginpagetest.launchUrl(Loginpagetest.java:13)
at test.Loginpagetest.launchUrl(Loginpagetest.java:13)
at test.Loginpagetest.launchUrl(Loginpagetest.java:13)
at test.Loginpagetest.launchUrl(Loginpagetest.java:13)
at test.Loginpagetest.launchUrl(Loginpagetest.java:13)
at test.Loginpagetest.launchUrl(Loginpagetest.java:13)
at test.Loginpagetest.launchUrl(Loginpagetest.java:13)
at test.Loginpagetest.launchUrl(Loginpagetest.java:13)
at test.Loginpagetest.launchUrl(Loginpagetest.java:13)
at test.Loginpagetest.launchUrl(Loginpagetest.java:13)
at test.Loginpagetest.launchUrl(Loginpagetest.java:13)
at test.Loginpagetest.launchUrl(Loginpagetest.java:13)
at test.Loginpagetest.launchUrl(Loginpagetest.java:13)
at test.Loginpagetest.launchUrl(Loginpagetest.java:13)
at test.Loginpagetest.launchUrl(Loginpagetest.java:13)
at test.Loginpagetest.launchUrl(Loginpagetest.java:13)
at test.Loginpagetest.launchUrl(Loginpagetest.java:13)
at test.Loginpagetest.launchUrl(Loginpagetest.java:13)
at test.Loginpagetest.launchUrl(Loginpagetest.java:13)
at test.Loginpagetest.launchUrl(Loginpagetest.java:13)
at test.Loginpagetest.launchUrl(Loginpagetest.java:13)
at test.Loginpagetest.launchUrl(Loginpagetest.java:13)
at test.Loginpagetest.launchUrl(Loginpagetest.java:13)
at test.Loginpagetest.launchUrl(Loginpagetest.java:13)
at test.Loginpagetest.launchUrl(Loginpagetest.java:13)
at test.Loginpagetest.launchUrl(Loginpagetest.java:13)
at test.Loginpagetest.launchUrl(Loginpagetest.java:13)
at test.Loginpagetest.launchUrl(Loginpagetest.java:13)
at test.Loginpagetest.launchUrl(Loginpagetest.java:13)
at test.Loginpagetest.launchUrl(Loginpagetest.java:13)
at test.Loginpagetest.launchUrl(Loginpagetest.java:13)
at test.Loginpagetest.launchUrl(Loginpagetest.java:13)
at test.Loginpagetest.launchUrl(Loginpagetest.java:13)
at test.Loginpagetest.launchUrl(Loginpagetest.java:13)
at test.Loginpagetest.launchUrl(Loginpagetest.java:13)
at test.Loginpagetest.launchUrl(Loginpagetest.java:13)
at test.Loginpagetest.launchUrl(Loginpagetest.java:13)
at test.Loginpagetest.launchUrl(Loginpagetest.java:13)
at test.Loginpagetest.launchUrl(Loginpagetest.java:13)
at test.Loginpagetest.launchUrl(Loginpagetest.java:13)
at test.Loginpagetest.launchUrl(Loginpagetest.java:13)
at test.Loginpagetest.launchUrl(Loginpagetest.java:13)
at test.Loginpagetest.launchUrl(Loginpagetest.java:13)
at test.Loginpagetest.launchUrl(Loginpagetest.java:13)
at test.Loginpagetest.launchUrl(Loginpagetest.java:13)
at test.Loginpagetest.launchUrl(Loginpagetest.java:13)
at test.Loginpagetest.launchUrl(Loginpagetest.java:13)
at test.Loginpagetest.launchUrl(Loginpagetest.java:13)
at test.Loginpagetest.launchUrl(Loginpagetest.java:13)
at test.Loginpagetest.launchUrl(Loginpagetest.java:13)
at test.Loginpagetest.launchUrl(Loginpagetest.java:13)
at test.Loginpagetest.launchUrl(Loginpagetest.java:13)
at test.Loginpagetest.launchUrl(Loginpagetest.java:13)
at test.Loginpagetest.launchUrl(Loginpagetest.java:13)
at test.Loginpagetest.launchUrl(Loginpagetest.java:13)
at test.Loginpagetest.launchUrl(Loginpagetest.java:13)
at test.Loginpagetest.launchUrl(Loginpagetest.java:13)
at test.Loginpagetest.launchUrl(Loginpagetest.java:13)
at test.Loginpagetest.launchUrl(Loginpagetest.java:13)
at test.Loginpagetest.launchUrl(Loginpagetest.java:13)
at test.Loginpagetest.launchUrl(Loginpagetest.java:13)
at test.Loginpagetest.launchUrl(Loginpagetest.java:13)
at test.Loginpagetest.launchUrl(Loginpagetest.java:13)
at test.Loginpagetest.launchUrl(Loginpagetest.java:13)
at test.Loginpagetest.launchUrl(Loginpagetest.java:13)
at test.Loginpagetest.launchUrl(Loginpagetest.java:13)
at test.Loginpagetest.launchUrl(Loginpagetest.java:13)
at test.Loginpagetest.launchUrl(Loginpagetest.java:13)
]]>
            </full-stacktrace>
          </exception> <!-- java.lang.StackOverflowError -->
          <reporter-output>
          </reporter-output>
        </test-method> <!-- launchUrl -->
        <test-method signature="launchUrl()[pri:0, instance:test.Loginpagetest@61862a7f]" started-at="2024-07-02T14:40:36 IST" name="launchUrl" finished-at="2024-07-02T14:40:36 IST" duration-ms="0" status="SKIP">
          <exception class="java.lang.StackOverflowError">
            <full-stacktrace>
              <![CDATA[java.lang.StackOverflowError
at test.Loginpagetest.launchUrl(Loginpagetest.java:13)
at test.Loginpagetest.launchUrl(Loginpagetest.java:13)
at test.Loginpagetest.launchUrl(Loginpagetest.java:13)
at test.Loginpagetest.launchUrl(Loginpagetest.java:13)
at test.Loginpagetest.launchUrl(Loginpagetest.java:13)
at test.Loginpagetest.launchUrl(Loginpagetest.java:13)
at test.Loginpagetest.launchUrl(Loginpagetest.java:13)
at test.Loginpagetest.launchUrl(Loginpagetest.java:13)
at test.Loginpagetest.launchUrl(Loginpagetest.java:13)
at test.Loginpagetest.launchUrl(Loginpagetest.java:13)
at test.Loginpagetest.launchUrl(Loginpagetest.java:13)
at test.Loginpagetest.launchUrl(Loginpagetest.java:13)
at test.Loginpagetest.launchUrl(Loginpagetest.java:13)
at test.Loginpagetest.launchUrl(Loginpagetest.java:13)
at test.Loginpagetest.launchUrl(Loginpagetest.java:13)
at test.Loginpagetest.launchUrl(Loginpagetest.java:13)
at test.Loginpagetest.launchUrl(Loginpagetest.java:13)
at test.Loginpagetest.launchUrl(Loginpagetest.java:13)
at test.Loginpagetest.launchUrl(Loginpagetest.java:13)
at test.Loginpagetest.launchUrl(Loginpagetest.java:13)
at test.Loginpagetest.launchUrl(Loginpagetest.java:13)
at test.Loginpagetest.launchUrl(Loginpagetest.java:13)
at test.Loginpagetest.launchUrl(Loginpagetest.java:13)
at test.Loginpagetest.launchUrl(Loginpagetest.java:13)
at test.Loginpagetest.launchUrl(Loginpagetest.java:13)
at test.Loginpagetest.launchUrl(Loginpagetest.java:13)
at test.Loginpagetest.launchUrl(Loginpagetest.java:13)
at test.Loginpagetest.launchUrl(Loginpagetest.java:13)
at test.Loginpagetest.launchUrl(Loginpagetest.java:13)
at test.Loginpagetest.launchUrl(Loginpagetest.java:13)
at test.Loginpagetest.launchUrl(Loginpagetest.java:13)
at test.Loginpagetest.launchUrl(Loginpagetest.java:13)
at test.Loginpagetest.launchUrl(Loginpagetest.java:13)
at test.Loginpagetest.launchUrl(Loginpagetest.java:13)
at test.Loginpagetest.launchUrl(Loginpagetest.java:13)
at test.Loginpagetest.launchUrl(Loginpagetest.java:13)
at test.Loginpagetest.launchUrl(Loginpagetest.java:13)
at test.Loginpagetest.launchUrl(Loginpagetest.java:13)
at test.Loginpagetest.launchUrl(Loginpagetest.java:13)
at test.Loginpagetest.launchUrl(Loginpagetest.java:13)
at test.Loginpagetest.launchUrl(Loginpagetest.java:13)
at test.Loginpagetest.launchUrl(Loginpagetest.java:13)
at test.Loginpagetest.launchUrl(Loginpagetest.java:13)
at test.Loginpagetest.launchUrl(Loginpagetest.java:13)
at test.Loginpagetest.launchUrl(Loginpagetest.java:13)
at test.Loginpagetest.launchUrl(Loginpagetest.java:13)
at test.Loginpagetest.launchUrl(Loginpagetest.java:13)
at test.Loginpagetest.launchUrl(Loginpagetest.java:13)
at test.Loginpagetest.launchUrl(Loginpagetest.java:13)
at test.Loginpagetest.launchUrl(Loginpagetest.java:13)
at test.Loginpagetest.launchUrl(Loginpagetest.java:13)
at test.Loginpagetest.launchUrl(Loginpagetest.java:13)
at test.Loginpagetest.launchUrl(Loginpagetest.java:13)
at test.Loginpagetest.launchUrl(Loginpagetest.java:13)
at test.Loginpagetest.launchUrl(Loginpagetest.java:13)
at test.Loginpagetest.launchUrl(Loginpagetest.java:13)
at test.Loginpagetest.launchUrl(Loginpagetest.java:13)
at test.Loginpagetest.launchUrl(Loginpagetest.java:13)
at test.Loginpagetest.launchUrl(Loginpagetest.java:13)
at test.Loginpagetest.launchUrl(Loginpagetest.java:13)
at test.Loginpagetest.launchUrl(Loginpagetest.java:13)
at test.Loginpagetest.launchUrl(Loginpagetest.java:13)
at test.Loginpagetest.launchUrl(Loginpagetest.java:13)
at test.Loginpagetest.launchUrl(Loginpagetest.java:13)
at test.Loginpagetest.launchUrl(Loginpagetest.java:13)
at test.Loginpagetest.launchUrl(Loginpagetest.java:13)
at test.Loginpagetest.launchUrl(Loginpagetest.java:13)
at test.Loginpagetest.launchUrl(Loginpagetest.java:13)
at test.Loginpagetest.launchUrl(Loginpagetest.java:13)
at test.Loginpagetest.launchUrl(Loginpagetest.java:13)
at test.Loginpagetest.launchUrl(Loginpagetest.java:13)
at test.Loginpagetest.launchUrl(Loginpagetest.java:13)
at test.Loginpagetest.launchUrl(Loginpagetest.java:13)
at test.Loginpagetest.launchUrl(Loginpagetest.java:13)
at test.Loginpagetest.launchUrl(Loginpagetest.java:13)
at test.Loginpagetest.launchUrl(Loginpagetest.java:13)
at test.Loginpagetest.launchUrl(Loginpagetest.java:13)
at test.Loginpagetest.launchUrl(Loginpagetest.java:13)
at test.Loginpagetest.launchUrl(Loginpagetest.java:13)
at test.Loginpagetest.launchUrl(Loginpagetest.java:13)
at test.Loginpagetest.launchUrl(Loginpagetest.java:13)
at test.Loginpagetest.launchUrl(Loginpagetest.java:13)
at test.Loginpagetest.launchUrl(Loginpagetest.java:13)
at test.Loginpagetest.launchUrl(Loginpagetest.java:13)
at test.Loginpagetest.launchUrl(Loginpagetest.java:13)
at test.Loginpagetest.launchUrl(Loginpagetest.java:13)
at test.Loginpagetest.launchUrl(Loginpagetest.java:13)
at test.Loginpagetest.launchUrl(Loginpagetest.java:13)
at test.Loginpagetest.launchUrl(Loginpagetest.java:13)
at test.Loginpagetest.launchUrl(Loginpagetest.java:13)
at test.Loginpagetest.launchUrl(Loginpagetest.java:13)
at test.Loginpagetest.launchUrl(Loginpagetest.java:13)
at test.Loginpagetest.launchUrl(Loginpagetest.java:13)
at test.Loginpagetest.launchUrl(Loginpagetest.java:13)
at test.Loginpagetest.launchUrl(Loginpagetest.java:13)
at test.Loginpagetest.launchUrl(Loginpagetest.java:13)
at test.Loginpagetest.launchUrl(Loginpagetest.java:13)
at test.Loginpagetest.launchUrl(Loginpagetest.java:13)
at test.Loginpagetest.launchUrl(Loginpagetest.java:13)
at test.Loginpagetest.launchUrl(Loginpagetest.java:13)
at test.Loginpagetest.launchUrl(Loginpagetest.java:13)
at test.Loginpagetest.launchUrl(Loginpagetest.java:13)
at test.Loginpagetest.launchUrl(Loginpagetest.java:13)
at test.Loginpagetest.launchUrl(Loginpagetest.java:13)
at test.Loginpagetest.launchUrl(Loginpagetest.java:13)
at test.Loginpagetest.launchUrl(Loginpagetest.java:13)
at test.Loginpagetest.launchUrl(Loginpagetest.java:13)
at test.Loginpagetest.launchUrl(Loginpagetest.java:13)
at test.Loginpagetest.launchUrl(Loginpagetest.java:13)
at test.Loginpagetest.launchUrl(Loginpagetest.java:13)
at test.Loginpagetest.launchUrl(Loginpagetest.java:13)
at test.Loginpagetest.launchUrl(Loginpagetest.java:13)
at test.Loginpagetest.launchUrl(Loginpagetest.java:13)
at test.Loginpagetest.launchUrl(Loginpagetest.java:13)
at test.Loginpagetest.launchUrl(Loginpagetest.java:13)
at test.Loginpagetest.launchUrl(Loginpagetest.java:13)
at test.Loginpagetest.launchUrl(Loginpagetest.java:13)
at test.Loginpagetest.launchUrl(Loginpagetest.java:13)
at test.Loginpagetest.launchUrl(Loginpagetest.java:13)
at test.Loginpagetest.launchUrl(Loginpagetest.java:13)
at test.Loginpagetest.launchUrl(Loginpagetest.java:13)
at test.Loginpagetest.launchUrl(Loginpagetest.java:13)
at test.Loginpagetest.launchUrl(Loginpagetest.java:13)
at test.Loginpagetest.launchUrl(Loginpagetest.java:13)
at test.Loginpagetest.launchUrl(Loginpagetest.java:13)
at test.Loginpagetest.launchUrl(Loginpagetest.java:13)
at test.Loginpagetest.launchUrl(Loginpagetest.java:13)
at test.Loginpagetest.launchUrl(Loginpagetest.java:13)
at test.Loginpagetest.launchUrl(Loginpagetest.java:13)
at test.Loginpagetest.launchUrl(Loginpagetest.java:13)
at test.Loginpagetest.launchUrl(Loginpagetest.java:13)
at test.Loginpagetest.launchUrl(Loginpagetest.java:13)
at test.Loginpagetest.launchUrl(Loginpagetest.java:13)
at test.Loginpagetest.launchUrl(Loginpagetest.java:13)
at test.Loginpagetest.launchUrl(Loginpagetest.java:13)
at test.Loginpagetest.launchUrl(Loginpagetest.java:13)
at test.Loginpagetest.launchUrl(Loginpagetest.java:13)
at test.Loginpagetest.launchUrl(Loginpagetest.java:13)
at test.Loginpagetest.launchUrl(Loginpagetest.java:13)
at test.Loginpagetest.launchUrl(Loginpagetest.java:13)
at test.Loginpagetest.launchUrl(Loginpagetest.java:13)
at test.Loginpagetest.launchUrl(Loginpagetest.java:13)
at test.Loginpagetest.launchUrl(Loginpagetest.java:13)
at test.Loginpagetest.launchUrl(Loginpagetest.java:13)
at test.Loginpagetest.launchUrl(Loginpagetest.java:13)
at test.Loginpagetest.launchUrl(Loginpagetest.java:13)
at test.Loginpagetest.launchUrl(Loginpagetest.java:13)
at test.Loginpagetest.launchUrl(Loginpagetest.java:13)
at test.Loginpagetest.launchUrl(Loginpagetest.java:13)
at test.Loginpagetest.launchUrl(Loginpagetest.java:13)
at test.Loginpagetest.launchUrl(Loginpagetest.java:13)
at test.Loginpagetest.launchUrl(Loginpagetest.java:13)
at test.Loginpagetest.launchUrl(Loginpagetest.java:13)
at test.Loginpagetest.launchUrl(Loginpagetest.java:13)
at test.Loginpagetest.launchUrl(Loginpagetest.java:13)
at test.Loginpagetest.launchUrl(Loginpagetest.java:13)
at test.Loginpagetest.launchUrl(Loginpagetest.java:13)
at test.Loginpagetest.launchUrl(Loginpagetest.java:13)
at test.Loginpagetest.launchUrl(Loginpagetest.java:13)
at test.Loginpagetest.launchUrl(Loginpagetest.java:13)
at test.Loginpagetest.launchUrl(Loginpagetest.java:13)
at test.Loginpagetest.launchUrl(Loginpagetest.java:13)
at test.Loginpagetest.launchUrl(Loginpagetest.java:13)
at test.Loginpagetest.launchUrl(Loginpagetest.java:13)
at test.Loginpagetest.launchUrl(Loginpagetest.java:13)
at test.Loginpagetest.launchUrl(Loginpagetest.java:13)
at test.Loginpagetest.launchUrl(Loginpagetest.java:13)
at test.Loginpagetest.launchUrl(Loginpagetest.java:13)
at test.Loginpagetest.launchUrl(Loginpagetest.java:13)
at test.Loginpagetest.launchUrl(Loginpagetest.java:13)
at test.Loginpagetest.launchUrl(Loginpagetest.java:13)
at test.Loginpagetest.launchUrl(Loginpagetest.java:13)
at test.Loginpagetest.launchUrl(Loginpagetest.java:13)
at test.Loginpagetest.launchUrl(Loginpagetest.java:13)
at test.Loginpagetest.launchUrl(Loginpagetest.java:13)
at test.Loginpagetest.launchUrl(Loginpagetest.java:13)
at test.Loginpagetest.launchUrl(Loginpagetest.java:13)
at test.Loginpagetest.launchUrl(Loginpagetest.java:13)
at test.Loginpagetest.launchUrl(Loginpagetest.java:13)
at test.Loginpagetest.launchUrl(Loginpagetest.java:13)
at test.Loginpagetest.launchUrl(Loginpagetest.java:13)
at test.Loginpagetest.launchUrl(Loginpagetest.java:13)
at test.Loginpagetest.launchUrl(Loginpagetest.java:13)
at test.Loginpagetest.launchUrl(Loginpagetest.java:13)
at test.Loginpagetest.launchUrl(Loginpagetest.java:13)
at test.Loginpagetest.launchUrl(Loginpagetest.java:13)
at test.Loginpagetest.launchUrl(Loginpagetest.java:13)
at test.Loginpagetest.launchUrl(Loginpagetest.java:13)
at test.Loginpagetest.launchUrl(Loginpagetest.java:13)
at test.Loginpagetest.launchUrl(Loginpagetest.java:13)
at test.Loginpagetest.launchUrl(Loginpagetest.java:13)
at test.Loginpagetest.launchUrl(Loginpagetest.java:13)
at test.Loginpagetest.launchUrl(Loginpagetest.java:13)
at test.Loginpagetest.launchUrl(Loginpagetest.java:13)
at test.Loginpagetest.launchUrl(Loginpagetest.java:13)
at test.Loginpagetest.launchUrl(Loginpagetest.java:13)
at test.Loginpagetest.launchUrl(Loginpagetest.java:13)
at test.Loginpagetest.launchUrl(Loginpagetest.java:13)
at test.Loginpagetest.launchUrl(Loginpagetest.java:13)
at test.Loginpagetest.launchUrl(Loginpagetest.java:13)
at test.Loginpagetest.launchUrl(Loginpagetest.java:13)
at test.Loginpagetest.launchUrl(Loginpagetest.java:13)
at test.Loginpagetest.launchUrl(Loginpagetest.java:13)
at test.Loginpagetest.launchUrl(Loginpagetest.java:13)
at test.Loginpagetest.launchUrl(Loginpagetest.java:13)
at test.Loginpagetest.launchUrl(Loginpagetest.java:13)
at test.Loginpagetest.launchUrl(Loginpagetest.java:13)
at test.Loginpagetest.launchUrl(Loginpagetest.java:13)
at test.Loginpagetest.launchUrl(Loginpagetest.java:13)
at test.Loginpagetest.launchUrl(Loginpagetest.java:13)
at test.Loginpagetest.launchUrl(Loginpagetest.java:13)
at test.Loginpagetest.launchUrl(Loginpagetest.java:13)
at test.Loginpagetest.launchUrl(Loginpagetest.java:13)
at test.Loginpagetest.launchUrl(Loginpagetest.java:13)
at test.Loginpagetest.launchUrl(Loginpagetest.java:13)
at test.Loginpagetest.launchUrl(Loginpagetest.java:13)
at test.Loginpagetest.launchUrl(Loginpagetest.java:13)
at test.Loginpagetest.launchUrl(Loginpagetest.java:13)
at test.Loginpagetest.launchUrl(Loginpagetest.java:13)
at test.Loginpagetest.launchUrl(Loginpagetest.java:13)
at test.Loginpagetest.launchUrl(Loginpagetest.java:13)
at test.Loginpagetest.launchUrl(Loginpagetest.java:13)
at test.Loginpagetest.launchUrl(Loginpagetest.java:13)
at test.Loginpagetest.launchUrl(Loginpagetest.java:13)
at test.Loginpagetest.launchUrl(Loginpagetest.java:13)
at test.Loginpagetest.launchUrl(Loginpagetest.java:13)
at test.Loginpagetest.launchUrl(Loginpagetest.java:13)
at test.Loginpagetest.launchUrl(Loginpagetest.java:13)
at test.Loginpagetest.launchUrl(Loginpagetest.java:13)
at test.Loginpagetest.launchUrl(Loginpagetest.java:13)
at test.Loginpagetest.launchUrl(Loginpagetest.java:13)
at test.Loginpagetest.launchUrl(Loginpagetest.java:13)
at test.Loginpagetest.launchUrl(Loginpagetest.java:13)
at test.Loginpagetest.launchUrl(Loginpagetest.java:13)
at test.Loginpagetest.launchUrl(Loginpagetest.java:13)
at test.Loginpagetest.launchUrl(Loginpagetest.java:13)
at test.Loginpagetest.launchUrl(Loginpagetest.java:13)
at test.Loginpagetest.launchUrl(Loginpagetest.java:13)
at test.Loginpagetest.launchUrl(Loginpagetest.java:13)
at test.Loginpagetest.launchUrl(Loginpagetest.java:13)
at test.Loginpagetest.launchUrl(Loginpagetest.java:13)
at test.Loginpagetest.launchUrl(Loginpagetest.java:13)
at test.Loginpagetest.launchUrl(Loginpagetest.java:13)
at test.Loginpagetest.launchUrl(Loginpagetest.java:13)
at test.Loginpagetest.launchUrl(Loginpagetest.java:13)
at test.Loginpagetest.launchUrl(Loginpagetest.java:13)
at test.Loginpagetest.launchUrl(Loginpagetest.java:13)
at test.Loginpagetest.launchUrl(Loginpagetest.java:13)
at test.Loginpagetest.launchUrl(Loginpagetest.java:13)
at test.Loginpagetest.launchUrl(Loginpagetest.java:13)
at test.Loginpagetest.launchUrl(Loginpagetest.java:13)
at test.Loginpagetest.launchUrl(Loginpagetest.java:13)
at test.Loginpagetest.launchUrl(Loginpagetest.java:13)
at test.Loginpagetest.launchUrl(Loginpagetest.java:13)
at test.Loginpagetest.launchUrl(Loginpagetest.java:13)
at test.Loginpagetest.launchUrl(Loginpagetest.java:13)
at test.Loginpagetest.launchUrl(Loginpagetest.java:13)
at test.Loginpagetest.launchUrl(Loginpagetest.java:13)
at test.Loginpagetest.launchUrl(Loginpagetest.java:13)
at test.Loginpagetest.launchUrl(Loginpagetest.java:13)
at test.Loginpagetest.launchUrl(Loginpagetest.java:13)
at test.Loginpagetest.launchUrl(Loginpagetest.java:13)
at test.Loginpagetest.launchUrl(Loginpagetest.java:13)
at test.Loginpagetest.launchUrl(Loginpagetest.java:13)
at test.Loginpagetest.launchUrl(Loginpagetest.java:13)
at test.Loginpagetest.launchUrl(Loginpagetest.java:13)
at test.Loginpagetest.launchUrl(Loginpagetest.java:13)
at test.Loginpagetest.launchUrl(Loginpagetest.java:13)
at test.Loginpagetest.launchUrl(Loginpagetest.java:13)
at test.Loginpagetest.launchUrl(Loginpagetest.java:13)
at test.Loginpagetest.launchUrl(Loginpagetest.java:13)
at test.Loginpagetest.launchUrl(Loginpagetest.java:13)
at test.Loginpagetest.launchUrl(Loginpagetest.java:13)
at test.Loginpagetest.launchUrl(Loginpagetest.java:13)
at test.Loginpagetest.launchUrl(Loginpagetest.java:13)
at test.Loginpagetest.launchUrl(Loginpagetest.java:13)
at test.Loginpagetest.launchUrl(Loginpagetest.java:13)
at test.Loginpagetest.launchUrl(Loginpagetest.java:13)
at test.Loginpagetest.launchUrl(Loginpagetest.java:13)
at test.Loginpagetest.launchUrl(Loginpagetest.java:13)
at test.Loginpagetest.launchUrl(Loginpagetest.java:13)
at test.Loginpagetest.launchUrl(Loginpagetest.java:13)
at test.Loginpagetest.launchUrl(Loginpagetest.java:13)
at test.Loginpagetest.launchUrl(Loginpagetest.java:13)
at test.Loginpagetest.launchUrl(Loginpagetest.java:13)
at test.Loginpagetest.launchUrl(Loginpagetest.java:13)
at test.Loginpagetest.launchUrl(Loginpagetest.java:13)
at test.Loginpagetest.launchUrl(Loginpagetest.java:13)
at test.Loginpagetest.launchUrl(Loginpagetest.java:13)
at test.Loginpagetest.launchUrl(Loginpagetest.java:13)
at test.Loginpagetest.launchUrl(Loginpagetest.java:13)
at test.Loginpagetest.launchUrl(Loginpagetest.java:13)
at test.Loginpagetest.launchUrl(Loginpagetest.java:13)
at test.Loginpagetest.launchUrl(Loginpagetest.java:13)
at test.Loginpagetest.launchUrl(Loginpagetest.java:13)
at test.Loginpagetest.launchUrl(Loginpagetest.java:13)
at test.Loginpagetest.launchUrl(Loginpagetest.java:13)
at test.Loginpagetest.launchUrl(Loginpagetest.java:13)
at test.Loginpagetest.launchUrl(Loginpagetest.java:13)
at test.Loginpagetest.launchUrl(Loginpagetest.java:13)
at test.Loginpagetest.launchUrl(Loginpagetest.java:13)
at test.Loginpagetest.launchUrl(Loginpagetest.java:13)
at test.Loginpagetest.launchUrl(Loginpagetest.java:13)
at test.Loginpagetest.launchUrl(Loginpagetest.java:13)
at test.Loginpagetest.launchUrl(Loginpagetest.java:13)
at test.Loginpagetest.launchUrl(Loginpagetest.java:13)
at test.Loginpagetest.launchUrl(Loginpagetest.java:13)
at test.Loginpagetest.launchUrl(Loginpagetest.java:13)
at test.Loginpagetest.launchUrl(Loginpagetest.java:13)
at test.Loginpagetest.launchUrl(Loginpagetest.java:13)
at test.Loginpagetest.launchUrl(Loginpagetest.java:13)
at test.Loginpagetest.launchUrl(Loginpagetest.java:13)
at test.Loginpagetest.launchUrl(Loginpagetest.java:13)
at test.Loginpagetest.launchUrl(Loginpagetest.java:13)
at test.Loginpagetest.launchUrl(Loginpagetest.java:13)
at test.Loginpagetest.launchUrl(Loginpagetest.java:13)
at test.Loginpagetest.launchUrl(Loginpagetest.java:13)
at test.Loginpagetest.launchUrl(Loginpagetest.java:13)
at test.Loginpagetest.launchUrl(Loginpagetest.java:13)
at test.Loginpagetest.launchUrl(Loginpagetest.java:13)
at test.Loginpagetest.launchUrl(Loginpagetest.java:13)
at test.Loginpagetest.launchUrl(Loginpagetest.java:13)
at test.Loginpagetest.launchUrl(Loginpagetest.java:13)
at test.Loginpagetest.launchUrl(Loginpagetest.java:13)
at test.Loginpagetest.launchUrl(Loginpagetest.java:13)
at test.Loginpagetest.launchUrl(Loginpagetest.java:13)
at test.Loginpagetest.launchUrl(Loginpagetest.java:13)
at test.Loginpagetest.launchUrl(Loginpagetest.java:13)
at test.Loginpagetest.launchUrl(Loginpagetest.java:13)
at test.Loginpagetest.launchUrl(Loginpagetest.java:13)
at test.Loginpagetest.launchUrl(Loginpagetest.java:13)
at test.Loginpagetest.launchUrl(Loginpagetest.java:13)
at test.Loginpagetest.launchUrl(Loginpagetest.java:13)
at test.Loginpagetest.launchUrl(Loginpagetest.java:13)
at test.Loginpagetest.launchUrl(Loginpagetest.java:13)
at test.Loginpagetest.launchUrl(Loginpagetest.java:13)
at test.Loginpagetest.launchUrl(Loginpagetest.java:13)
at test.Loginpagetest.launchUrl(Loginpagetest.java:13)
at test.Loginpagetest.launchUrl(Loginpagetest.java:13)
at test.Loginpagetest.launchUrl(Loginpagetest.java:13)
at test.Loginpagetest.launchUrl(Loginpagetest.java:13)
at test.Loginpagetest.launchUrl(Loginpagetest.java:13)
at test.Loginpagetest.launchUrl(Loginpagetest.java:13)
at test.Loginpagetest.launchUrl(Loginpagetest.java:13)
at test.Loginpagetest.launchUrl(Loginpagetest.java:13)
at test.Loginpagetest.launchUrl(Loginpagetest.java:13)
at test.Loginpagetest.launchUrl(Loginpagetest.java:13)
at test.Loginpagetest.launchUrl(Loginpagetest.java:13)
at test.Loginpagetest.launchUrl(Loginpagetest.java:13)
at test.Loginpagetest.launchUrl(Loginpagetest.java:13)
at test.Loginpagetest.launchUrl(Loginpagetest.java:13)
at test.Loginpagetest.launchUrl(Loginpagetest.java:13)
at test.Loginpagetest.launchUrl(Loginpagetest.java:13)
at test.Loginpagetest.launchUrl(Loginpagetest.java:13)
at test.Loginpagetest.launchUrl(Loginpagetest.java:13)
at test.Loginpagetest.launchUrl(Loginpagetest.java:13)
at test.Loginpagetest.launchUrl(Loginpagetest.java:13)
at test.Loginpagetest.launchUrl(Loginpagetest.java:13)
at test.Loginpagetest.launchUrl(Loginpagetest.java:13)
at test.Loginpagetest.launchUrl(Loginpagetest.java:13)
at test.Loginpagetest.launchUrl(Loginpagetest.java:13)
at test.Loginpagetest.launchUrl(Loginpagetest.java:13)
at test.Loginpagetest.launchUrl(Loginpagetest.java:13)
at test.Loginpagetest.launchUrl(Loginpagetest.java:13)
at test.Loginpagetest.launchUrl(Loginpagetest.java:13)
at test.Loginpagetest.launchUrl(Loginpagetest.java:13)
at test.Loginpagetest.launchUrl(Loginpagetest.java:13)
at test.Loginpagetest.launchUrl(Loginpagetest.java:13)
at test.Loginpagetest.launchUrl(Loginpagetest.java:13)
at test.Loginpagetest.launchUrl(Loginpagetest.java:13)
at test.Loginpagetest.launchUrl(Loginpagetest.java:13)
at test.Loginpagetest.launchUrl(Loginpagetest.java:13)
at test.Loginpagetest.launchUrl(Loginpagetest.java:13)
at test.Loginpagetest.launchUrl(Loginpagetest.java:13)
at test.Loginpagetest.launchUrl(Loginpagetest.java:13)
at test.Loginpagetest.launchUrl(Loginpagetest.java:13)
at test.Loginpagetest.launchUrl(Loginpagetest.java:13)
at test.Loginpagetest.launchUrl(Loginpagetest.java:13)
at test.Loginpagetest.launchUrl(Loginpagetest.java:13)
at test.Loginpagetest.launchUrl(Loginpagetest.java:13)
at test.Loginpagetest.launchUrl(Loginpagetest.java:13)
at test.Loginpagetest.launchUrl(Loginpagetest.java:13)
at test.Loginpagetest.launchUrl(Loginpagetest.java:13)
at test.Loginpagetest.launchUrl(Loginpagetest.java:13)
at test.Loginpagetest.launchUrl(Loginpagetest.java:13)
at test.Loginpagetest.launchUrl(Loginpagetest.java:13)
at test.Loginpagetest.launchUrl(Loginpagetest.java:13)
at test.Loginpagetest.launchUrl(Loginpagetest.java:13)
at test.Loginpagetest.launchUrl(Loginpagetest.java:13)
at test.Loginpagetest.launchUrl(Loginpagetest.java:13)
at test.Loginpagetest.launchUrl(Loginpagetest.java:13)
at test.Loginpagetest.launchUrl(Loginpagetest.java:13)
at test.Loginpagetest.launchUrl(Loginpagetest.java:13)
at test.Loginpagetest.launchUrl(Loginpagetest.java:13)
at test.Loginpagetest.launchUrl(Loginpagetest.java:13)
at test.Loginpagetest.launchUrl(Loginpagetest.java:13)
at test.Loginpagetest.launchUrl(Loginpagetest.java:13)
at test.Loginpagetest.launchUrl(Loginpagetest.java:13)
at test.Loginpagetest.launchUrl(Loginpagetest.java:13)
at test.Loginpagetest.launchUrl(Loginpagetest.java:13)
at test.Loginpagetest.launchUrl(Loginpagetest.java:13)
at test.Loginpagetest.launchUrl(Loginpagetest.java:13)
at test.Loginpagetest.launchUrl(Loginpagetest.java:13)
at test.Loginpagetest.launchUrl(Loginpagetest.java:13)
at test.Loginpagetest.launchUrl(Loginpagetest.java:13)
[...]
at test.Loginpagetest.launchUrl(Loginpagetest.java:13)
at test.Loginpagetest.launchUrl(Loginpagetest.java:13)
at test.Loginpagetest.launchUrl(Loginpagetest.java:13)
at test.Loginpagetest.launchUrl(Loginpagetest.java:13)
at test.Loginpagetest.launchUrl(Loginpagetest.java:13)
at test.Loginpagetest.launchUrl(Loginpagetest.java:13)
at test.Loginpagetest.launchUrl(Loginpagetest.java:13)
at test.Loginpagetest.launchUrl(Loginpagetest.java:13)
at test.Loginpagetest.launchUrl(Loginpagetest.java:13)
at test.Loginpagetest.launchUrl(Loginpagetest.java:13)
at test.Loginpagetest.launchUrl(Loginpagetest.java:13)
at test.Loginpagetest.launchUrl(Loginpagetest.java:13)
at test.Loginpagetest.launchUrl(Loginpagetest.java:13)
at test.Loginpagetest.launchUrl(Loginpagetest.java:13)
at test.Loginpagetest.launchUrl(Loginpagetest.java:13)
at test.Loginpagetest.launchUrl(Loginpagetest.java:13)
at test.Loginpagetest.launchUrl(Loginpagetest.java:13)
at test.Loginpagetest.launchUrl(Loginpagetest.java:13)
at test.Loginpagetest.launchUrl(Loginpagetest.java:13)
at test.Loginpagetest.launchUrl(Loginpagetest.java:13)
at test.Loginpagetest.launchUrl(Loginpagetest.java:13)
at test.Loginpagetest.launchUrl(Loginpagetest.java:13)
at test.Loginpagetest.launchUrl(Loginpagetest.java:13)
at test.Loginpagetest.launchUrl(Loginpagetest.java:13)
at test.Loginpagetest.launchUrl(Loginpagetest.java:13)
at test.Loginpagetest.launchUrl(Loginpagetest.java:13)
at test.Loginpagetest.launchUrl(Loginpagetest.java:13)
at test.Loginpagetest.launchUrl(Loginpagetest.java:13)
at test.Loginpagetest.launchUrl(Loginpagetest.java:13)
at test.Loginpagetest.launchUrl(Loginpagetest.java:13)
at test.Loginpagetest.launchUrl(Loginpagetest.java:13)
at test.Loginpagetest.launchUrl(Loginpagetest.java:13)
at test.Loginpagetest.launchUrl(Loginpagetest.java:13)
at test.Loginpagetest.launchUrl(Loginpagetest.java:13)
at test.Loginpagetest.launchUrl(Loginpagetest.java:13)
at test.Loginpagetest.launchUrl(Loginpagetest.java:13)
at test.Loginpagetest.launchUrl(Loginpagetest.java:13)
at test.Loginpagetest.launchUrl(Loginpagetest.java:13)
at test.Loginpagetest.launchUrl(Loginpagetest.java:13)
at test.Loginpagetest.launchUrl(Loginpagetest.java:13)
at test.Loginpagetest.launchUrl(Loginpagetest.java:13)
at test.Loginpagetest.launchUrl(Loginpagetest.java:13)
at test.Loginpagetest.launchUrl(Loginpagetest.java:13)
at test.Loginpagetest.launchUrl(Loginpagetest.java:13)
at test.Loginpagetest.launchUrl(Loginpagetest.java:13)
at test.Loginpagetest.launchUrl(Loginpagetest.java:13)
at test.Loginpagetest.launchUrl(Loginpagetest.java:13)
at test.Loginpagetest.launchUrl(Loginpagetest.java:13)
at test.Loginpagetest.launchUrl(Loginpagetest.java:13)
at test.Loginpagetest.launchUrl(Loginpagetest.java:13)
at test.Loginpagetest.launchUrl(Loginpagetest.java:13)
at test.Loginpagetest.launchUrl(Loginpagetest.java:13)
at test.Loginpagetest.launchUrl(Loginpagetest.java:13)
at test.Loginpagetest.launchUrl(Loginpagetest.java:13)
at test.Loginpagetest.launchUrl(Loginpagetest.java:13)
at test.Loginpagetest.launchUrl(Loginpagetest.java:13)
at test.Loginpagetest.launchUrl(Loginpagetest.java:13)
at test.Loginpagetest.launchUrl(Loginpagetest.java:13)
at test.Loginpagetest.launchUrl(Loginpagetest.java:13)
at test.Loginpagetest.launchUrl(Loginpagetest.java:13)
at test.Loginpagetest.launchUrl(Loginpagetest.java:13)
at test.Loginpagetest.launchUrl(Loginpagetest.java:13)
at test.Loginpagetest.launchUrl(Loginpagetest.java:13)
at test.Loginpagetest.launchUrl(Loginpagetest.java:13)
at test.Loginpagetest.launchUrl(Loginpagetest.java:13)
at test.Loginpagetest.launchUrl(Loginpagetest.java:13)
at test.Loginpagetest.launchUrl(Loginpagetest.java:13)
at test.Loginpagetest.launchUrl(Loginpagetest.java:13)
at test.Loginpagetest.launchUrl(Loginpagetest.java:13)
at test.Loginpagetest.launchUrl(Loginpagetest.java:13)
at test.Loginpagetest.launchUrl(Loginpagetest.java:13)
at test.Loginpagetest.launchUrl(Loginpagetest.java:13)
at test.Loginpagetest.launchUrl(Loginpagetest.java:13)
at test.Loginpagetest.launchUrl(Loginpagetest.java:13)
at test.Loginpagetest.launchUrl(Loginpagetest.java:13)
at test.Loginpagetest.launchUrl(Loginpagetest.java:13)
at test.Loginpagetest.launchUrl(Loginpagetest.java:13)
at test.Loginpagetest.launchUrl(Loginpagetest.java:13)
at test.Loginpagetest.launchUrl(Loginpagetest.java:13)
at test.Loginpagetest.launchUrl(Loginpagetest.java:13)
at test.Loginpagetest.launchUrl(Loginpagetest.java:13)
at test.Loginpagetest.launchUrl(Loginpagetest.java:13)
at test.Loginpagetest.launchUrl(Loginpagetest.java:13)
at test.Loginpagetest.launchUrl(Loginpagetest.java:13)
at test.Loginpagetest.launchUrl(Loginpagetest.java:13)
at test.Loginpagetest.launchUrl(Loginpagetest.java:13)
at test.Loginpagetest.launchUrl(Loginpagetest.java:13)
at test.Loginpagetest.launchUrl(Loginpagetest.java:13)
at test.Loginpagetest.launchUrl(Loginpagetest.java:13)
at test.Loginpagetest.launchUrl(Loginpagetest.java:13)
at test.Loginpagetest.launchUrl(Loginpagetest.java:13)
at test.Loginpagetest.launchUrl(Loginpagetest.java:13)
at test.Loginpagetest.launchUrl(Loginpagetest.java:13)
at test.Loginpagetest.launchUrl(Loginpagetest.java:13)
at test.Loginpagetest.launchUrl(Loginpagetest.java:13)
at test.Loginpagetest.launchUrl(Loginpagetest.java:13)
at test.Loginpagetest.launchUrl(Loginpagetest.java:13)
at test.Loginpagetest.launchUrl(Loginpagetest.java:13)
at test.Loginpagetest.launchUrl(Loginpagetest.java:13)
at test.Loginpagetest.launchUrl(Loginpagetest.java:13)
at test.Loginpagetest.launchUrl(Loginpagetest.java:13)
at test.Loginpagetest.launchUrl(Loginpagetest.java:13)
at test.Loginpagetest.launchUrl(Loginpagetest.java:13)
at test.Loginpagetest.launchUrl(Loginpagetest.java:13)
at test.Loginpagetest.launchUrl(Loginpagetest.java:13)
at test.Loginpagetest.launchUrl(Loginpagetest.java:13)
at test.Loginpagetest.launchUrl(Loginpagetest.java:13)
at test.Loginpagetest.launchUrl(Loginpagetest.java:13)
at test.Loginpagetest.launchUrl(Loginpagetest.java:13)
at test.Loginpagetest.launchUrl(Loginpagetest.java:13)
at test.Loginpagetest.launchUrl(Loginpagetest.java:13)
at test.Loginpagetest.launchUrl(Loginpagetest.java:13)
at test.Loginpagetest.launchUrl(Loginpagetest.java:13)
at test.Loginpagetest.launchUrl(Loginpagetest.java:13)
at test.Loginpagetest.launchUrl(Loginpagetest.java:13)
at test.Loginpagetest.launchUrl(Loginpagetest.java:13)
at test.Loginpagetest.launchUrl(Loginpagetest.java:13)
at test.Loginpagetest.launchUrl(Loginpagetest.java:13)
at test.Loginpagetest.launchUrl(Loginpagetest.java:13)
at test.Loginpagetest.launchUrl(Loginpagetest.java:13)
at test.Loginpagetest.launchUrl(Loginpagetest.java:13)
at test.Loginpagetest.launchUrl(Loginpagetest.java:13)
at test.Loginpagetest.launchUrl(Loginpagetest.java:13)
at test.Loginpagetest.launchUrl(Loginpagetest.java:13)
at test.Loginpagetest.launchUrl(Loginpagetest.java:13)
at test.Loginpagetest.launchUrl(Loginpagetest.java:13)
at test.Loginpagetest.launchUrl(Loginpagetest.java:13)
at test.Loginpagetest.launchUrl(Loginpagetest.java:13)
at test.Loginpagetest.launchUrl(Loginpagetest.java:13)
at test.Loginpagetest.launchUrl(Loginpagetest.java:13)
at test.Loginpagetest.launchUrl(Loginpagetest.java:13)
at test.Loginpagetest.launchUrl(Loginpagetest.java:13)
at test.Loginpagetest.launchUrl(Loginpagetest.java:13)
at test.Loginpagetest.launchUrl(Loginpagetest.java:13)
at test.Loginpagetest.launchUrl(Loginpagetest.java:13)
at test.Loginpagetest.launchUrl(Loginpagetest.java:13)
at test.Loginpagetest.launchUrl(Loginpagetest.java:13)
at test.Loginpagetest.launchUrl(Loginpagetest.java:13)
at test.Loginpagetest.launchUrl(Loginpagetest.java:13)
at test.Loginpagetest.launchUrl(Loginpagetest.java:13)
at test.Loginpagetest.launchUrl(Loginpagetest.java:13)
at test.Loginpagetest.launchUrl(Loginpagetest.java:13)
at test.Loginpagetest.launchUrl(Loginpagetest.java:13)
at test.Loginpagetest.launchUrl(Loginpagetest.java:13)
at test.Loginpagetest.launchUrl(Loginpagetest.java:13)
at test.Loginpagetest.launchUrl(Loginpagetest.java:13)
at test.Loginpagetest.launchUrl(Loginpagetest.java:13)
at test.Loginpagetest.launchUrl(Loginpagetest.java:13)
at test.Loginpagetest.launchUrl(Loginpagetest.java:13)
at test.Loginpagetest.launchUrl(Loginpagetest.java:13)
at test.Loginpagetest.launchUrl(Loginpagetest.java:13)
at test.Loginpagetest.launchUrl(Loginpagetest.java:13)
at test.Loginpagetest.launchUrl(Loginpagetest.java:13)
at test.Loginpagetest.launchUrl(Loginpagetest.java:13)
at test.Loginpagetest.launchUrl(Loginpagetest.java:13)
at test.Loginpagetest.launchUrl(Loginpagetest.java:13)
at test.Loginpagetest.launchUrl(Loginpagetest.java:13)
at test.Loginpagetest.launchUrl(Loginpagetest.java:13)
at test.Loginpagetest.launchUrl(Loginpagetest.java:13)
at test.Loginpagetest.launchUrl(Loginpagetest.java:13)
at test.Loginpagetest.launchUrl(Loginpagetest.java:13)
at test.Loginpagetest.launchUrl(Loginpagetest.java:13)
at test.Loginpagetest.launchUrl(Loginpagetest.java:13)
at test.Loginpagetest.launchUrl(Loginpagetest.java:13)
at test.Loginpagetest.launchUrl(Loginpagetest.java:13)
at test.Loginpagetest.launchUrl(Loginpagetest.java:13)
at test.Loginpagetest.launchUrl(Loginpagetest.java:13)
at test.Loginpagetest.launchUrl(Loginpagetest.java:13)
at test.Loginpagetest.launchUrl(Loginpagetest.java:13)
at test.Loginpagetest.launchUrl(Loginpagetest.java:13)
at test.Loginpagetest.launchUrl(Loginpagetest.java:13)
at test.Loginpagetest.launchUrl(Loginpagetest.java:13)
at test.Loginpagetest.launchUrl(Loginpagetest.java:13)
at test.Loginpagetest.launchUrl(Loginpagetest.java:13)
at test.Loginpagetest.launchUrl(Loginpagetest.java:13)
at test.Loginpagetest.launchUrl(Loginpagetest.java:13)
at test.Loginpagetest.launchUrl(Loginpagetest.java:13)
at test.Loginpagetest.launchUrl(Loginpagetest.java:13)
at test.Loginpagetest.launchUrl(Loginpagetest.java:13)
at test.Loginpagetest.launchUrl(Loginpagetest.java:13)
at test.Loginpagetest.launchUrl(Loginpagetest.java:13)
at test.Loginpagetest.launchUrl(Loginpagetest.java:13)
at test.Loginpagetest.launchUrl(Loginpagetest.java:13)
at test.Loginpagetest.launchUrl(Loginpagetest.java:13)
at test.Loginpagetest.launchUrl(Loginpagetest.java:13)
at test.Loginpagetest.launchUrl(Loginpagetest.java:13)
at test.Loginpagetest.launchUrl(Loginpagetest.java:13)
at test.Loginpagetest.launchUrl(Loginpagetest.java:13)
at test.Loginpagetest.launchUrl(Loginpagetest.java:13)
at test.Loginpagetest.launchUrl(Loginpagetest.java:13)
at test.Loginpagetest.launchUrl(Loginpagetest.java:13)
at test.Loginpagetest.launchUrl(Loginpagetest.java:13)
at test.Loginpagetest.launchUrl(Loginpagetest.java:13)
at test.Loginpagetest.launchUrl(Loginpagetest.java:13)
at test.Loginpagetest.launchUrl(Loginpagetest.java:13)
at test.Loginpagetest.launchUrl(Loginpagetest.java:13)
at test.Loginpagetest.launchUrl(Loginpagetest.java:13)
at test.Loginpagetest.launchUrl(Loginpagetest.java:13)
at test.Loginpagetest.launchUrl(Loginpagetest.java:13)
at test.Loginpagetest.launchUrl(Loginpagetest.java:13)
at test.Loginpagetest.launchUrl(Loginpagetest.java:13)
at test.Loginpagetest.launchUrl(Loginpagetest.java:13)
at test.Loginpagetest.launchUrl(Loginpagetest.java:13)
at test.Loginpagetest.launchUrl(Loginpagetest.java:13)
at test.Loginpagetest.launchUrl(Loginpagetest.java:13)
at test.Loginpagetest.launchUrl(Loginpagetest.java:13)
at test.Loginpagetest.launchUrl(Loginpagetest.java:13)
at test.Loginpagetest.launchUrl(Loginpagetest.java:13)
at test.Loginpagetest.launchUrl(Loginpagetest.java:13)
at test.Loginpagetest.launchUrl(Loginpagetest.java:13)
at test.Loginpagetest.launchUrl(Loginpagetest.java:13)
at test.Loginpagetest.launchUrl(Loginpagetest.java:13)
at test.Loginpagetest.launchUrl(Loginpagetest.java:13)
at test.Loginpagetest.launchUrl(Loginpagetest.java:13)
at test.Loginpagetest.launchUrl(Loginpagetest.java:13)
at test.Loginpagetest.launchUrl(Loginpagetest.java:13)
at test.Loginpagetest.launchUrl(Loginpagetest.java:13)
at test.Loginpagetest.launchUrl(Loginpagetest.java:13)
at test.Loginpagetest.launchUrl(Loginpagetest.java:13)
at test.Loginpagetest.launchUrl(Loginpagetest.java:13)
at test.Loginpagetest.launchUrl(Loginpagetest.java:13)
at test.Loginpagetest.launchUrl(Loginpagetest.java:13)
at test.Loginpagetest.launchUrl(Loginpagetest.java:13)
at test.Loginpagetest.launchUrl(Loginpagetest.java:13)
at test.Loginpagetest.launchUrl(Loginpagetest.java:13)
at test.Loginpagetest.launchUrl(Loginpagetest.java:13)
at test.Loginpagetest.launchUrl(Loginpagetest.java:13)
at test.Loginpagetest.launchUrl(Loginpagetest.java:13)
at test.Loginpagetest.launchUrl(Loginpagetest.java:13)
at test.Loginpagetest.launchUrl(Loginpagetest.java:13)
at test.Loginpagetest.launchUrl(Loginpagetest.java:13)
at test.Loginpagetest.launchUrl(Loginpagetest.java:13)
at test.Loginpagetest.launchUrl(Loginpagetest.java:13)
at test.Loginpagetest.launchUrl(Loginpagetest.java:13)
at test.Loginpagetest.launchUrl(Loginpagetest.java:13)
at test.Loginpagetest.launchUrl(Loginpagetest.java:13)
at test.Loginpagetest.launchUrl(Loginpagetest.java:13)
at test.Loginpagetest.launchUrl(Loginpagetest.java:13)
at test.Loginpagetest.launchUrl(Loginpagetest.java:13)
at test.Loginpagetest.launchUrl(Loginpagetest.java:13)
at test.Loginpagetest.launchUrl(Loginpagetest.java:13)
at test.Loginpagetest.launchUrl(Loginpagetest.java:13)
at test.Loginpagetest.launchUrl(Loginpagetest.java:13)
at test.Loginpagetest.launchUrl(Loginpagetest.java:13)
at test.Loginpagetest.launchUrl(Loginpagetest.java:13)
at test.Loginpagetest.launchUrl(Loginpagetest.java:13)
at test.Loginpagetest.launchUrl(Loginpagetest.java:13)
at test.Loginpagetest.launchUrl(Loginpagetest.java:13)
at test.Loginpagetest.launchUrl(Loginpagetest.java:13)
at test.Loginpagetest.launchUrl(Loginpagetest.java:13)
at test.Loginpagetest.launchUrl(Loginpagetest.java:13)
at test.Loginpagetest.launchUrl(Loginpagetest.java:13)
at test.Loginpagetest.launchUrl(Loginpagetest.java:13)
at test.Loginpagetest.launchUrl(Loginpagetest.java:13)
at test.Loginpagetest.launchUrl(Loginpagetest.java:13)
at test.Loginpagetest.launchUrl(Loginpagetest.java:13)
at test.Loginpagetest.launchUrl(Loginpagetest.java:13)
at test.Loginpagetest.launchUrl(Loginpagetest.java:13)
at test.Loginpagetest.launchUrl(Loginpagetest.java:13)
at test.Loginpagetest.launchUrl(Loginpagetest.java:13)
at test.Loginpagetest.launchUrl(Loginpagetest.java:13)
at test.Loginpagetest.launchUrl(Loginpagetest.java:13)
at test.Loginpagetest.launchUrl(Loginpagetest.java:13)
at test.Loginpagetest.launchUrl(Loginpagetest.java:13)
at test.Loginpagetest.launchUrl(Loginpagetest.java:13)
at test.Loginpagetest.launchUrl(Loginpagetest.java:13)
at test.Loginpagetest.launchUrl(Loginpagetest.java:13)
at test.Loginpagetest.launchUrl(Loginpagetest.java:13)
at test.Loginpagetest.launchUrl(Loginpagetest.java:13)
at test.Loginpagetest.launchUrl(Loginpagetest.java:13)
at test.Loginpagetest.launchUrl(Loginpagetest.java:13)
at test.Loginpagetest.launchUrl(Loginpagetest.java:13)
at test.Loginpagetest.launchUrl(Loginpagetest.java:13)
at test.Loginpagetest.launchUrl(Loginpagetest.java:13)
at test.Loginpagetest.launchUrl(Loginpagetest.java:13)
at test.Loginpagetest.launchUrl(Loginpagetest.java:13)
at test.Loginpagetest.launchUrl(Loginpagetest.java:13)
at test.Loginpagetest.launchUrl(Loginpagetest.java:13)
at test.Loginpagetest.launchUrl(Loginpagetest.java:13)
at test.Loginpagetest.launchUrl(Loginpagetest.java:13)
at test.Loginpagetest.launchUrl(Loginpagetest.java:13)
at test.Loginpagetest.launchUrl(Loginpagetest.java:13)
at test.Loginpagetest.launchUrl(Loginpagetest.java:13)
at test.Loginpagetest.launchUrl(Loginpagetest.java:13)
at test.Loginpagetest.launchUrl(Loginpagetest.java:13)
at test.Loginpagetest.launchUrl(Loginpagetest.java:13)
at test.Loginpagetest.launchUrl(Loginpagetest.java:13)
at test.Loginpagetest.launchUrl(Loginpagetest.java:13)
at test.Loginpagetest.launchUrl(Loginpagetest.java:13)
at test.Loginpagetest.launchUrl(Loginpagetest.java:13)
at test.Loginpagetest.launchUrl(Loginpagetest.java:13)
at test.Loginpagetest.launchUrl(Loginpagetest.java:13)
at test.Loginpagetest.launchUrl(Loginpagetest.java:13)
at test.Loginpagetest.launchUrl(Loginpagetest.java:13)
at test.Loginpagetest.launchUrl(Loginpagetest.java:13)
at test.Loginpagetest.launchUrl(Loginpagetest.java:13)
at test.Loginpagetest.launchUrl(Loginpagetest.java:13)
at test.Loginpagetest.launchUrl(Loginpagetest.java:13)
at test.Loginpagetest.launchUrl(Loginpagetest.java:13)
at test.Loginpagetest.launchUrl(Loginpagetest.java:13)
at test.Loginpagetest.launchUrl(Loginpagetest.java:13)
at test.Loginpagetest.launchUrl(Loginpagetest.java:13)
at test.Loginpagetest.launchUrl(Loginpagetest.java:13)
at test.Loginpagetest.launchUrl(Loginpagetest.java:13)
at test.Loginpagetest.launchUrl(Loginpagetest.java:13)
at test.Loginpagetest.launchUrl(Loginpagetest.java:13)
at test.Loginpagetest.launchUrl(Loginpagetest.java:13)
at test.Loginpagetest.launchUrl(Loginpagetest.java:13)
at test.Loginpagetest.launchUrl(Loginpagetest.java:13)
at test.Loginpagetest.launchUrl(Loginpagetest.java:13)
at test.Loginpagetest.launchUrl(Loginpagetest.java:13)
at test.Loginpagetest.launchUrl(Loginpagetest.java:13)
at test.Loginpagetest.launchUrl(Loginpagetest.java:13)
at test.Loginpagetest.launchUrl(Loginpagetest.java:13)
at test.Loginpagetest.launchUrl(Loginpagetest.java:13)
at test.Loginpagetest.launchUrl(Loginpagetest.java:13)
at test.Loginpagetest.launchUrl(Loginpagetest.java:13)
at test.Loginpagetest.launchUrl(Loginpagetest.java:13)
at test.Loginpagetest.launchUrl(Loginpagetest.java:13)
at test.Loginpagetest.launchUrl(Loginpagetest.java:13)
at test.Loginpagetest.launchUrl(Loginpagetest.java:13)
at test.Loginpagetest.launchUrl(Loginpagetest.java:13)
at test.Loginpagetest.launchUrl(Loginpagetest.java:13)
at test.Loginpagetest.launchUrl(Loginpagetest.java:13)
at test.Loginpagetest.launchUrl(Loginpagetest.java:13)
at test.Loginpagetest.launchUrl(Loginpagetest.java:13)
at test.Loginpagetest.launchUrl(Loginpagetest.java:13)
at test.Loginpagetest.launchUrl(Loginpagetest.java:13)
at test.Loginpagetest.launchUrl(Loginpagetest.java:13)
at test.Loginpagetest.launchUrl(Loginpagetest.java:13)
at test.Loginpagetest.launchUrl(Loginpagetest.java:13)
at test.Loginpagetest.launchUrl(Loginpagetest.java:13)
at test.Loginpagetest.launchUrl(Loginpagetest.java:13)
at test.Loginpagetest.launchUrl(Loginpagetest.java:13)
at test.Loginpagetest.launchUrl(Loginpagetest.java:13)
at test.Loginpagetest.launchUrl(Loginpagetest.java:13)
at test.Loginpagetest.launchUrl(Loginpagetest.java:13)
at test.Loginpagetest.launchUrl(Loginpagetest.java:13)
at test.Loginpagetest.launchUrl(Loginpagetest.java:13)
at test.Loginpagetest.launchUrl(Loginpagetest.java:13)
at test.Loginpagetest.launchUrl(Loginpagetest.java:13)
at test.Loginpagetest.launchUrl(Loginpagetest.java:13)
at test.Loginpagetest.launchUrl(Loginpagetest.java:13)
at test.Loginpagetest.launchUrl(Loginpagetest.java:13)
at test.Loginpagetest.launchUrl(Loginpagetest.java:13)
at test.Loginpagetest.launchUrl(Loginpagetest.java:13)
at test.Loginpagetest.launchUrl(Loginpagetest.java:13)
at test.Loginpagetest.launchUrl(Loginpagetest.java:13)
at test.Loginpagetest.launchUrl(Loginpagetest.java:13)
at test.Loginpagetest.launchUrl(Loginpagetest.java:13)
at test.Loginpagetest.launchUrl(Loginpagetest.java:13)
at test.Loginpagetest.launchUrl(Loginpagetest.java:13)
at test.Loginpagetest.launchUrl(Loginpagetest.java:13)
at test.Loginpagetest.launchUrl(Loginpagetest.java:13)
at test.Loginpagetest.launchUrl(Loginpagetest.java:13)
at test.Loginpagetest.launchUrl(Loginpagetest.java:13)
at test.Loginpagetest.launchUrl(Loginpagetest.java:13)
]]>
            </full-stacktrace>
          </exception> <!-- java.lang.StackOverflowError -->
          <reporter-output>
          </reporter-output>
        </test-method> <!-- getURL -->
      </class> <!-- test.Loginpagetest -->
    </test> <!-- Default test -->
  </suite> <!-- Default suite -->
</testng-results>
