<?xml version="1.0" encoding="UTF-8"?>
<!-- Generated by org.testng.reporters.JUnitXMLReporter -->
<testsuite ignored="0" hostname="DESKTOP-2FG08GB" failures="0" tests="3" name="Default test" time="0.518" errors="0" timestamp="2024-07-02T14:40:36 IST">
  <testcase classname="test.Loginpagetest" name="@BeforeTest launchUrl" time="0.042">
    <failure type="java.lang.StackOverflowError">
      <![CDATA[java.lang.StackOverflowError
at test.Loginpagetest.launchUrl(Loginpagetest.java:13)
at test.Loginpagetest.launchUrl(Loginpagetest.java:13)
at test.Loginpagetest.launchUrl(Loginpagetest.java:13)
at test.Loginpagetest.launchUrl(Loginpagetest.java:13)
at test.Loginpagetest.launchUrl(Loginpagetest.java:13)
at test.Loginpagetest.launchUrl(Loginpagetest.java:13)
at test.Loginpagetest.launchUrl(Loginpagetest.java:13)
at test.Loginpagetest.launchUrl(Loginpagetest.java:13)
at test.Loginpagetest.launchUrl(Loginpagetest.java:13)
at test.Loginpagetest.launchUrl(Loginpagetest.java:13)
at test.Loginpagetest.launchUrl(Loginpagetest.java:13)
at test.Loginpagetest.launchUrl(Loginpagetest.java:13)
at test.Loginpagetest.launchUrl(Loginpagetest.java:13)
at test.Loginpagetest.launchUrl(Loginpagetest.java:13)
at test.Loginpagetest.launchUrl(Loginpagetest.java:13)
at test.Loginpagetest.launchUrl(Loginpagetest.java:13)
at test.Loginpagetest.launchUrl(Loginpagetest.java:13)
at test.Loginpagetest.launchUrl(Loginpagetest.java:13)
at test.Loginpagetest.launchUrl(Loginpagetest.java:13)
at test.Loginpagetest.launchUrl(Loginpagetest.java:13)
at test.Loginpagetest.launchUrl(Loginpagetest.java:13)
at test.Loginpagetest.launchUrl(Loginpagetest.java:13)
at test.Loginpagetest.launchUrl(Loginpagetest.java:13)
at test.Loginpagetest.launchUrl(Loginpagetest.java:13)
at test.Loginpagetest.launchUrl(Loginpagetest.java:13)
at test.Loginpagetest.launchUrl(Loginpagetest.java:13)
at test.Loginpagetest.launchUrl(Loginpagetest.java:13)
at test.Loginpagetest.launchUrl(Loginpagetest.java:13)
at test.Loginpagetest.launchUrl(Loginpagetest.java:13)
at test.Loginpagetest.launchUrl(Loginpagetest.java:13)
at test.Loginpagetest.launchUrl(Loginpagetest.java:13)
at test.Loginpagetest.launchUrl(Loginpagetest.java:13)
at test.Loginpagetest.launchUrl(Loginpagetest.java:13)
at test.Loginpagetest.launchUrl(Loginpagetest.java:13)
at test.Loginpagetest.launchUrl(Loginpagetest.java:13)
at test.Loginpagetest.launchUrl(Loginpagetest.java:13)
at test.Loginpagetest.launchUrl(Loginpagetest.java:13)
at test.Loginpagetest.launchUrl(Loginpagetest.java:13)
at test.Loginpagetest.launchUrl(Loginpagetest.java:13)
at test.Loginpagetest.launchUrl(Loginpagetest.java:13)
at test.Loginpagetest.launchUrl(Loginpagetest.java:13)
at test.Loginpagetest.launchUrl(Loginpagetest.java:13)
at test.Loginpagetest.launchUrl(Loginpagetest.java:13)
at test.Loginpagetest.launchUrl(Loginpagetest.java:13)
at test.Loginpagetest.launchUrl(Loginpagetest.java:13)
at test.Loginpagetest.launchUrl(Loginpagetest.java:13)
at test.Loginpagetest.launchUrl(Loginpagetest.java:13)
at test.Loginpagetest.launchUrl(Loginpagetest.java:13)
at test.Loginpagetest.launchUrl(Loginpagetest.java:13)
at test.Loginpagetest.launchUrl(Loginpagetest.java:13)
at test.Loginpagetest.launchUrl(Loginpagetest.java:13)
at test.Loginpagetest.launchUrl(Loginpagetest.java:13)
at test.Loginpagetest.launchUrl(Loginpagetest.java:13)
at test.Loginpagetest.launchUrl(Loginpagetest.java:13)
at test.Loginpagetest.launchUrl(Loginpagetest.java:13)
at test.Loginpagetest.launchUrl(Loginpagetest.java:13)
at test.Loginpagetest.launchUrl(Loginpagetest.java:13)
at test.Loginpagetest.launchUrl(Loginpagetest.java:13)
at test.Loginpagetest.launchUrl(Loginpagetest.java:13)
at test.Loginpagetest.launchUrl(Loginpagetest.java:13)
at test.Loginpagetest.launchUrl(Loginpagetest.java:13)
at test.Loginpagetest.launchUrl(Loginpagetest.java:13)
at test.Loginpagetest.launchUrl(Loginpagetest.java:13)
at test.Loginpagetest.launchUrl(Loginpagetest.java:13)
at test.Loginpagetest.launchUrl(Loginpagetest.java:13)
at test.Loginpagetest.launchUrl(Loginpagetest.java:13)
at test.Loginpagetest.launchUrl(Loginpagetest.java:13)
at test.Loginpagetest.launchUrl(Loginpagetest.java:13)
at test.Loginpagetest.launchUrl(Loginpagetest.java:13)
at test.Loginpagetest.launchUrl(Loginpagetest.java:13)
at test.Loginpagetest.launchUrl(Loginpagetest.java:13)
at test.Loginpagetest.launchUrl(Loginpagetest.java:13)
at test.Loginpagetest.launchUrl(Loginpagetest.java:13)
at test.Loginpagetest.launchUrl(Loginpagetest.java:13)
at test.Loginpagetest.launchUrl(Loginpagetest.java:13)
at test.Loginpagetest.launchUrl(Loginpagetest.java:13)
at test.Loginpagetest.launchUrl(Loginpagetest.java:13)
at test.Loginpagetest.launchUrl(Loginpagetest.java:13)
at test.Loginpagetest.launchUrl(Loginpagetest.java:13)
at test.Loginpagetest.launchUrl(Loginpagetest.java:13)
at test.Loginpagetest.launchUrl(Loginpagetest.java:13)
at test.Loginpagetest.launchUrl(Loginpagetest.java:13)
at test.Loginpagetest.launchUrl(Loginpagetest.java:13)
at test.Loginpagetest.launchUrl(Loginpagetest.java:13)
at test.Loginpagetest.launchUrl(Loginpagetest.java:13)
at test.Loginpagetest.launchUrl(Loginpagetest.java:13)
at test.Loginpagetest.launchUrl(Loginpagetest.java:13)
at test.Loginpagetest.launchUrl(Loginpagetest.java:13)
at test.Loginpagetest.launchUrl(Loginpagetest.java:13)
at test.Loginpagetest.launchUrl(Loginpagetest.java:13)
at test.Loginpagetest.launchUrl(Loginpagetest.java:13)
at test.Loginpagetest.launchUrl(Loginpagetest.java:13)
at test.Loginpagetest.launchUrl(Loginpagetest.java:13)
at test.Loginpagetest.launchUrl(Loginpagetest.java:13)
at test.Loginpagetest.launchUrl(Loginpagetest.java:13)
at test.Loginpagetest.launchUrl(Loginpagetest.java:13)
at test.Loginpagetest.launchUrl(Loginpagetest.java:13)
at test.Loginpagetest.launchUrl(Loginpagetest.java:13)
at test.Loginpagetest.launchUrl(Loginpagetest.java:13)
at test.Loginpagetest.launchUrl(Loginpagetest.java:13)
at test.Loginpagetest.launchUrl(Loginpagetest.java:13)
at test.Loginpagetest.launchUrl(Loginpagetest.java:13)
at test.Loginpagetest.launchUrl(Loginpagetest.java:13)
at test.Loginpagetest.launchUrl(Loginpagetest.java:13)
at test.Loginpagetest.launchUrl(Loginpagetest.java:13)
at test.Loginpagetest.launchUrl(Loginpagetest.java:13)
at test.Loginpagetest.launchUrl(Loginpagetest.java:13)
at test.Loginpagetest.launchUrl(Loginpagetest.java:13)
at test.Loginpagetest.launchUrl(Loginpagetest.java:13)
at test.Loginpagetest.launchUrl(Loginpagetest.java:13)
at test.Loginpagetest.launchUrl(Loginpagetest.java:13)
at test.Loginpagetest.launchUrl(Loginpagetest.java:13)
at test.Loginpagetest.launchUrl(Loginpagetest.java:13)
at test.Loginpagetest.launchUrl(Loginpagetest.java:13)
at test.Loginpagetest.launchUrl(Loginpagetest.java:13)
at test.Loginpagetest.launchUrl(Loginpagetest.java:13)
at test.Loginpagetest.launchUrl(Loginpagetest.java:13)
at test.Loginpagetest.launchUrl(Loginpagetest.java:13)
at test.Loginpagetest.launchUrl(Loginpagetest.java:13)
at test.Loginpagetest.launchUrl(Loginpagetest.java:13)
at test.Loginpagetest.launchUrl(Loginpagetest.java:13)
at test.Loginpagetest.launchUrl(Loginpagetest.java:13)
at test.Loginpagetest.launchUrl(Loginpagetest.java:13)
at test.Loginpagetest.launchUrl(Loginpagetest.java:13)
at test.Loginpagetest.launchUrl(Loginpagetest.java:13)
at test.Loginpagetest.launchUrl(Loginpagetest.java:13)
at test.Loginpagetest.launchUrl(Loginpagetest.java:13)
at test.Loginpagetest.launchUrl(Loginpagetest.java:13)
at test.Loginpagetest.launchUrl(Loginpagetest.java:13)
at test.Loginpagetest.launchUrl(Loginpagetest.java:13)
at test.Loginpagetest.launchUrl(Loginpagetest.java:13)
at test.Loginpagetest.launchUrl(Loginpagetest.java:13)
at test.Loginpagetest.launchUrl(Loginpagetest.java:13)
at test.Loginpagetest.launchUrl(Loginpagetest.java:13)
at test.Loginpagetest.launchUrl(Loginpagetest.java:13)
at test.Loginpagetest.launchUrl(Loginpagetest.java:13)
at test.Loginpagetest.launchUrl(Loginpagetest.java:13)
at test.Loginpagetest.launchUrl(Loginpagetest.java:13)
at test.Loginpagetest.launchUrl(Loginpagetest.java:13)
at test.Loginpagetest.launchUrl(Loginpagetest.java:13)
at test.Loginpagetest.launchUrl(Loginpagetest.java:13)
at test.Loginpagetest.launchUrl(Loginpagetest.java:13)
at test.Loginpagetest.launchUrl(Loginpagetest.java:13)
at test.Loginpagetest.launchUrl(Loginpagetest.java:13)
at test.Loginpagetest.launchUrl(Loginpagetest.java:13)
at test.Loginpagetest.launchUrl(Loginpagetest.java:13)
at test.Loginpagetest.launchUrl(Loginpagetest.java:13)
at test.Loginpagetest.launchUrl(Loginpagetest.java:13)
at test.Loginpagetest.launchUrl(Loginpagetest.java:13)
at test.Loginpagetest.launchUrl(Loginpagetest.java:13)
at test.Loginpagetest.launchUrl(Loginpagetest.java:13)
at test.Loginpagetest.launchUrl(Loginpagetest.java:13)
at test.Loginpagetest.launchUrl(Loginpagetest.java:13)
at test.Loginpagetest.launchUrl(Loginpagetest.java:13)
at test.Loginpagetest.launchUrl(Loginpagetest.java:13)
at test.Loginpagetest.launchUrl(Loginpagetest.java:13)
at test.Loginpagetest.launchUrl(Loginpagetest.java:13)
at test.Loginpagetest.launchUrl(Loginpagetest.java:13)
at test.Loginpagetest.launchUrl(Loginpagetest.java:13)
at test.Loginpagetest.launchUrl(Loginpagetest.java:13)
at test.Loginpagetest.launchUrl(Loginpagetest.java:13)
at test.Loginpagetest.launchUrl(Loginpagetest.java:13)
at test.Loginpagetest.launchUrl(Loginpagetest.java:13)
at test.Loginpagetest.launchUrl(Loginpagetest.java:13)
at test.Loginpagetest.launchUrl(Loginpagetest.java:13)
at test.Loginpagetest.launchUrl(Loginpagetest.java:13)
at test.Loginpagetest.launchUrl(Loginpagetest.java:13)
at test.Loginpagetest.launchUrl(Loginpagetest.java:13)
at test.Loginpagetest.launchUrl(Loginpagetest.java:13)
at test.Loginpagetest.launchUrl(Loginpagetest.java:13)
at test.Loginpagetest.launchUrl(Loginpagetest.java:13)
at test.Loginpagetest.launchUrl(Loginpagetest.java:13)
at test.Loginpagetest.launchUrl(Loginpagetest.java:13)
at test.Loginpagetest.launchUrl(Loginpagetest.java:13)
at test.Loginpagetest.launchUrl(Loginpagetest.java:13)
at test.Loginpagetest.launchUrl(Loginpagetest.java:13)
at test.Loginpagetest.launchUrl(Loginpagetest.java:13)
at test.Loginpagetest.launchUrl(Loginpagetest.java:13)
at test.Loginpagetest.launchUrl(Loginpagetest.java:13)
at test.Loginpagetest.launchUrl(Loginpagetest.java:13)
at test.Loginpagetest.launchUrl(Loginpagetest.java:13)
at test.Loginpagetest.launchUrl(Loginpagetest.java:13)
at test.Loginpagetest.launchUrl(Loginpagetest.java:13)
at test.Loginpagetest.launchUrl(Loginpagetest.java:13)
at test.Loginpagetest.launchUrl(Loginpagetest.java:13)
at test.Loginpagetest.launchUrl(Loginpagetest.java:13)
at test.Loginpagetest.launchUrl(Loginpagetest.java:13)
at test.Loginpagetest.launchUrl(Loginpagetest.java:13)
at test.Loginpagetest.launchUrl(Loginpagetest.java:13)
at test.Loginpagetest.launchUrl(Loginpagetest.java:13)
at test.Loginpagetest.launchUrl(Loginpagetest.java:13)
at test.Loginpagetest.launchUrl(Loginpagetest.java:13)
at test.Loginpagetest.launchUrl(Loginpagetest.java:13)
at test.Loginpagetest.launchUrl(Loginpagetest.java:13)
at test.Loginpagetest.launchUrl(Loginpagetest.java:13)
at test.Loginpagetest.launchUrl(Loginpagetest.java:13)
at test.Loginpagetest.launchUrl(Loginpagetest.java:13)
at test.Loginpagetest.launchUrl(Loginpagetest.java:13)
at test.Loginpagetest.launchUrl(Loginpagetest.java:13)
at test.Loginpagetest.launchUrl(Loginpagetest.java:13)
at test.Loginpagetest.launchUrl(Loginpagetest.java:13)
at test.Loginpagetest.launchUrl(Loginpagetest.java:13)
at test.Loginpagetest.launchUrl(Loginpagetest.java:13)
at test.Loginpagetest.launchUrl(Loginpagetest.java:13)
at test.Loginpagetest.launchUrl(Loginpagetest.java:13)
at test.Loginpagetest.launchUrl(Loginpagetest.java:13)
at test.Loginpagetest.launchUrl(Loginpagetest.java:13)
at test.Loginpagetest.launchUrl(Loginpagetest.java:13)
at test.Loginpagetest.launchUrl(Loginpagetest.java:13)
at test.Loginpagetest.launchUrl(Loginpagetest.java:13)
at test.Loginpagetest.launchUrl(Loginpagetest.java:13)
at test.Loginpagetest.launchUrl(Loginpagetest.java:13)
at test.Loginpagetest.launchUrl(Loginpagetest.java:13)
at test.Loginpagetest.launchUrl(Loginpagetest.java:13)
at test.Loginpagetest.launchUrl(Loginpagetest.java:13)
at test.Loginpagetest.launchUrl(Loginpagetest.java:13)
at test.Loginpagetest.launchUrl(Loginpagetest.java:13)
at test.Loginpagetest.launchUrl(Loginpagetest.java:13)
at test.Loginpagetest.launchUrl(Loginpagetest.java:13)
at test.Loginpagetest.launchUrl(Loginpagetest.java:13)
at test.Loginpagetest.launchUrl(Loginpagetest.java:13)
at test.Loginpagetest.launchUrl(Loginpagetest.java:13)
at test.Loginpagetest.launchUrl(Loginpagetest.java:13)
at test.Loginpagetest.launchUrl(Loginpagetest.java:13)
at test.Loginpagetest.launchUrl(Loginpagetest.java:13)
at test.Loginpagetest.launchUrl(Loginpagetest.java:13)
at test.Loginpagetest.launchUrl(Loginpagetest.java:13)
at test.Loginpagetest.launchUrl(Loginpagetest.java:13)
at test.Loginpagetest.launchUrl(Loginpagetest.java:13)
at test.Loginpagetest.launchUrl(Loginpagetest.java:13)
at test.Loginpagetest.launchUrl(Loginpagetest.java:13)
at test.Loginpagetest.launchUrl(Loginpagetest.java:13)
at test.Loginpagetest.launchUrl(Loginpagetest.java:13)
at test.Loginpagetest.launchUrl(Loginpagetest.java:13)
at test.Loginpagetest.launchUrl(Loginpagetest.java:13)
at test.Loginpagetest.launchUrl(Loginpagetest.java:13)
at test.Loginpagetest.launchUrl(Loginpagetest.java:13)
at test.Loginpagetest.launchUrl(Loginpagetest.java:13)
at test.Loginpagetest.launchUrl(Loginpagetest.java:13)
at test.Loginpagetest.launchUrl(Loginpagetest.java:13)
at test.Loginpagetest.launchUrl(Loginpagetest.java:13)
at test.Loginpagetest.launchUrl(Loginpagetest.java:13)
at test.Loginpagetest.launchUrl(Loginpagetest.java:13)
at test.Loginpagetest.launchUrl(Loginpagetest.java:13)
at test.Loginpagetest.launchUrl(Loginpagetest.java:13)
at test.Loginpagetest.launchUrl(Loginpagetest.java:13)
at test.Loginpagetest.launchUrl(Loginpagetest.java:13)
at test.Loginpagetest.launchUrl(Loginpagetest.java:13)
at test.Loginpagetest.launchUrl(Loginpagetest.java:13)
at test.Loginpagetest.launchUrl(Loginpagetest.java:13)
at test.Loginpagetest.launchUrl(Loginpagetest.java:13)
at test.Loginpagetest.launchUrl(Loginpagetest.java:13)
at test.Loginpagetest.launchUrl(Loginpagetest.java:13)
at test.Loginpagetest.launchUrl(Loginpagetest.java:13)
at test.Loginpagetest.launchUrl(Loginpagetest.java:13)
at test.Loginpagetest.launchUrl(Loginpagetest.java:13)
at test.Loginpagetest.launchUrl(Loginpagetest.java:13)
at test.Loginpagetest.launchUrl(Loginpagetest.java:13)
at test.Loginpagetest.launchUrl(Loginpagetest.java:13)
at test.Loginpagetest.launchUrl(Loginpagetest.java:13)
at test.Loginpagetest.launchUrl(Loginpagetest.java:13)
at test.Loginpagetest.launchUrl(Loginpagetest.java:13)
at test.Loginpagetest.launchUrl(Loginpagetest.java:13)
at test.Loginpagetest.launchUrl(Loginpagetest.java:13)
at test.Loginpagetest.launchUrl(Loginpagetest.java:13)
at test.Loginpagetest.launchUrl(Loginpagetest.java:13)
at test.Loginpagetest.launchUrl(Loginpagetest.java:13)
at test.Loginpagetest.launchUrl(Loginpagetest.java:13)
at test.Loginpagetest.launchUrl(Loginpagetest.java:13)
at test.Loginpagetest.launchUrl(Loginpagetest.java:13)
at test.Loginpagetest.launchUrl(Loginpagetest.java:13)
at test.Loginpagetest.launchUrl(Loginpagetest.java:13)
at test.Loginpagetest.launchUrl(Loginpagetest.java:13)
at test.Loginpagetest.launchUrl(Loginpagetest.java:13)
at test.Loginpagetest.launchUrl(Loginpagetest.java:13)
at test.Loginpagetest.launchUrl(Loginpagetest.java:13)
at test.Loginpagetest.launchUrl(Loginpagetest.java:13)
at test.Loginpagetest.launchUrl(Loginpagetest.java:13)
at test.Loginpagetest.launchUrl(Loginpagetest.java:13)
at test.Loginpagetest.launchUrl(Loginpagetest.java:13)
at test.Loginpagetest.launchUrl(Loginpagetest.java:13)
at test.Loginpagetest.launchUrl(Loginpagetest.java:13)
at test.Loginpagetest.launchUrl(Loginpagetest.java:13)
at test.Loginpagetest.launchUrl(Loginpagetest.java:13)
at test.Loginpagetest.launchUrl(Loginpagetest.java:13)
at test.Loginpagetest.launchUrl(Loginpagetest.java:13)
at test.Loginpagetest.launchUrl(Loginpagetest.java:13)
at test.Loginpagetest.launchUrl(Loginpagetest.java:13)
at test.Loginpagetest.launchUrl(Loginpagetest.java:13)
at test.Loginpagetest.launchUrl(Loginpagetest.java:13)
at test.Loginpagetest.launchUrl(Loginpagetest.java:13)
at test.Loginpagetest.launchUrl(Loginpagetest.java:13)
at test.Loginpagetest.launchUrl(Loginpagetest.java:13)
at test.Loginpagetest.launchUrl(Loginpagetest.java:13)
at test.Loginpagetest.launchUrl(Loginpagetest.java:13)
at test.Loginpagetest.launchUrl(Loginpagetest.java:13)
at test.Loginpagetest.launchUrl(Loginpagetest.java:13)
at test.Loginpagetest.launchUrl(Loginpagetest.java:13)
at test.Loginpagetest.launchUrl(Loginpagetest.java:13)
at test.Loginpagetest.launchUrl(Loginpagetest.java:13)
at test.Loginpagetest.launchUrl(Loginpagetest.java:13)
at test.Loginpagetest.launchUrl(Loginpagetest.java:13)
at test.Loginpagetest.launchUrl(Loginpagetest.java:13)
at test.Loginpagetest.launchUrl(Loginpagetest.java:13)
at test.Loginpagetest.launchUrl(Loginpagetest.java:13)
at test.Loginpagetest.launchUrl(Loginpagetest.java:13)
at test.Loginpagetest.launchUrl(Loginpagetest.java:13)
at test.Loginpagetest.launchUrl(Loginpagetest.java:13)
at test.Loginpagetest.launchUrl(Loginpagetest.java:13)
at test.Loginpagetest.launchUrl(Loginpagetest.java:13)
at test.Loginpagetest.launchUrl(Loginpagetest.java:13)
at test.Loginpagetest.launchUrl(Loginpagetest.java:13)
at test.Loginpagetest.launchUrl(Loginpagetest.java:13)
at test.Loginpagetest.launchUrl(Loginpagetest.java:13)
at test.Loginpagetest.launchUrl(Loginpagetest.java:13)
at test.Loginpagetest.launchUrl(Loginpagetest.java:13)
at test.Loginpagetest.launchUrl(Loginpagetest.java:13)
at test.Loginpagetest.launchUrl(Loginpagetest.java:13)
at test.Loginpagetest.launchUrl(Loginpagetest.java:13)
at test.Loginpagetest.launchUrl(Loginpagetest.java:13)
at test.Loginpagetest.launchUrl(Loginpagetest.java:13)
at test.Loginpagetest.launchUrl(Loginpagetest.java:13)
at test.Loginpagetest.launchUrl(Loginpagetest.java:13)
at test.Loginpagetest.launchUrl(Loginpagetest.java:13)
at test.Loginpagetest.launchUrl(Loginpagetest.java:13)
at test.Loginpagetest.launchUrl(Loginpagetest.java:13)
at test.Loginpagetest.launchUrl(Loginpagetest.java:13)
at test.Loginpagetest.launchUrl(Loginpagetest.java:13)
at test.Loginpagetest.launchUrl(Loginpagetest.java:13)
at test.Loginpagetest.launchUrl(Loginpagetest.java:13)
at test.Loginpagetest.launchUrl(Loginpagetest.java:13)
at test.Loginpagetest.launchUrl(Loginpagetest.java:13)
at test.Loginpagetest.launchUrl(Loginpagetest.java:13)
at test.Loginpagetest.launchUrl(Loginpagetest.java:13)
at test.Loginpagetest.launchUrl(Loginpagetest.java:13)
at test.Loginpagetest.launchUrl(Loginpagetest.java:13)
at test.Loginpagetest.launchUrl(Loginpagetest.java:13)
at test.Loginpagetest.launchUrl(Loginpagetest.java:13)
at test.Loginpagetest.launchUrl(Loginpagetest.java:13)
at test.Loginpagetest.launchUrl(Loginpagetest.java:13)
at test.Loginpagetest.launchUrl(Loginpagetest.java:13)
at test.Loginpagetest.launchUrl(Loginpagetest.java:13)
at test.Loginpagetest.launchUrl(Loginpagetest.java:13)
at test.Loginpagetest.launchUrl(Loginpagetest.java:13)
at test.Loginpagetest.launchUrl(Loginpagetest.java:13)
at test.Loginpagetest.launchUrl(Loginpagetest.java:13)
at test.Loginpagetest.launchUrl(Loginpagetest.java:13)
at test.Loginpagetest.launchUrl(Loginpagetest.java:13)
at test.Loginpagetest.launchUrl(Loginpagetest.java:13)
at test.Loginpagetest.launchUrl(Loginpagetest.java:13)
at test.Loginpagetest.launchUrl(Loginpagetest.java:13)
at test.Loginpagetest.launchUrl(Loginpagetest.java:13)
at test.Loginpagetest.launchUrl(Loginpagetest.java:13)
at test.Loginpagetest.launchUrl(Loginpagetest.java:13)
at test.Loginpagetest.launchUrl(Loginpagetest.java:13)
at test.Loginpagetest.launchUrl(Loginpagetest.java:13)
at test.Loginpagetest.launchUrl(Loginpagetest.java:13)
at test.Loginpagetest.launchUrl(Loginpagetest.java:13)
at test.Loginpagetest.launchUrl(Loginpagetest.java:13)
at test.Loginpagetest.launchUrl(Loginpagetest.java:13)
at test.Loginpagetest.launchUrl(Loginpagetest.java:13)
at test.Loginpagetest.launchUrl(Loginpagetest.java:13)
at test.Loginpagetest.launchUrl(Loginpagetest.java:13)
at test.Loginpagetest.launchUrl(Loginpagetest.java:13)
at test.Loginpagetest.launchUrl(Loginpagetest.java:13)
at test.Loginpagetest.launchUrl(Loginpagetest.java:13)
at test.Loginpagetest.launchUrl(Loginpagetest.java:13)
at test.Loginpagetest.launchUrl(Loginpagetest.java:13)
at test.Loginpagetest.launchUrl(Loginpagetest.java:13)
at test.Loginpagetest.launchUrl(Loginpagetest.java:13)
at test.Loginpagetest.launchUrl(Loginpagetest.java:13)
at test.Loginpagetest.launchUrl(Loginpagetest.java:13)
at test.Loginpagetest.launchUrl(Loginpagetest.java:13)
at test.Loginpagetest.launchUrl(Loginpagetest.java:13)
at test.Loginpagetest.launchUrl(Loginpagetest.java:13)
at test.Loginpagetest.launchUrl(Loginpagetest.java:13)
at test.Loginpagetest.launchUrl(Loginpagetest.java:13)
at test.Loginpagetest.launchUrl(Loginpagetest.java:13)
at test.Loginpagetest.launchUrl(Loginpagetest.java:13)
at test.Loginpagetest.launchUrl(Loginpagetest.java:13)
at test.Loginpagetest.launchUrl(Loginpagetest.java:13)
at test.Loginpagetest.launchUrl(Loginpagetest.java:13)
at test.Loginpagetest.launchUrl(Loginpagetest.java:13)
at test.Loginpagetest.launchUrl(Loginpagetest.java:13)
at test.Loginpagetest.launchUrl(Loginpagetest.java:13)
at test.Loginpagetest.launchUrl(Loginpagetest.java:13)
at test.Loginpagetest.launchUrl(Loginpagetest.java:13)
at test.Loginpagetest.launchUrl(Loginpagetest.java:13)
at test.Loginpagetest.launchUrl(Loginpagetest.java:13)
at test.Loginpagetest.launchUrl(Loginpagetest.java:13)
at test.Loginpagetest.launchUrl(Loginpagetest.java:13)
at test.Loginpagetest.launchUrl(Loginpagetest.java:13)
at test.Loginpagetest.launchUrl(Loginpagetest.java:13)
at test.Loginpagetest.launchUrl(Loginpagetest.java:13)
at test.Loginpagetest.launchUrl(Loginpagetest.java:13)
at test.Loginpagetest.launchUrl(Loginpagetest.java:13)
at test.Loginpagetest.launchUrl(Loginpagetest.java:13)
at test.Loginpagetest.launchUrl(Loginpagetest.java:13)
at test.Loginpagetest.launchUrl(Loginpagetest.java:13)
at test.Loginpagetest.launchUrl(Loginpagetest.java:13)
at test.Loginpagetest.launchUrl(Loginpagetest.java:13)
at test.Loginpagetest.launchUrl(Loginpagetest.java:13)
at test.Loginpagetest.launchUrl(Loginpagetest.java:13)
at test.Loginpagetest.launchUrl(Loginpagetest.java:13)
at test.Loginpagetest.launchUrl(Loginpagetest.java:13)
at test.Loginpagetest.launchUrl(Loginpagetest.java:13)
at test.Loginpagetest.launchUrl(Loginpagetest.java:13)
at test.Loginpagetest.launchUrl(Loginpagetest.java:13)
at test.Loginpagetest.launchUrl(Loginpagetest.java:13)
at test.Loginpagetest.launchUrl(Loginpagetest.java:13)
at test.Loginpagetest.launchUrl(Loginpagetest.java:13)
at test.Loginpagetest.launchUrl(Loginpagetest.java:13)
at test.Loginpagetest.launchUrl(Loginpagetest.java:13)
at test.Loginpagetest.launchUrl(Loginpagetest.java:13)
at test.Loginpagetest.launchUrl(Loginpagetest.java:13)
at test.Loginpagetest.launchUrl(Loginpagetest.java:13)
at test.Loginpagetest.launchUrl(Loginpagetest.java:13)
at test.Loginpagetest.launchUrl(Loginpagetest.java:13)
at test.Loginpagetest.launchUrl(Loginpagetest.java:13)
at test.Loginpagetest.launchUrl(Loginpagetest.java:13)
at test.Loginpagetest.launchUrl(Loginpagetest.java:13)
at test.Loginpagetest.launchUrl(Loginpagetest.java:13)
at test.Loginpagetest.launchUrl(Loginpagetest.java:13)
at test.Loginpagetest.launchUrl(Loginpagetest.java:13)
at test.Loginpagetest.launchUrl(Loginpagetest.java:13)
at test.Loginpagetest.launchUrl(Loginpagetest.java:13)
at test.Loginpagetest.launchUrl(Loginpagetest.java:13)
at test.Loginpagetest.launchUrl(Loginpagetest.java:13)
at test.Loginpagetest.launchUrl(Loginpagetest.java:13)
at test.Loginpagetest.launchUrl(Loginpagetest.java:13)
at test.Loginpagetest.launchUrl(Loginpagetest.java:13)
at test.Loginpagetest.launchUrl(Loginpagetest.java:13)
at test.Loginpagetest.launchUrl(Loginpagetest.java:13)
at test.Loginpagetest.launchUrl(Loginpagetest.java:13)
at test.Loginpagetest.launchUrl(Loginpagetest.java:13)
at test.Loginpagetest.launchUrl(Loginpagetest.java:13)
at test.Loginpagetest.launchUrl(Loginpagetest.java:13)
at test.Loginpagetest.launchUrl(Loginpagetest.java:13)
at test.Loginpagetest.launchUrl(Loginpagetest.java:13)
at test.Loginpagetest.launchUrl(Loginpagetest.java:13)
at test.Loginpagetest.launchUrl(Loginpagetest.java:13)
at test.Loginpagetest.launchUrl(Loginpagetest.java:13)
at test.Loginpagetest.launchUrl(Loginpagetest.java:13)
at test.Loginpagetest.launchUrl(Loginpagetest.java:13)
at test.Loginpagetest.launchUrl(Loginpagetest.java:13)
at test.Loginpagetest.launchUrl(Loginpagetest.java:13)
at test.Loginpagetest.launchUrl(Loginpagetest.java:13)
at test.Loginpagetest.launchUrl(Loginpagetest.java:13)
at test.Loginpagetest.launchUrl(Loginpagetest.java:13)
at test.Loginpagetest.launchUrl(Loginpagetest.java:13)
at test.Loginpagetest.launchUrl(Loginpagetest.java:13)
at test.Loginpagetest.launchUrl(Loginpagetest.java:13)
at test.Loginpagetest.launchUrl(Loginpagetest.java:13)
at test.Loginpagetest.launchUrl(Loginpagetest.java:13)
at test.Loginpagetest.launchUrl(Loginpagetest.java:13)
at test.Loginpagetest.launchUrl(Loginpagetest.java:13)
at test.Loginpagetest.launchUrl(Loginpagetest.java:13)
at test.Loginpagetest.launchUrl(Loginpagetest.java:13)
at test.Loginpagetest.launchUrl(Loginpagetest.java:13)
at test.Loginpagetest.launchUrl(Loginpagetest.java:13)
at test.Loginpagetest.launchUrl(Loginpagetest.java:13)
at test.Loginpagetest.launchUrl(Loginpagetest.java:13)
at test.Loginpagetest.launchUrl(Loginpagetest.java:13)
at test.Loginpagetest.launchUrl(Loginpagetest.java:13)
at test.Loginpagetest.launchUrl(Loginpagetest.java:13)
at test.Loginpagetest.launchUrl(Loginpagetest.java:13)
at test.Loginpagetest.launchUrl(Loginpagetest.java:13)
at test.Loginpagetest.launchUrl(Loginpagetest.java:13)
at test.Loginpagetest.launchUrl(Loginpagetest.java:13)
at test.Loginpagetest.launchUrl(Loginpagetest.java:13)
at test.Loginpagetest.launchUrl(Loginpagetest.java:13)
at test.Loginpagetest.launchUrl(Loginpagetest.java:13)
at test.Loginpagetest.launchUrl(Loginpagetest.java:13)
at test.Loginpagetest.launchUrl(Loginpagetest.java:13)
at test.Loginpagetest.launchUrl(Loginpagetest.java:13)
at test.Loginpagetest.launchUrl(Loginpagetest.java:13)
at test.Loginpagetest.launchUrl(Loginpagetest.java:13)
at test.Loginpagetest.launchUrl(Loginpagetest.java:13)
at test.Loginpagetest.launchUrl(Loginpagetest.java:13)
at test.Loginpagetest.launchUrl(Loginpagetest.java:13)
at test.Loginpagetest.launchUrl(Loginpagetest.java:13)
at test.Loginpagetest.launchUrl(Loginpagetest.java:13)
at test.Loginpagetest.launchUrl(Loginpagetest.java:13)
at test.Loginpagetest.launchUrl(Loginpagetest.java:13)
at test.Loginpagetest.launchUrl(Loginpagetest.java:13)
at test.Loginpagetest.launchUrl(Loginpagetest.java:13)
at test.Loginpagetest.launchUrl(Loginpagetest.java:13)
at test.Loginpagetest.launchUrl(Loginpagetest.java:13)
at test.Loginpagetest.launchUrl(Loginpagetest.java:13)
at test.Loginpagetest.launchUrl(Loginpagetest.java:13)
at test.Loginpagetest.launchUrl(Loginpagetest.java:13)
at test.Loginpagetest.launchUrl(Loginpagetest.java:13)
at test.Loginpagetest.launchUrl(Loginpagetest.java:13)
at test.Loginpagetest.launchUrl(Loginpagetest.java:13)
at test.Loginpagetest.launchUrl(Loginpagetest.java:13)
at test.Loginpagetest.launchUrl(Loginpagetest.java:13)
at test.Loginpagetest.launchUrl(Loginpagetest.java:13)
at test.Loginpagetest.launchUrl(Loginpagetest.java:13)
at test.Loginpagetest.launchUrl(Loginpagetest.java:13)
at test.Loginpagetest.launchUrl(Loginpagetest.java:13)
at test.Loginpagetest.launchUrl(Loginpagetest.java:13)
at test.Loginpagetest.launchUrl(Loginpagetest.java:13)
at test.Loginpagetest.launchUrl(Loginpagetest.java:13)
at test.Loginpagetest.launchUrl(Loginpagetest.java:13)
at test.Loginpagetest.launchUrl(Loginpagetest.java:13)
at test.Loginpagetest.launchUrl(Loginpagetest.java:13)
at test.Loginpagetest.launchUrl(Loginpagetest.java:13)
at test.Loginpagetest.launchUrl(Loginpagetest.java:13)
at test.Loginpagetest.launchUrl(Loginpagetest.java:13)
at test.Loginpagetest.launchUrl(Loginpagetest.java:13)
at test.Loginpagetest.launchUrl(Loginpagetest.java:13)
at test.Loginpagetest.launchUrl(Loginpagetest.java:13)
at test.Loginpagetest.launchUrl(Loginpagetest.java:13)
at test.Loginpagetest.launchUrl(Loginpagetest.java:13)
at test.Loginpagetest.launchUrl(Loginpagetest.java:13)
at test.Loginpagetest.launchUrl(Loginpagetest.java:13)
at test.Loginpagetest.launchUrl(Loginpagetest.java:13)
at test.Loginpagetest.launchUrl(Loginpagetest.java:13)
at test.Loginpagetest.launchUrl(Loginpagetest.java:13)
at test.Loginpagetest.launchUrl(Loginpagetest.java:13)
at test.Loginpagetest.launchUrl(Loginpagetest.java:13)
at test.Loginpagetest.launchUrl(Loginpagetest.java:13)
at test.Loginpagetest.launchUrl(Loginpagetest.java:13)
at test.Loginpagetest.launchUrl(Loginpagetest.java:13)
at test.Loginpagetest.launchUrl(Loginpagetest.java:13)
at test.Loginpagetest.launchUrl(Loginpagetest.java:13)
at test.Loginpagetest.launchUrl(Loginpagetest.java:13)
at test.Loginpagetest.launchUrl(Loginpagetest.java:13)
at test.Loginpagetest.launchUrl(Loginpagetest.java:13)
at test.Loginpagetest.launchUrl(Loginpagetest.java:13)
at test.Loginpagetest.launchUrl(Loginpagetest.java:13)
at test.Loginpagetest.launchUrl(Loginpagetest.java:13)
at test.Loginpagetest.launchUrl(Loginpagetest.java:13)
at test.Loginpagetest.launchUrl(Loginpagetest.java:13)
at test.Loginpagetest.launchUrl(Loginpagetest.java:13)
at test.Loginpagetest.launchUrl(Loginpagetest.java:13)
at test.Loginpagetest.launchUrl(Loginpagetest.java:13)
at test.Loginpagetest.launchUrl(Loginpagetest.java:13)
at test.Loginpagetest.launchUrl(Loginpagetest.java:13)
at test.Loginpagetest.launchUrl(Loginpagetest.java:13)
at test.Loginpagetest.launchUrl(Loginpagetest.java:13)
at test.Loginpagetest.launchUrl(Loginpagetest.java:13)
at test.Loginpagetest.launchUrl(Loginpagetest.java:13)
at test.Loginpagetest.launchUrl(Loginpagetest.java:13)
at test.Loginpagetest.launchUrl(Loginpagetest.java:13)
at test.Loginpagetest.launchUrl(Loginpagetest.java:13)
at test.Loginpagetest.launchUrl(Loginpagetest.java:13)
at test.Loginpagetest.launchUrl(Loginpagetest.java:13)
at test.Loginpagetest.launchUrl(Loginpagetest.java:13)
at test.Loginpagetest.launchUrl(Loginpagetest.java:13)
at test.Loginpagetest.launchUrl(Loginpagetest.java:13)
at test.Loginpagetest.launchUrl(Loginpagetest.java:13)
at test.Loginpagetest.launchUrl(Loginpagetest.java:13)
at test.Loginpagetest.launchUrl(Loginpagetest.java:13)
at test.Loginpagetest.launchUrl(Loginpagetest.java:13)
at test.Loginpagetest.launchUrl(Loginpagetest.java:13)
at test.Loginpagetest.launchUrl(Loginpagetest.java:13)
at test.Loginpagetest.launchUrl(Loginpagetest.java:13)
at test.Loginpagetest.launchUrl(Loginpagetest.java:13)
at test.Loginpagetest.launchUrl(Loginpagetest.java:13)
at test.Loginpagetest.launchUrl(Loginpagetest.java:13)
at test.Loginpagetest.launchUrl(Loginpagetest.java:13)
at test.Loginpagetest.launchUrl(Loginpagetest.java:13)
at test.Loginpagetest.launchUrl(Loginpagetest.java:13)
at test.Loginpagetest.launchUrl(Loginpagetest.java:13)
at test.Loginpagetest.launchUrl(Loginpagetest.java:13)
at test.Loginpagetest.launchUrl(Loginpagetest.java:13)
at test.Loginpagetest.launchUrl(Loginpagetest.java:13)
at test.Loginpagetest.launchUrl(Loginpagetest.java:13)
at test.Loginpagetest.launchUrl(Loginpagetest.java:13)
at test.Loginpagetest.launchUrl(Loginpagetest.java:13)
at test.Loginpagetest.launchUrl(Loginpagetest.java:13)
at test.Loginpagetest.launchUrl(Loginpagetest.java:13)
at test.Loginpagetest.launchUrl(Loginpagetest.java:13)
at test.Loginpagetest.launchUrl(Loginpagetest.java:13)
at test.Loginpagetest.launchUrl(Loginpagetest.java:13)
at test.Loginpagetest.launchUrl(Loginpagetest.java:13)
at test.Loginpagetest.launchUrl(Loginpagetest.java:13)
at test.Loginpagetest.launchUrl(Loginpagetest.java:13)
at test.Loginpagetest.launchUrl(Loginpagetest.java:13)
at test.Loginpagetest.launchUrl(Loginpagetest.java:13)
at test.Loginpagetest.launchUrl(Loginpagetest.java:13)
at test.Loginpagetest.launchUrl(Loginpagetest.java:13)
at test.Loginpagetest.launchUrl(Loginpagetest.java:13)
at test.Loginpagetest.launchUrl(Loginpagetest.java:13)
at test.Loginpagetest.launchUrl(Loginpagetest.java:13)
at test.Loginpagetest.launchUrl(Loginpagetest.java:13)
at test.Loginpagetest.launchUrl(Loginpagetest.java:13)
at test.Loginpagetest.launchUrl(Loginpagetest.java:13)
at test.Loginpagetest.launchUrl(Loginpagetest.java:13)
at test.Loginpagetest.launchUrl(Loginpagetest.java:13)
at test.Loginpagetest.launchUrl(Loginpagetest.java:13)
at test.Loginpagetest.launchUrl(Loginpagetest.java:13)
at test.Loginpagetest.launchUrl(Loginpagetest.java:13)
at test.Loginpagetest.launchUrl(Loginpagetest.java:13)
at test.Loginpagetest.launchUrl(Loginpagetest.java:13)
at test.Loginpagetest.launchUrl(Loginpagetest.java:13)
at test.Loginpagetest.launchUrl(Loginpagetest.java:13)
at test.Loginpagetest.launchUrl(Loginpagetest.java:13)
at test.Loginpagetest.launchUrl(Loginpagetest.java:13)
at test.Loginpagetest.launchUrl(Loginpagetest.java:13)
at test.Loginpagetest.launchUrl(Loginpagetest.java:13)
at test.Loginpagetest.launchUrl(Loginpagetest.java:13)
at test.Loginpagetest.launchUrl(Loginpagetest.java:13)
at test.Loginpagetest.launchUrl(Loginpagetest.java:13)
at test.Loginpagetest.launchUrl(Loginpagetest.java:13)
at test.Loginpagetest.launchUrl(Loginpagetest.java:13)
at test.Loginpagetest.launchUrl(Loginpagetest.java:13)
at test.Loginpagetest.launchUrl(Loginpagetest.java:13)
at test.Loginpagetest.launchUrl(Loginpagetest.java:13)
at test.Loginpagetest.launchUrl(Loginpagetest.java:13)
at test.Loginpagetest.launchUrl(Loginpagetest.java:13)
at test.Loginpagetest.launchUrl(Loginpagetest.java:13)
at test.Loginpagetest.launchUrl(Loginpagetest.java:13)
at test.Loginpagetest.launchUrl(Loginpagetest.java:13)
at test.Loginpagetest.launchUrl(Loginpagetest.java:13)
at test.Loginpagetest.launchUrl(Loginpagetest.java:13)
at test.Loginpagetest.launchUrl(Loginpagetest.java:13)
at test.Loginpagetest.launchUrl(Loginpagetest.java:13)
at test.Loginpagetest.launchUrl(Loginpagetest.java:13)
at test.Loginpagetest.launchUrl(Loginpagetest.java:13)
at test.Loginpagetest.launchUrl(Loginpagetest.java:13)
at test.Loginpagetest.launchUrl(Loginpagetest.java:13)
at test.Loginpagetest.launchUrl(Loginpagetest.java:13)
at test.Loginpagetest.launchUrl(Loginpagetest.java:13)
at test.Loginpagetest.launchUrl(Loginpagetest.java:13)
at test.Loginpagetest.launchUrl(Loginpagetest.java:13)
at test.Loginpagetest.launchUrl(Loginpagetest.java:13)
at test.Loginpagetest.launchUrl(Loginpagetest.java:13)
at test.Loginpagetest.launchUrl(Loginpagetest.java:13)
at test.Loginpagetest.launchUrl(Loginpagetest.java:13)
at test.Loginpagetest.launchUrl(Loginpagetest.java:13)
at test.Loginpagetest.launchUrl(Loginpagetest.java:13)
at test.Loginpagetest.launchUrl(Loginpagetest.java:13)
at test.Loginpagetest.launchUrl(Loginpagetest.java:13)
at test.Loginpagetest.launchUrl(Loginpagetest.java:13)
at test.Loginpagetest.launchUrl(Loginpagetest.java:13)
at test.Loginpagetest.launchUrl(Loginpagetest.java:13)
at test.Loginpagetest.launchUrl(Loginpagetest.java:13)
at test.Loginpagetest.launchUrl(Loginpagetest.java:13)
at test.Loginpagetest.launchUrl(Loginpagetest.java:13)
at test.Loginpagetest.launchUrl(Loginpagetest.java:13)
at test.Loginpagetest.launchUrl(Loginpagetest.java:13)
at test.Loginpagetest.launchUrl(Loginpagetest.java:13)
at test.Loginpagetest.launchUrl(Loginpagetest.java:13)
at test.Loginpagetest.launchUrl(Loginpagetest.java:13)
at test.Loginpagetest.launchUrl(Loginpagetest.java:13)
at test.Loginpagetest.launchUrl(Loginpagetest.java:13)
at test.Loginpagetest.launchUrl(Loginpagetest.java:13)
at test.Loginpagetest.launchUrl(Loginpagetest.java:13)
at test.Loginpagetest.launchUrl(Loginpagetest.java:13)
at test.Loginpagetest.launchUrl(Loginpagetest.java:13)
at test.Loginpagetest.launchUrl(Loginpagetest.java:13)
at test.Loginpagetest.launchUrl(Loginpagetest.java:13)
at test.Loginpagetest.launchUrl(Loginpagetest.java:13)
at test.Loginpagetest.launchUrl(Loginpagetest.java:13)
at test.Loginpagetest.launchUrl(Loginpagetest.java:13)
at test.Loginpagetest.launchUrl(Loginpagetest.java:13)
at test.Loginpagetest.launchUrl(Loginpagetest.java:13)
at test.Loginpagetest.launchUrl(Loginpagetest.java:13)
at test.Loginpagetest.launchUrl(Loginpagetest.java:13)
at test.Loginpagetest.launchUrl(Loginpagetest.java:13)
at test.Loginpagetest.launchUrl(Loginpagetest.java:13)
at test.Loginpagetest.launchUrl(Loginpagetest.java:13)
at test.Loginpagetest.launchUrl(Loginpagetest.java:13)
at test.Loginpagetest.launchUrl(Loginpagetest.java:13)
at test.Loginpagetest.launchUrl(Loginpagetest.java:13)
at test.Loginpagetest.launchUrl(Loginpagetest.java:13)
at test.Loginpagetest.launchUrl(Loginpagetest.java:13)
at test.Loginpagetest.launchUrl(Loginpagetest.java:13)
at test.Loginpagetest.launchUrl(Loginpagetest.java:13)
at test.Loginpagetest.launchUrl(Loginpagetest.java:13)
at test.Loginpagetest.launchUrl(Loginpagetest.java:13)
at test.Loginpagetest.launchUrl(Loginpagetest.java:13)
at test.Loginpagetest.launchUrl(Loginpagetest.java:13)
at test.Loginpagetest.launchUrl(Loginpagetest.java:13)
at test.Loginpagetest.launchUrl(Loginpagetest.java:13)
at test.Loginpagetest.launchUrl(Loginpagetest.java:13)
at test.Loginpagetest.launchUrl(Loginpagetest.java:13)
at test.Loginpagetest.launchUrl(Loginpagetest.java:13)
at test.Loginpagetest.launchUrl(Loginpagetest.java:13)
at test.Loginpagetest.launchUrl(Loginpagetest.java:13)
at test.Loginpagetest.launchUrl(Loginpagetest.java:13)
at test.Loginpagetest.launchUrl(Loginpagetest.java:13)
at test.Loginpagetest.launchUrl(Loginpagetest.java:13)
at test.Loginpagetest.launchUrl(Loginpagetest.java:13)
at test.Loginpagetest.launchUrl(Loginpagetest.java:13)
at test.Loginpagetest.launchUrl(Loginpagetest.java:13)
at test.Loginpagetest.launchUrl(Loginpagetest.java:13)
at test.Loginpagetest.launchUrl(Loginpagetest.java:13)
at test.Loginpagetest.launchUrl(Loginpagetest.java:13)
at test.Loginpagetest.launchUrl(Loginpagetest.java:13)
at test.Loginpagetest.launchUrl(Loginpagetest.java:13)
at test.Loginpagetest.launchUrl(Loginpagetest.java:13)
at test.Loginpagetest.launchUrl(Loginpagetest.java:13)
at test.Loginpagetest.launchUrl(Loginpagetest.java:13)
at test.Loginpagetest.launchUrl(Loginpagetest.java:13)
at test.Loginpagetest.launchUrl(Loginpagetest.java:13)
at test.Loginpagetest.launchUrl(Loginpagetest.java:13)
at test.Loginpagetest.launchUrl(Loginpagetest.java:13)
at test.Loginpagetest.launchUrl(Loginpagetest.java:13)
at test.Loginpagetest.launchUrl(Loginpagetest.java:13)
at test.Loginpagetest.launchUrl(Loginpagetest.java:13)
at test.Loginpagetest.launchUrl(Loginpagetest.java:13)
at test.Loginpagetest.launchUrl(Loginpagetest.java:13)
at test.Loginpagetest.launchUrl(Loginpagetest.java:13)
at test.Loginpagetest.launchUrl(Loginpagetest.java:13)
at test.Loginpagetest.launchUrl(Loginpagetest.java:13)
at test.Loginpagetest.launchUrl(Loginpagetest.java:13)
at test.Loginpagetest.launchUrl(Loginpagetest.java:13)
at test.Loginpagetest.launchUrl(Loginpagetest.java:13)
at test.Loginpagetest.launchUrl(Loginpagetest.java:13)
at test.Loginpagetest.launchUrl(Loginpagetest.java:13)
at test.Loginpagetest.launchUrl(Loginpagetest.java:13)
at test.Loginpagetest.launchUrl(Loginpagetest.java:13)
at test.Loginpagetest.launchUrl(Loginpagetest.java:13)
at test.Loginpagetest.launchUrl(Loginpagetest.java:13)
at test.Loginpagetest.launchUrl(Loginpagetest.java:13)
at test.Loginpagetest.launchUrl(Loginpagetest.java:13)
at test.Loginpagetest.launchUrl(Loginpagetest.java:13)
at test.Loginpagetest.launchUrl(Loginpagetest.java:13)
at test.Loginpagetest.launchUrl(Loginpagetest.java:13)
at test.Loginpagetest.launchUrl(Loginpagetest.java:13)
at test.Loginpagetest.launchUrl(Loginpagetest.java:13)
at test.Loginpagetest.launchUrl(Loginpagetest.java:13)
at test.Loginpagetest.launchUrl(Loginpagetest.java:13)
at test.Loginpagetest.launchUrl(Loginpagetest.java:13)
at test.Loginpagetest.launchUrl(Loginpagetest.java:13)
at test.Loginpagetest.launchUrl(Loginpagetest.java:13)
at test.Loginpagetest.launchUrl(Loginpagetest.java:13)
at test.Loginpagetest.launchUrl(Loginpagetest.java:13)
at test.Loginpagetest.launchUrl(Loginpagetest.java:13)
at test.Loginpagetest.launchUrl(Loginpagetest.java:13)
at test.Loginpagetest.launchUrl(Loginpagetest.java:13)
at test.Loginpagetest.launchUrl(Loginpagetest.java:13)
at test.Loginpagetest.launchUrl(Loginpagetest.java:13)
at test.Loginpagetest.launchUrl(Loginpagetest.java:13)
at test.Loginpagetest.launchUrl(Loginpagetest.java:13)
at test.Loginpagetest.launchUrl(Loginpagetest.java:13)
at test.Loginpagetest.launchUrl(Loginpagetest.java:13)
at test.Loginpagetest.launchUrl(Loginpagetest.java:13)
at test.Loginpagetest.launchUrl(Loginpagetest.java:13)
at test.Loginpagetest.launchUrl(Loginpagetest.java:13)
at test.Loginpagetest.launchUrl(Loginpagetest.java:13)
at test.Loginpagetest.launchUrl(Loginpagetest.java:13)
at test.Loginpagetest.launchUrl(Loginpagetest.java:13)
at test.Loginpagetest.launchUrl(Loginpagetest.java:13)
at test.Loginpagetest.launchUrl(Loginpagetest.java:13)
at test.Loginpagetest.launchUrl(Loginpagetest.java:13)
at test.Loginpagetest.launchUrl(Loginpagetest.java:13)
at test.Loginpagetest.launchUrl(Loginpagetest.java:13)
at test.Loginpagetest.launchUrl(Loginpagetest.java:13)
at test.Loginpagetest.launchUrl(Loginpagetest.java:13)
at test.Loginpagetest.launchUrl(Loginpagetest.java:13)
at test.Loginpagetest.launchUrl(Loginpagetest.java:13)
at test.Loginpagetest.launchUrl(Loginpagetest.java:13)
at test.Loginpagetest.launchUrl(Loginpagetest.java:13)
at test.Loginpagetest.launchUrl(Loginpagetest.java:13)
at test.Loginpagetest.launchUrl(Loginpagetest.java:13)
at test.Loginpagetest.launchUrl(Loginpagetest.java:13)
at test.Loginpagetest.launchUrl(Loginpagetest.java:13)
at test.Loginpagetest.launchUrl(Loginpagetest.java:13)
at test.Loginpagetest.launchUrl(Loginpagetest.java:13)
at test.Loginpagetest.launchUrl(Loginpagetest.java:13)
at test.Loginpagetest.launchUrl(Loginpagetest.java:13)
at test.Loginpagetest.launchUrl(Loginpagetest.java:13)
at test.Loginpagetest.launchUrl(Loginpagetest.java:13)
at test.Loginpagetest.launchUrl(Loginpagetest.java:13)
at test.Loginpagetest.launchUrl(Loginpagetest.java:13)
at test.Loginpagetest.launchUrl(Loginpagetest.java:13)
at test.Loginpagetest.launchUrl(Loginpagetest.java:13)
at test.Loginpagetest.launchUrl(Loginpagetest.java:13)
at test.Loginpagetest.launchUrl(Loginpagetest.java:13)
at test.Loginpagetest.launchUrl(Loginpagetest.java:13)
at test.Loginpagetest.launchUrl(Loginpagetest.java:13)
at test.Loginpagetest.launchUrl(Loginpagetest.java:13)
at test.Loginpagetest.launchUrl(Loginpagetest.java:13)
at test.Loginpagetest.launchUrl(Loginpagetest.java:13)
at test.Loginpagetest.launchUrl(Loginpagetest.java:13)
at test.Loginpagetest.launchUrl(Loginpagetest.java:13)
at test.Loginpagetest.launchUrl(Loginpagetest.java:13)
at test.Loginpagetest.launchUrl(Loginpagetest.java:13)
at test.Loginpagetest.launchUrl(Loginpagetest.java:13)
at test.Loginpagetest.launchUrl(Loginpagetest.java:13)
at test.Loginpagetest.launchUrl(Loginpagetest.java:13)
at test.Loginpagetest.launchUrl(Loginpagetest.java:13)
at test.Loginpagetest.launchUrl(Loginpagetest.java:13)
at test.Loginpagetest.launchUrl(Loginpagetest.java:13)
at test.Loginpagetest.launchUrl(Loginpagetest.java:13)
at test.Loginpagetest.launchUrl(Loginpagetest.java:13)
at test.Loginpagetest.launchUrl(Loginpagetest.java:13)
at test.Loginpagetest.launchUrl(Loginpagetest.java:13)
at test.Loginpagetest.launchUrl(Loginpagetest.java:13)
at test.Loginpagetest.launchUrl(Loginpagetest.java:13)
at test.Loginpagetest.launchUrl(Loginpagetest.java:13)
at test.Loginpagetest.launchUrl(Loginpagetest.java:13)
at test.Loginpagetest.launchUrl(Loginpagetest.java:13)
at test.Loginpagetest.launchUrl(Loginpagetest.java:13)
at test.Loginpagetest.launchUrl(Loginpagetest.java:13)
at test.Loginpagetest.launchUrl(Loginpagetest.java:13)
at test.Loginpagetest.launchUrl(Loginpagetest.java:13)
at test.Loginpagetest.launchUrl(Loginpagetest.java:13)
at test.Loginpagetest.launchUrl(Loginpagetest.java:13)
at test.Loginpagetest.launchUrl(Loginpagetest.java:13)
at test.Loginpagetest.launchUrl(Loginpagetest.java:13)
at test.Loginpagetest.launchUrl(Loginpagetest.java:13)
at test.Loginpagetest.launchUrl(Loginpagetest.java:13)
at test.Loginpagetest.launchUrl(Loginpagetest.java:13)
at test.Loginpagetest.launchUrl(Loginpagetest.java:13)
at test.Loginpagetest.launchUrl(Loginpagetest.java:13)
at test.Loginpagetest.launchUrl(Loginpagetest.java:13)
at test.Loginpagetest.launchUrl(Loginpagetest.java:13)
at test.Loginpagetest.launchUrl(Loginpagetest.java:13)
at test.Loginpagetest.launchUrl(Loginpagetest.java:13)
at test.Loginpagetest.launchUrl(Loginpagetest.java:13)
at test.Loginpagetest.launchUrl(Loginpagetest.java:13)
at test.Loginpagetest.launchUrl(Loginpagetest.java:13)
at test.Loginpagetest.launchUrl(Loginpagetest.java:13)
at test.Loginpagetest.launchUrl(Loginpagetest.java:13)
at test.Loginpagetest.launchUrl(Loginpagetest.java:13)
at test.Loginpagetest.launchUrl(Loginpagetest.java:13)
at test.Loginpagetest.launchUrl(Loginpagetest.java:13)
at test.Loginpagetest.launchUrl(Loginpagetest.java:13)
at test.Loginpagetest.launchUrl(Loginpagetest.java:13)
at test.Loginpagetest.launchUrl(Loginpagetest.java:13)
at test.Loginpagetest.launchUrl(Loginpagetest.java:13)
at test.Loginpagetest.launchUrl(Loginpagetest.java:13)
at test.Loginpagetest.launchUrl(Loginpagetest.java:13)
at test.Loginpagetest.launchUrl(Loginpagetest.java:13)
at test.Loginpagetest.launchUrl(Loginpagetest.java:13)
at test.Loginpagetest.launchUrl(Loginpagetest.java:13)
at test.Loginpagetest.launchUrl(Loginpagetest.java:13)
at test.Loginpagetest.launchUrl(Loginpagetest.java:13)
at test.Loginpagetest.launchUrl(Loginpagetest.java:13)
at test.Loginpagetest.launchUrl(Loginpagetest.java:13)
at test.Loginpagetest.launchUrl(Loginpagetest.java:13)
at test.Loginpagetest.launchUrl(Loginpagetest.java:13)
at test.Loginpagetest.launchUrl(Loginpagetest.java:13)
at test.Loginpagetest.launchUrl(Loginpagetest.java:13)
at test.Loginpagetest.launchUrl(Loginpagetest.java:13)
at test.Loginpagetest.launchUrl(Loginpagetest.java:13)
at test.Loginpagetest.launchUrl(Loginpagetest.java:13)
at test.Loginpagetest.launchUrl(Loginpagetest.java:13)
at test.Loginpagetest.launchUrl(Loginpagetest.java:13)
at test.Loginpagetest.launchUrl(Loginpagetest.java:13)
at test.Loginpagetest.launchUrl(Loginpagetest.java:13)
at test.Loginpagetest.launchUrl(Loginpagetest.java:13)
at test.Loginpagetest.launchUrl(Loginpagetest.java:13)
at test.Loginpagetest.launchUrl(Loginpagetest.java:13)
at test.Loginpagetest.launchUrl(Loginpagetest.java:13)
at test.Loginpagetest.launchUrl(Loginpagetest.java:13)
at test.Loginpagetest.launchUrl(Loginpagetest.java:13)
at test.Loginpagetest.launchUrl(Loginpagetest.java:13)
at test.Loginpagetest.launchUrl(Loginpagetest.java:13)
at test.Loginpagetest.launchUrl(Loginpagetest.java:13)
at test.Loginpagetest.launchUrl(Loginpagetest.java:13)
at test.Loginpagetest.launchUrl(Loginpagetest.java:13)
at test.Loginpagetest.launchUrl(Loginpagetest.java:13)
at test.Loginpagetest.launchUrl(Loginpagetest.java:13)
at test.Loginpagetest.launchUrl(Loginpagetest.java:13)
at test.Loginpagetest.launchUrl(Loginpagetest.java:13)
at test.Loginpagetest.launchUrl(Loginpagetest.java:13)
at test.Loginpagetest.launchUrl(Loginpagetest.java:13)
at test.Loginpagetest.launchUrl(Loginpagetest.java:13)
at test.Loginpagetest.launchUrl(Loginpagetest.java:13)
at test.Loginpagetest.launchUrl(Loginpagetest.java:13)
at test.Loginpagetest.launchUrl(Loginpagetest.java:13)
at test.Loginpagetest.launchUrl(Loginpagetest.java:13)
at test.Loginpagetest.launchUrl(Loginpagetest.java:13)
at test.Loginpagetest.launchUrl(Loginpagetest.java:13)
at test.Loginpagetest.launchUrl(Loginpagetest.java:13)
at test.Loginpagetest.launchUrl(Loginpagetest.java:13)
at test.Loginpagetest.launchUrl(Loginpagetest.java:13)
at test.Loginpagetest.launchUrl(Loginpagetest.java:13)
at test.Loginpagetest.launchUrl(Loginpagetest.java:13)
at test.Loginpagetest.launchUrl(Loginpagetest.java:13)
at test.Loginpagetest.launchUrl(Loginpagetest.java:13)
at test.Loginpagetest.launchUrl(Loginpagetest.java:13)
at test.Loginpagetest.launchUrl(Loginpagetest.java:13)
at test.Loginpagetest.launchUrl(Loginpagetest.java:13)
at test.Loginpagetest.launchUrl(Loginpagetest.java:13)
at test.Loginpagetest.launchUrl(Loginpagetest.java:13)
at test.Loginpagetest.launchUrl(Loginpagetest.java:13)
at test.Loginpagetest.launchUrl(Loginpagetest.java:13)
at test.Loginpagetest.launchUrl(Loginpagetest.java:13)
at test.Loginpagetest.launchUrl(Loginpagetest.java:13)
at test.Loginpagetest.launchUrl(Loginpagetest.java:13)
at test.Loginpagetest.launchUrl(Loginpagetest.java:13)
at test.Loginpagetest.launchUrl(Loginpagetest.java:13)
at test.Loginpagetest.launchUrl(Loginpagetest.java:13)
at test.Loginpagetest.launchUrl(Loginpagetest.java:13)
at test.Loginpagetest.launchUrl(Loginpagetest.java:13)
at test.Loginpagetest.launchUrl(Loginpagetest.java:13)
at test.Loginpagetest.launchUrl(Loginpagetest.java:13)
at test.Loginpagetest.launchUrl(Loginpagetest.java:13)
at test.Loginpagetest.launchUrl(Loginpagetest.java:13)
at test.Loginpagetest.launchUrl(Loginpagetest.java:13)
at test.Loginpagetest.launchUrl(Loginpagetest.java:13)
at test.Loginpagetest.launchUrl(Loginpagetest.java:13)
at test.Loginpagetest.launchUrl(Loginpagetest.java:13)
at test.Loginpagetest.launchUrl(Loginpagetest.java:13)
at test.Loginpagetest.launchUrl(Loginpagetest.java:13)
at test.Loginpagetest.launchUrl(Loginpagetest.java:13)
at test.Loginpagetest.launchUrl(Loginpagetest.java:13)
at test.Loginpagetest.launchUrl(Loginpagetest.java:13)
at test.Loginpagetest.launchUrl(Loginpagetest.java:13)
at test.Loginpagetest.launchUrl(Loginpagetest.java:13)
at test.Loginpagetest.launchUrl(Loginpagetest.java:13)
at test.Loginpagetest.launchUrl(Loginpagetest.java:13)
at test.Loginpagetest.launchUrl(Loginpagetest.java:13)
at test.Loginpagetest.launchUrl(Loginpagetest.java:13)
at test.Loginpagetest.launchUrl(Loginpagetest.java:13)
at test.Loginpagetest.launchUrl(Loginpagetest.java:13)
at test.Loginpagetest.launchUrl(Loginpagetest.java:13)
at test.Loginpagetest.launchUrl(Loginpagetest.java:13)
at test.Loginpagetest.launchUrl(Loginpagetest.java:13)
at test.Loginpagetest.launchUrl(Loginpagetest.java:13)
at test.Loginpagetest.launchUrl(Loginpagetest.java:13)
at test.Loginpagetest.launchUrl(Loginpagetest.java:13)
at test.Loginpagetest.launchUrl(Loginpagetest.java:13)
at test.Loginpagetest.launchUrl(Loginpagetest.java:13)
at test.Loginpagetest.launchUrl(Loginpagetest.java:13)
at test.Loginpagetest.launchUrl(Loginpagetest.java:13)
at test.Loginpagetest.launchUrl(Loginpagetest.java:13)
at test.Loginpagetest.launchUrl(Loginpagetest.java:13)
at test.Loginpagetest.launchUrl(Loginpagetest.java:13)
at test.Loginpagetest.launchUrl(Loginpagetest.java:13)
at test.Loginpagetest.launchUrl(Loginpagetest.java:13)
at test.Loginpagetest.launchUrl(Loginpagetest.java:13)
at test.Loginpagetest.launchUrl(Loginpagetest.java:13)
at test.Loginpagetest.launchUrl(Loginpagetest.java:13)
at test.Loginpagetest.launchUrl(Loginpagetest.java:13)
at test.Loginpagetest.launchUrl(Loginpagetest.java:13)
at test.Loginpagetest.launchUrl(Loginpagetest.java:13)
at test.Loginpagetest.launchUrl(Loginpagetest.java:13)
at test.Loginpagetest.launchUrl(Loginpagetest.java:13)
at test.Loginpagetest.launchUrl(Loginpagetest.java:13)
at test.Loginpagetest.launchUrl(Loginpagetest.java:13)
at test.Loginpagetest.launchUrl(Loginpagetest.java:13)
at test.Loginpagetest.launchUrl(Loginpagetest.java:13)
at test.Loginpagetest.launchUrl(Loginpagetest.java:13)
at test.Loginpagetest.launchUrl(Loginpagetest.java:13)
at test.Loginpagetest.launchUrl(Loginpagetest.java:13)
at test.Loginpagetest.launchUrl(Loginpagetest.java:13)
at test.Loginpagetest.launchUrl(Loginpagetest.java:13)
at test.Loginpagetest.launchUrl(Loginpagetest.java:13)
at test.Loginpagetest.launchUrl(Loginpagetest.java:13)
at test.Loginpagetest.launchUrl(Loginpagetest.java:13)
at test.Loginpagetest.launchUrl(Loginpagetest.java:13)
at test.Loginpagetest.launchUrl(Loginpagetest.java:13)
at test.Loginpagetest.launchUrl(Loginpagetest.java:13)
at test.Loginpagetest.launchUrl(Loginpagetest.java:13)
at test.Loginpagetest.launchUrl(Loginpagetest.java:13)
at test.Loginpagetest.launchUrl(Loginpagetest.java:13)
at test.Loginpagetest.launchUrl(Loginpagetest.java:13)
at test.Loginpagetest.launchUrl(Loginpagetest.java:13)
at test.Loginpagetest.launchUrl(Loginpagetest.java:13)
at test.Loginpagetest.launchUrl(Loginpagetest.java:13)
at test.Loginpagetest.launchUrl(Loginpagetest.java:13)
at test.Loginpagetest.launchUrl(Loginpagetest.java:13)
at test.Loginpagetest.launchUrl(Loginpagetest.java:13)
at test.Loginpagetest.launchUrl(Loginpagetest.java:13)
at test.Loginpagetest.launchUrl(Loginpagetest.java:13)
at test.Loginpagetest.launchUrl(Loginpagetest.java:13)
at test.Loginpagetest.launchUrl(Loginpagetest.java:13)
at test.Loginpagetest.launchUrl(Loginpagetest.java:13)
at test.Loginpagetest.launchUrl(Loginpagetest.java:13)
at test.Loginpagetest.launchUrl(Loginpagetest.java:13)
at test.Loginpagetest.launchUrl(Loginpagetest.java:13)
at test.Loginpagetest.launchUrl(Loginpagetest.java:13)
at test.Loginpagetest.launchUrl(Loginpagetest.java:13)
at test.Loginpagetest.launchUrl(Loginpagetest.java:13)
at test.Loginpagetest.launchUrl(Loginpagetest.java:13)
at test.Loginpagetest.launchUrl(Loginpagetest.java:13)
at test.Loginpagetest.launchUrl(Loginpagetest.java:13)
at test.Loginpagetest.launchUrl(Loginpagetest.java:13)
at test.Loginpagetest.launchUrl(Loginpagetest.java:13)
at test.Loginpagetest.launchUrl(Loginpagetest.java:13)
at test.Loginpagetest.launchUrl(Loginpagetest.java:13)
at test.Loginpagetest.launchUrl(Loginpagetest.java:13)
at test.Loginpagetest.launchUrl(Loginpagetest.java:13)
at test.Loginpagetest.launchUrl(Loginpagetest.java:13)
at test.Loginpagetest.launchUrl(Loginpagetest.java:13)
at test.Loginpagetest.launchUrl(Loginpagetest.java:13)
at test.Loginpagetest.launchUrl(Loginpagetest.java:13)
at test.Loginpagetest.launchUrl(Loginpagetest.java:13)
at test.Loginpagetest.launchUrl(Loginpagetest.java:13)
at test.Loginpagetest.launchUrl(Loginpagetest.java:13)
at test.Loginpagetest.launchUrl(Loginpagetest.java:13)
at test.Loginpagetest.launchUrl(Loginpagetest.java:13)
at test.Loginpagetest.launchUrl(Loginpagetest.java:13)
at test.Loginpagetest.launchUrl(Loginpagetest.java:13)
at test.Loginpagetest.launchUrl(Loginpagetest.java:13)
at test.Loginpagetest.launchUrl(Loginpagetest.java:13)
at test.Loginpagetest.launchUrl(Loginpagetest.java:13)
at test.Loginpagetest.launchUrl(Loginpagetest.java:13)
at test.Loginpagetest.launchUrl(Loginpagetest.java:13)
at test.Loginpagetest.launchUrl(Loginpagetest.java:13)
at test.Loginpagetest.launchUrl(Loginpagetest.java:13)
at test.Loginpagetest.launchUrl(Loginpagetest.java:13)
at test.Loginpagetest.launchUrl(Loginpagetest.java:13)
at test.Loginpagetest.launchUrl(Loginpagetest.java:13)
at test.Loginpagetest.launchUrl(Loginpagetest.java:13)
at test.Loginpagetest.launchUrl(Loginpagetest.java:13)
at test.Loginpagetest.launchUrl(Loginpagetest.java:13)
at test.Loginpagetest.launchUrl(Loginpagetest.java:13)
at test.Loginpagetest.launchUrl(Loginpagetest.java:13)
at test.Loginpagetest.launchUrl(Loginpagetest.java:13)
at test.Loginpagetest.launchUrl(Loginpagetest.java:13)
at test.Loginpagetest.launchUrl(Loginpagetest.java:13)
at test.Loginpagetest.launchUrl(Loginpagetest.java:13)
at test.Loginpagetest.launchUrl(Loginpagetest.java:13)
at test.Loginpagetest.launchUrl(Loginpagetest.java:13)
at test.Loginpagetest.launchUrl(Loginpagetest.java:13)
at test.Loginpagetest.launchUrl(Loginpagetest.java:13)
at test.Loginpagetest.launchUrl(Loginpagetest.java:13)
at test.Loginpagetest.launchUrl(Loginpagetest.java:13)
at test.Loginpagetest.launchUrl(Loginpagetest.java:13)
at test.Loginpagetest.launchUrl(Loginpagetest.java:13)
at test.Loginpagetest.launchUrl(Loginpagetest.java:13)
at test.Loginpagetest.launchUrl(Loginpagetest.java:13)
at test.Loginpagetest.launchUrl(Loginpagetest.java:13)
at test.Loginpagetest.launchUrl(Loginpagetest.java:13)
at test.Loginpagetest.launchUrl(Loginpagetest.java:13)
]]>
    </failure>
  </testcase> <!-- @BeforeTest launchUrl -->
  <testcase classname="baseLibrary.BaseLibrary" name="launchUrl" time="0.0">
    <skipped/>
  </testcase> <!-- launchUrl -->
  <testcase classname="test.Loginpagetest" name="Title" time="0.0">
    <skipped/>
  </testcase> <!-- Title -->
  <testcase classname="test.Loginpagetest" name="getURL" time="0.0">
    <skipped/>
  </testcase> <!-- getURL -->
</testsuite> <!-- Default test -->
