<?xml version="1.0" encoding="UTF-8"?>
<testng-results ignored="0" total="5" passed="5" failed="0" skipped="0">
  <reporter-output>
  </reporter-output>
  <suite started-at="2024-06-24T22:22:03 IST" name="TestingBaba" finished-at="2024-06-24T22:23:02 IST" duration-ms="59219">
    <groups>
    </groups>
    <test started-at="2024-06-24T22:22:03 IST" name="ButtonPage" finished-at="2024-06-24T22:23:02 IST" duration-ms="59219">
      <class name="tests.ButtonsTest">
        <test-method is-config="true" signature="launchuRL(java.lang.String)[pri:0, instance:tests.ButtonsTest@479d31f3]" started-at="2024-06-24T22:22:03 IST" name="launchuRL" finished-at="2024-06-24T22:22:57 IST" duration-ms="54598" status="PASS">
          <params>
            <param index="0">
              <value>
                <![CDATA[chrome]]>
              </value>
            </param>
          </params>
          <reporter-output>
          </reporter-output>
        </test-method> <!-- launchuRL -->
        <test-method signature="clickOnElement()[pri:1, instance:tests.ButtonsTest@479d31f3]" started-at="2024-06-24T22:22:57 IST" name="clickOnElement" finished-at="2024-06-24T22:22:58 IST" duration-ms="286" status="PASS">
          <reporter-output>
          </reporter-output>
        </test-method> <!-- clickOnElement -->
        <test-method is-config="true" signature="getResultanalysis(org.testng.ITestResult)[pri:0, instance:tests.ButtonsTest@479d31f3]" started-at="2024-06-24T22:22:58 IST" name="getResultanalysis" finished-at="2024-06-24T22:22:59 IST" duration-ms="1454" status="PASS">
          <params>
            <param index="0">
              <value>
                <![CDATA[[TestResult name=clickOnElement status=SUCCESS method=ButtonsTest.clickOnElement()[pri:1, instance:tests.ButtonsTest@479d31f3] output={null}]]]>
              </value>
            </param>
          </params>
          <reporter-output>
          </reporter-output>
        </test-method> <!-- getResultanalysis -->
        <test-method signature="clickButton()[pri:2, instance:tests.ButtonsTest@479d31f3]" started-at="2024-06-24T22:22:59 IST" name="clickButton" finished-at="2024-06-24T22:22:59 IST" duration-ms="243" status="PASS">
          <reporter-output>
          </reporter-output>
        </test-method> <!-- clickButton -->
        <test-method is-config="true" signature="getResultanalysis(org.testng.ITestResult)[pri:0, instance:tests.ButtonsTest@479d31f3]" started-at="2024-06-24T22:22:59 IST" name="getResultanalysis" finished-at="2024-06-24T22:23:00 IST" duration-ms="448" status="PASS">
          <params>
            <param index="0">
              <value>
                <![CDATA[[TestResult name=clickButton status=SUCCESS method=ButtonsTest.clickButton()[pri:2, instance:tests.ButtonsTest@479d31f3] output={null}]]]>
              </value>
            </param>
          </params>
          <reporter-output>
          </reporter-output>
        </test-method> <!-- getResultanalysis -->
        <test-method signature="Doubleclick()[pri:3, instance:tests.ButtonsTest@479d31f3]" started-at="2024-06-24T22:23:00 IST" name="Doubleclick" finished-at="2024-06-24T22:23:00 IST" duration-ms="388" status="PASS">
          <reporter-output>
          </reporter-output>
        </test-method> <!-- Doubleclick -->
        <test-method is-config="true" signature="getResultanalysis(org.testng.ITestResult)[pri:0, instance:tests.ButtonsTest@479d31f3]" started-at="2024-06-24T22:23:00 IST" name="getResultanalysis" finished-at="2024-06-24T22:23:01 IST" duration-ms="377" status="PASS">
          <params>
            <param index="0">
              <value>
                <![CDATA[[TestResult name=Doubleclick status=SUCCESS method=ButtonsTest.Doubleclick()[pri:3, instance:tests.ButtonsTest@479d31f3] output={null}]]]>
              </value>
            </param>
          </params>
          <reporter-output>
          </reporter-output>
        </test-method> <!-- getResultanalysis -->
        <test-method signature="Rightclick()[pri:4, instance:tests.ButtonsTest@479d31f3]" started-at="2024-06-24T22:23:01 IST" name="Rightclick" finished-at="2024-06-24T22:23:01 IST" duration-ms="271" status="PASS">
          <reporter-output>
          </reporter-output>
        </test-method> <!-- Rightclick -->
        <test-method is-config="true" signature="getResultanalysis(org.testng.ITestResult)[pri:0, instance:tests.ButtonsTest@479d31f3]" started-at="2024-06-24T22:23:01 IST" name="getResultanalysis" finished-at="2024-06-24T22:23:01 IST" duration-ms="408" status="PASS">
          <params>
            <param index="0">
              <value>
                <![CDATA[[TestResult name=Rightclick status=SUCCESS method=ButtonsTest.Rightclick()[pri:4, instance:tests.ButtonsTest@479d31f3] output={null}]]]>
              </value>
            </param>
          </params>
          <reporter-output>
          </reporter-output>
        </test-method> <!-- getResultanalysis -->
        <test-method signature="clickmeSingle()[pri:5, instance:tests.ButtonsTest@479d31f3]" started-at="2024-06-24T22:23:01 IST" name="clickmeSingle" finished-at="2024-06-24T22:23:02 IST" duration-ms="223" status="PASS">
          <reporter-output>
          </reporter-output>
        </test-method> <!-- clickmeSingle -->
        <test-method is-config="true" signature="getResultanalysis(org.testng.ITestResult)[pri:0, instance:tests.ButtonsTest@479d31f3]" started-at="2024-06-24T22:23:02 IST" name="getResultanalysis" finished-at="2024-06-24T22:23:02 IST" duration-ms="410" status="PASS">
          <params>
            <param index="0">
              <value>
                <![CDATA[[TestResult name=clickmeSingle status=SUCCESS method=ButtonsTest.clickmeSingle()[pri:5, instance:tests.ButtonsTest@479d31f3] output={null}]]]>
              </value>
            </param>
          </params>
          <reporter-output>
          </reporter-output>
        </test-method> <!-- getResultanalysis -->
      </class> <!-- tests.ButtonsTest -->
    </test> <!-- ButtonPage -->
  </suite> <!-- TestingBaba -->
</testng-results>
