<?xml version="1.0" encoding="UTF-8"?>
<!-- Generated by org.testng.reporters.JUnitXMLReporter -->
<testsuite ignored="2" hostname="DESKTOP-2FG08GB" failures="1" tests="8" name="Test" time="85.895" errors="0" timestamp="2024-05-09T13:25:53 IST">
  <testcase classname="tests.TextBoxtest" name="clickOnClose" time="2.272"/>
  <testcase classname="tests.TextBoxtest" name="clickOnpractice" time="5.237"/>
  <testcase classname="tests.TextBoxtest" name="clickOnElement" time="0.25"/>
  <testcase classname="tests.TextBoxtest" name="clickOntext" time="0.238"/>
  <testcase classname="tests.TextBoxtest" name="fillDetails" time="0.039">
    <failure type="java.lang.Error" message="Unresolved compilation problem: 
	Syntax error on token &amp;quot;)&amp;quot;, delete this token
">
      <![CDATA[java.lang.Error: Unresolved compilation problem: 
Syntax error on token ")", delete this token

at pages.TextBoxPage.filldetails(TextBoxPage.java:67)
at tests.TextBoxtest.fillDetails(TextBoxtest.java:45)
at java.base/java.util.ArrayList.forEach(ArrayList.java:1596)
... Removed 25 stack frames]]>
    </failure>
  </testcase> <!-- fillDetails -->
  <testcase classname="tests.TextBoxtest" name="getDEtails" time="1.244"/>
  <testcase classname="tests.LoginTest" name="closeButton" time="0.196"/>
  <testcase classname="tests.LoginTest" name="practiceButton" time="8.347"/>
  <testcase classname="tests.LoginTest" name="getUrl" time="0.0">
    <ignored/>
  </testcase> <!-- getUrl -->
  <testcase classname="tests.LoginTest" name="getTitle" time="0.0">
    <ignored/>
  </testcase> <!-- getTitle -->
</testsuite> <!-- Test -->
